Information,18-12-2024 15:24:34,MsiInstaller,1035,None,Windows Installer reconfigured the product. Product Name: Microsoft Visual C++ 2008 Redistributable - x86 9.0.30729.6161. Product Version: 9.0.30729.6161. Product Language: 1033. Manufacturer: Microsoft Corporation. Reconfiguration success or error status: 0.
Information,18-12-2024 15:24:34,MsiInstaller,1035,None,Windows Installer reconfigured the product. Product Name: SQL Server 2022 DMF. Product Version: 16.0.1000.6. Product Language: 1033. Manufacturer: Microsoft Corporation. Reconfiguration success or error status: 0.
Information,18-12-2024 15:24:34,MsiInstaller,1035,None,Windows Installer reconfigured the product. Product Name: Intel(R) Management Engine Driver. Product Version: 1.0.0.0. Product Language: 1033. Manufacturer: Intel Corporation. Reconfiguration success or error status: 0.
Information,18-12-2024 15:24:34,MsiInstaller,1035,None,Windows Installer reconfigured the product. Product Name: Microsoft Visual C++ 2013 x64 Additional Runtime - 12.0.21005. Product Version: 12.0.21005. Product Language: 1033. Manufacturer: Microsoft Corporation. Reconfiguration success or error status: 0.
Information,18-12-2024 15:24:34,MsiInstaller,1035,None,Windows Installer reconfigured the product. Product Name: Microsoft Help Viewer 2.3. Product Version: 2.3.28307. Product Language: 1033. Manufacturer: Microsoft Corporation. Reconfiguration success or error status: 0.
Information,18-12-2024 15:24:34,MsiInstaller,1035,None,Windows Installer reconfigured the product. Product Name: Browser for SQL Server 2022. Product Version: 16.0.1000.6. Product Language: 1033. Manufacturer: Microsoft Corporation. Reconfiguration success or error status: 0.
Information,18-12-2024 15:24:34,MsiInstaller,1035,None,Windows Installer reconfigured the product. Product Name: Microsoft Analysis Services OLE DB Provider. Product Version: 16.0.5143.0. Product Language: 1033. Manufacturer: Microsoft Corporation. Reconfiguration success or error status: 0.
Information,18-12-2024 15:24:34,MsiInstaller,1033,None,Windows Installer installed the product. Product Name: SQL Server 2022 Database Engine Services. Product Version: 16.0.1000.6. Product Language: 1033. Manufacturer: Microsoft Corporation. Installation success or error status: 0.
Information,18-12-2024 15:24:34,MsiInstaller,1035,None,Windows Installer reconfigured the product. Product Name: Microsoft Integration Runtime. Product Version: 5.48.9076.1. Product Language: 1033. Manufacturer: Microsoft Corporation. Reconfiguration success or error status: 0.
Information,18-12-2024 15:24:34,MsiInstaller,1035,None,Windows Installer reconfigured the product. Product Name: SQL Server 2022 Shared Management Objects Extensions. Product Version: 16.0.1000.6. Product Language: 1033. Manufacturer: Microsoft Corporation. Reconfiguration success or error status: 0.
Information,18-12-2024 15:24:34,MsiInstaller,1035,None,Windows Installer reconfigured the product. Product Name: SQL Server 2022 Common Files. Product Version: 16.0.1000.6. Product Language: 1033. Manufacturer: Microsoft Corporation. Reconfiguration success or error status: 0.
Information,18-12-2024 15:24:34,MsiInstaller,1035,None,Windows Installer reconfigured the product. Product Name: Intel(R) Icls. Product Version: 1.0.0.0. Product Language: 1033. Manufacturer: Intel Corporation. Reconfiguration success or error status: 0.
Information,18-12-2024 15:24:34,MsiInstaller,1035,None,Windows Installer reconfigured the product. Product Name: Microsoft Visual Studio Tools for Applications 2019 x86 Hosting Support. Product Version: 16.0.31110. Product Language: 1033. Manufacturer: Microsoft Corporation. Reconfiguration success or error status: 0.
Information,18-12-2024 15:24:34,MsiInstaller,1035,None,Windows Installer reconfigured the product. Product Name: Microsoft Visual C++ 2022 X64 Additional Runtime - 14.32.31332. Product Version: 14.32.31332. Product Language: 1033. Manufacturer: Microsoft Corporation. Reconfiguration success or error status: 0.
Information,18-12-2024 15:24:34,MsiInstaller,1035,None,Windows Installer reconfigured the product. Product Name: Python 3.12.1 Standard Library (64-bit). Product Version: 3.12.1150.0. Product Language: 1033. Manufacturer: Python Software Foundation. Reconfiguration success or error status: 0.
Information,18-12-2024 15:24:34,MsiInstaller,1035,None,Windows Installer reconfigured the product. Product Name: Python Launcher. Product Version: 3.12.1150.0. Product Language: 1033. Manufacturer: Python Software Foundation. Reconfiguration success or error status: 0.
Information,18-12-2024 15:24:34,MsiInstaller,1035,None,Windows Installer reconfigured the product. Product Name: Python 3.12.1 Core Interpreter (64-bit). Product Version: 3.12.1150.0. Product Language: 1033. Manufacturer: Python Software Foundation. Reconfiguration success or error status: 0.
Information,18-12-2024 15:24:34,MsiInstaller,1035,None,Windows Installer reconfigured the product. Product Name: Dell SupportAssist. Product Version: 3.12.2.40. Product Language: 1033. Manufacturer: Dell Inc.. Reconfiguration success or error status: 0.
Information,18-12-2024 15:24:34,MsiInstaller,1035,None,Windows Installer reconfigured the product. Product Name: Microsoft Visual Studio Tools for Applications 2019 x64 Hosting Support. Product Version: 16.0.31110. Product Language: 1033. Manufacturer: Microsoft Corporation. Reconfiguration success or error status: 0.
Information,18-12-2024 15:24:34,MsiInstaller,1035,None,Windows Installer reconfigured the product. Product Name: SQL Server 2022 Connection Info. Product Version: 16.0.1000.6. Product Language: 1033. Manufacturer: Microsoft Corporation. Reconfiguration success or error status: 0.
Information,18-12-2024 15:24:34,MsiInstaller,1035,None,Windows Installer reconfigured the product. Product Name: Microsoft OLE DB Driver for SQL Server. Product Version: 18.7.4.0. Product Language: 1033. Manufacturer: Microsoft Corporation. Reconfiguration success or error status: 0.
Information,18-12-2024 15:24:34,MsiInstaller,1035,None,Windows Installer reconfigured the product. Product Name: Microsoft Analysis Services OLE DB Provider. Product Version: 16.0.5143.0. Product Language: 1033. Manufacturer: Microsoft Corporation. Reconfiguration success or error status: 0.
Information,18-12-2024 15:24:34,MsiInstaller,1035,None,Windows Installer reconfigured the product. Product Name: SQL Server 2022 Connection Info. Product Version: 16.0.1000.6. Product Language: 1033. Manufacturer: Microsoft Corporation. Reconfiguration success or error status: 0.
Information,18-12-2024 15:24:34,MsiInstaller,1035,None,Windows Installer reconfigured the product. Product Name: Microsoft Visual C++ 2022 X86 Additional Runtime - 14.30.30708. Product Version: 14.30.30708. Product Language: 1033. Manufacturer: Microsoft Corporation. Reconfiguration success or error status: 0.
Information,18-12-2024 15:24:34,MsiInstaller,1035,None,Windows Installer reconfigured the product. Product Name: Python 3.12.1 Tcl/Tk Support (64-bit). Product Version: 3.12.1150.0. Product Language: 1033. Manufacturer: Python Software Foundation. Reconfiguration success or error status: 0.
Information,18-12-2024 15:24:34,MsiInstaller,1035,None,Windows Installer reconfigured the product. Product Name: Python 3.12.1 Documentation (64-bit). Product Version: 3.12.1150.0. Product Language: 1033. Manufacturer: Python Software Foundation. Reconfiguration success or error status: 0.
Information,18-12-2024 15:24:34,MsiInstaller,1035,None,Windows Installer reconfigured the product. Product Name: Microsoft Visual C++ 2013 x86 Additional Runtime - 12.0.21005. Product Version: 12.0.21005. Product Language: 1033. Manufacturer: Microsoft Corporation. Reconfiguration success or error status: 0.
Information,18-12-2024 15:24:34,MsiInstaller,1035,None,Windows Installer reconfigured the product. Product Name: Microsoft Visual C++ 2013 x86 Minimum Runtime - 12.0.21005. Product Version: 12.0.21005. Product Language: 1033. Manufacturer: Microsoft Corporation. Reconfiguration success or error status: 0.
Information,18-12-2024 15:24:34,MsiInstaller,1035,None,Windows Installer reconfigured the product. Product Name: SQL Server 2022 Database Engine Shared. Product Version: 16.0.1000.6. Product Language: 1033. Manufacturer: Microsoft Corporation. Reconfiguration success or error status: 0.
Information,18-12-2024 15:24:34,MsiInstaller,1035,None,Windows Installer reconfigured the product. Product Name: SecureExamBrowser. Product Version: 1.4.7. Product Language: 1033. Manufacturer: Hirepro. Reconfiguration success or error status: 0.
Information,18-12-2024 15:24:34,MsiInstaller,1035,None,Windows Installer reconfigured the product. Product Name: Microsoft VC++ redistributables repacked.. Product Version: 12.0.0.0. Product Language: 1033. Manufacturer: Intel Corporation. Reconfiguration success or error status: 0.
Information,18-12-2024 15:24:34,MsiInstaller,1035,None,Windows Installer reconfigured the product. Product Name: SQL Server 2022 Shared Management Objects. Product Version: 16.0.1000.6. Product Language: 1033. Manufacturer: Microsoft Corporation. Reconfiguration success or error status: 0.
Information,18-12-2024 15:24:33,MsiInstaller,1035,None,Windows Installer reconfigured the product. Product Name: Intel(R) OEM Extension. Product Version: 1.0.0.0. Product Language: 1033. Manufacturer: Intel Corporation. Reconfiguration success or error status: 0.
Information,18-12-2024 15:24:33,MsiInstaller,1035,None,Windows Installer reconfigured the product. Product Name: Intel(R) Management Engine Components. Product Version: 1.0.0.0. Product Language: 1033. Manufacturer: Intel Corporation. Reconfiguration success or error status: 0.
Information,18-12-2024 15:24:33,MsiInstaller,1035,None,Windows Installer reconfigured the product. Product Name: SQL Server 2022 XEvent. Product Version: 16.0.1000.6. Product Language: 1033. Manufacturer: Microsoft Corporation. Reconfiguration success or error status: 0.
Information,18-12-2024 15:24:33,MsiInstaller,1035,None,Windows Installer reconfigured the product. Product Name: Dell Update - SupportAssist Update Plugin. Product Version: 5.1.1.11877. Product Language: 1033. Manufacturer: Dell Inc.. Reconfiguration success or error status: 0.
Information,18-12-2024 15:24:33,MsiInstaller,1035,None,Windows Installer reconfigured the product. Product Name: Windows Subsystem for Linux. Product Version: 2.0.14.0. Product Language: 1033. Manufacturer: Microsoft Corporation. Reconfiguration success or error status: 0.
Information,18-12-2024 15:24:33,MsiInstaller,1035,None,Windows Installer reconfigured the product. Product Name: Intel(R) LMS. Product Version: 1.0.0.0. Product Language: 1033. Manufacturer: Intel Corporation. Reconfiguration success or error status: 0.
Information,18-12-2024 15:24:33,MsiInstaller,1035,None,Windows Installer reconfigured the product. Product Name: Python 3.12.1 Test Suite (64-bit). Product Version: 3.12.1150.0. Product Language: 1033. Manufacturer: Python Software Foundation. Reconfiguration success or error status: 0.
Information,18-12-2024 15:24:33,MsiInstaller,1035,None,Windows Installer reconfigured the product. Product Name: Microsoft Visual C++ 2022 X64 Minimum Runtime - 14.32.31332. Product Version: 14.32.31332. Product Language: 1033. Manufacturer: Microsoft Corporation. Reconfiguration success or error status: 0.
Information,18-12-2024 15:24:33,MsiInstaller,1035,None,Windows Installer reconfigured the product. Product Name: Office 16 Click-to-Run Licensing Component. Product Version: 16.0.18227.20162. Product Language: 0. Manufacturer: Microsoft Corporation. Reconfiguration success or error status: 0.
Information,18-12-2024 15:24:33,MsiInstaller,1035,None,Windows Installer reconfigured the product. Product Name: Office 16 Click-to-Run Localization Component. Product Version: 16.0.12527.20482. Product Language: 1033. Manufacturer: Microsoft Corporation. Reconfiguration success or error status: 0.
Information,18-12-2024 15:24:33,MsiInstaller,1035,None,Windows Installer reconfigured the product. Product Name: Office 16 Click-to-Run Extensibility Component. Product Version: 16.0.18227.20082. Product Language: 0. Manufacturer: Microsoft Corporation. Reconfiguration success or error status: 0.
Information,18-12-2024 15:24:31,MsiInstaller,1035,None,Windows Installer reconfigured the product. Product Name: Dell Mobile Connect Drivers. Product Version: 3.1.9518. Product Language: 1033. Manufacturer: Screenovate Technologies Ltd.. Reconfiguration success or error status: 0.
Information,18-12-2024 15:24:31,MsiInstaller,1035,None,Windows Installer reconfigured the product. Product Name: SSMS Post Install Tasks. Product Version: 20.2.30.0. Product Language: 1033. Manufacturer: Microsoft Corporation. Reconfiguration success or error status: 0.
Information,18-12-2024 15:24:31,MsiInstaller,1035,None,Windows Installer reconfigured the product. Product Name: Integration Services. Product Version: 16.0.5491.7. Product Language: 1033. Manufacturer: Microsoft Corporation. Reconfiguration success or error status: 0.
Information,18-12-2024 15:24:31,MsiInstaller,1035,None,Windows Installer reconfigured the product. Product Name: SQL Server 2022 DMF. Product Version: 16.0.1000.6. Product Language: 1033. Manufacturer: Microsoft Corporation. Reconfiguration success or error status: 0.
Information,18-12-2024 15:24:31,MsiInstaller,1035,None,Windows Installer reconfigured the product. Product Name: Microsoft Update Health Tools. Product Version: 5.72.0.0. Product Language: 0. Manufacturer: Microsoft Corporation. Reconfiguration success or error status: 0.
Information,18-12-2024 15:24:31,MsiInstaller,1035,None,Windows Installer reconfigured the product. Product Name: Python 3.12.1 Development Libraries (64-bit). Product Version: 3.12.1150.0. Product Language: 1033. Manufacturer: Python Software Foundation. Reconfiguration success or error status: 0.
Information,18-12-2024 15:24:31,MsiInstaller,1035,None,Windows Installer reconfigured the product. Product Name: Microsoft Visual C++ 2012 x86 Minimum Runtime - 11.0.61030. Product Version: 11.0.61030. Product Language: 1033. Manufacturer: Microsoft Corporation. Reconfiguration success or error status: 0.
Information,18-12-2024 15:24:31,MsiInstaller,1035,None,Windows Installer reconfigured the product. Product Name: Microsoft VC++ redistributables repacked.. Product Version: 12.0.0.0. Product Language: 1033. Manufacturer: Intel Corporation. Reconfiguration success or error status: 0.
Information,18-12-2024 15:24:31,MsiInstaller,1035,None,Windows Installer reconfigured the product. Product Name: Microsoft Windows Desktop Runtime - 3.1.17 (x64). Product Version: 24.68.30215. Product Language: 1033. Manufacturer: Microsoft Corporation. Reconfiguration success or error status: 0.
Information,18-12-2024 15:24:31,MsiInstaller,1035,None,"Windows Installer reconfigured the product. Product Name: Cloudflare WARP. Product Version: 22.12.582.0. Product Language: 1033. Manufacturer: Cloudflare, Inc.. Reconfiguration success or error status: 0."
Information,18-12-2024 15:24:31,MsiInstaller,1035,None,Windows Installer reconfigured the product. Product Name: Microsoft Visual C++ 2010  x86 Redistributable - 10.0.30319. Product Version: 10.0.30319. Product Language: 0. Manufacturer: Microsoft Corporation. Reconfiguration success or error status: 0.
Information,18-12-2024 15:24:31,MsiInstaller,1035,None,"Windows Installer reconfigured the product. Product Name: Dell Update for Windows 10. Product Version: 3.1.2. Product Language: 1033. Manufacturer: Dell, Inc.. Reconfiguration success or error status: 0."
Information,18-12-2024 15:24:31,MsiInstaller,1035,None,Windows Installer reconfigured the product. Product Name: Microsoft ODBC Driver 17 for SQL Server. Product Version: 17.10.6.1. Product Language: 1033. Manufacturer: Microsoft Corporation. Reconfiguration success or error status: 0.
Information,18-12-2024 15:24:31,MsiInstaller,1035,None,Windows Installer reconfigured the product. Product Name: Python 3.12.1 Executables (64-bit). Product Version: 3.12.1150.0. Product Language: 1033. Manufacturer: Python Software Foundation. Reconfiguration success or error status: 0.
Information,18-12-2024 15:24:31,MsiInstaller,1033,None,Windows Installer installed the product. Product Name: SQL Server 2022 Database Engine Services. Product Version: 16.0.1000.6. Product Language: 1033. Manufacturer: Microsoft Corporation. Installation success or error status: 0.
Information,18-12-2024 15:24:31,MsiInstaller,1035,None,Windows Installer reconfigured the product. Product Name: Microsoft Visual C++ 2012 x64 Minimum Runtime - 11.0.61030. Product Version: 11.0.61030. Product Language: 1033. Manufacturer: Microsoft Corporation. Reconfiguration success or error status: 0.
Information,18-12-2024 15:24:31,MsiInstaller,1035,None,Windows Installer reconfigured the product. Product Name: SQL Server 2022 Common Files. Product Version: 16.0.1000.6. Product Language: 1033. Manufacturer: Microsoft Corporation. Reconfiguration success or error status: 0.
Information,18-12-2024 15:24:31,MsiInstaller,1035,None,Windows Installer reconfigured the product. Product Name: Dynamic Application Loader Host Interface Service. Product Version: 1.0.0.0. Product Language: 1033. Manufacturer: Intel Corporation. Reconfiguration success or error status: 0.
Information,18-12-2024 15:24:31,MsiInstaller,1035,None,Windows Installer reconfigured the product. Product Name: Microsoft Visual C++ 2012 x86 Additional Runtime - 11.0.61030. Product Version: 11.0.61030. Product Language: 1033. Manufacturer: Microsoft Corporation. Reconfiguration success or error status: 0.
Information,18-12-2024 15:24:31,MsiInstaller,1035,None,Windows Installer reconfigured the product. Product Name: Microsoft .NET Runtime - 8.0.8 (x64). Product Version: 64.32.18380. Product Language: 1033. Manufacturer: Microsoft Corporation. Reconfiguration success or error status: 0.
Information,18-12-2024 15:24:31,MsiInstaller,1035,None,Windows Installer reconfigured the product. Product Name: Microsoft SQL Server 2022 Setup (English). Product Version: 16.0.1000.6. Product Language: 1033. Manufacturer: Microsoft Corporation. Reconfiguration success or error status: 0.
Information,18-12-2024 15:24:31,MsiInstaller,1035,None,Windows Installer reconfigured the product. Product Name: Python 3.12.1 pip Bootstrap (64-bit). Product Version: 3.12.1150.0. Product Language: 1033. Manufacturer: Python Software Foundation. Reconfiguration success or error status: 0.
Information,18-12-2024 15:24:30,MsiInstaller,1035,None,Windows Installer reconfigured the product. Product Name: Microsoft .NET Core Host - 3.1.17 (x64). Product Version: 24.68.30215. Product Language: 1033. Manufacturer: Microsoft Corporation. Reconfiguration success or error status: 0.
Information,18-12-2024 15:24:30,MsiInstaller,1035,None,Windows Installer reconfigured the product. Product Name: SQL Server 2022 Shared Management Objects Extensions. Product Version: 16.0.1000.6. Product Language: 1033. Manufacturer: Microsoft Corporation. Reconfiguration success or error status: 0.
Information,18-12-2024 15:24:30,MsiInstaller,1035,None,Windows Installer reconfigured the product. Product Name: SQL Server 2022 Shared Management Objects. Product Version: 16.0.1000.6. Product Language: 1033. Manufacturer: Microsoft Corporation. Reconfiguration success or error status: 0.
Information,18-12-2024 15:24:30,MsiInstaller,1035,None,Windows Installer reconfigured the product. Product Name: SQL Server Management Studio. Product Version: 20.2.30.0. Product Language: 1033. Manufacturer: Microsoft Corp.. Reconfiguration success or error status: 0.
Information,18-12-2024 15:24:30,MsiInstaller,1035,None,Windows Installer reconfigured the product. Product Name: Node.js. Product Version: 20.10.0. Product Language: 1033. Manufacturer: Node.js Foundation. Reconfiguration success or error status: 0.
Information,18-12-2024 15:24:30,MsiInstaller,1035,None,Windows Installer reconfigured the product. Product Name: Microsoft .NET Core Host FX Resolver - 3.1.17 (x64). Product Version: 24.68.30215. Product Language: 1033. Manufacturer: Microsoft Corporation. Reconfiguration success or error status: 0.
Information,18-12-2024 15:24:30,MsiInstaller,1035,None,Windows Installer reconfigured the product. Product Name: Microsoft Visual C++ 2022 X86 Minimum Runtime - 14.30.30708. Product Version: 14.30.30708. Product Language: 1033. Manufacturer: Microsoft Corporation. Reconfiguration success or error status: 0.
Information,18-12-2024 15:24:30,MsiInstaller,1035,None,Windows Installer reconfigured the product. Product Name: Visual Studio 2017 Isolated Shell for SSMS. Product Version: 15.0.28307.421. Product Language: 1033. Manufacturer: Microsoft Corporation. Reconfiguration success or error status: 0.
Information,18-12-2024 15:24:30,MsiInstaller,1035,None,Windows Installer reconfigured the product. Product Name: Microsoft SQL Server 2022 RsFx Driver. Product Version: 16.0.1000.6. Product Language: 1033. Manufacturer: Microsoft Corporation. Reconfiguration success or error status: 0.
Information,18-12-2024 15:24:30,MsiInstaller,1035,None,Windows Installer reconfigured the product. Product Name: Intel(R) Management Engine Components. Product Version: 1.0.0.0. Product Language: 1033. Manufacturer: Intel Corporation. Reconfiguration success or error status: 0.
Information,18-12-2024 15:24:30,MsiInstaller,1035,None,Windows Installer reconfigured the product. Product Name: SQL Server 2022 XEvent. Product Version: 16.0.1000.6. Product Language: 1033. Manufacturer: Microsoft Corporation. Reconfiguration success or error status: 0.
Information,18-12-2024 15:24:30,MsiInstaller,1035,None,Windows Installer reconfigured the product. Product Name: SQL Server 2022 Batch Parser. Product Version: 16.0.1000.6. Product Language: 1033. Manufacturer: Microsoft Corporation. Reconfiguration success or error status: 0.
Information,18-12-2024 15:24:30,MsiInstaller,1035,None,Windows Installer reconfigured the product. Product Name: Microsoft .NET Host - 8.0.8 (x64). Product Version: 64.32.18380. Product Language: 1033. Manufacturer: Microsoft Corporation. Reconfiguration success or error status: 0.
Information,18-12-2024 15:24:30,MsiInstaller,1035,None,Windows Installer reconfigured the product. Product Name: MySQL Server 8.1. Product Version: 8.1.0. Product Language: 1033. Manufacturer: Oracle Corporation. Reconfiguration success or error status: 0.
Information,18-12-2024 15:24:30,MsiInstaller,1035,None,Windows Installer reconfigured the product. Product Name: Dell Power Manager Service. Product Version: 3.6.0. Product Language: 1033. Manufacturer: Dell Inc.. Reconfiguration success or error status: 0.
Information,18-12-2024 15:24:30,MsiInstaller,1035,None,Windows Installer reconfigured the product. Product Name: MySQL Workbench 8.0 CE. Product Version: 8.0.34. Product Language: 1033. Manufacturer: Oracle Corporation. Reconfiguration success or error status: 0.
Information,18-12-2024 15:24:30,MsiInstaller,1035,None,Windows Installer reconfigured the product. Product Name: SQL Server Management Studio Language Pack - English. Product Version: 20.2.30.0. Product Language: 1033. Manufacturer: Microsoft Corp.. Reconfiguration success or error status: 0.
Information,18-12-2024 15:24:30,MsiInstaller,1035,None,Windows Installer reconfigured the product. Product Name: Microsoft .NET Core Runtime - 3.1.17 (x64). Product Version: 24.68.30215. Product Language: 1033. Manufacturer: Microsoft Corporation. Reconfiguration success or error status: 0.
Information,18-12-2024 15:24:30,MsiInstaller,1035,None,Windows Installer reconfigured the product. Product Name: Microsoft VSS Writer for SQL Server 2022. Product Version: 16.0.1000.6. Product Language: 1033. Manufacturer: Microsoft Corporation. Reconfiguration success or error status: 0.
Information,18-12-2024 15:24:30,MsiInstaller,1035,None,Windows Installer reconfigured the product. Product Name: SQL Server 2022 SQL Diagnostics. Product Version: 16.0.1000.6. Product Language: 1033. Manufacturer: Microsoft Corporation. Reconfiguration success or error status: 0.
Information,18-12-2024 15:24:30,MsiInstaller,1035,None,Windows Installer reconfigured the product. Product Name: Microsoft .NET Host FX Resolver - 8.0.8 (x64). Product Version: 64.32.18380. Product Language: 1033. Manufacturer: Microsoft Corporation. Reconfiguration success or error status: 0.
Information,18-12-2024 15:24:30,MsiInstaller,1035,None,Windows Installer reconfigured the product. Product Name: SQL Server 2022 Database Engine Shared. Product Version: 16.0.1000.6. Product Language: 1033. Manufacturer: Microsoft Corporation. Reconfiguration success or error status: 0.
Information,18-12-2024 15:24:30,MsiInstaller,1035,None,Windows Installer reconfigured the product. Product Name: Python 3.12.1 Add to Path (64-bit). Product Version: 3.12.1150.0. Product Language: 1033. Manufacturer: Python Software Foundation. Reconfiguration success or error status: 0.
Information,18-12-2024 15:24:30,MsiInstaller,1035,None,Windows Installer reconfigured the product. Product Name: Microsoft Visual C++ 2012 x64 Additional Runtime - 11.0.61030. Product Version: 11.0.61030. Product Language: 1033. Manufacturer: Microsoft Corporation. Reconfiguration success or error status: 0.
Information,18-12-2024 15:24:30,MsiInstaller,1035,None,Windows Installer reconfigured the product. Product Name: Dell Digital Delivery Services. Product Version: 4.0.52.0. Product Language: 1033. Manufacturer: Dell Inc.. Reconfiguration success or error status: 0.
Information,18-12-2024 15:24:30,MsiInstaller,1035,None,Windows Installer reconfigured the product. Product Name: Dell SupportAssist Remediation. Product Version: 5.1.1.11877. Product Language: 1033. Manufacturer: Dell Inc.. Reconfiguration success or error status: 0.
Information,18-12-2024 15:24:30,MsiInstaller,1035,None,Windows Installer reconfigured the product. Product Name: Microsoft Visual C++ 2013 x64 Minimum Runtime - 12.0.21005. Product Version: 12.0.21005. Product Language: 1033. Manufacturer: Microsoft Corporation. Reconfiguration success or error status: 0.
Information,18-12-2024 15:24:30,MsiInstaller,1035,None,Windows Installer reconfigured the product. Product Name: Microsoft Visual C++ 2008 Redistributable - x86 9.0.30729.6161. Product Version: 9.0.30729.6161. Product Language: 1033. Manufacturer: Microsoft Corporation. Reconfiguration success or error status: 0.
Information,18-12-2024 15:24:30,MsiInstaller,1035,None,Windows Installer reconfigured the product. Product Name: SQL Server 2022 DMF. Product Version: 16.0.1000.6. Product Language: 1033. Manufacturer: Microsoft Corporation. Reconfiguration success or error status: 0.
Information,18-12-2024 15:24:30,MsiInstaller,1035,None,Windows Installer reconfigured the product. Product Name: Intel(R) Management Engine Driver. Product Version: 1.0.0.0. Product Language: 1033. Manufacturer: Intel Corporation. Reconfiguration success or error status: 0.
Information,18-12-2024 15:24:30,MsiInstaller,1035,None,Windows Installer reconfigured the product. Product Name: Microsoft Visual C++ 2013 x64 Additional Runtime - 12.0.21005. Product Version: 12.0.21005. Product Language: 1033. Manufacturer: Microsoft Corporation. Reconfiguration success or error status: 0.
Information,18-12-2024 15:24:30,MsiInstaller,1035,None,Windows Installer reconfigured the product. Product Name: Microsoft Help Viewer 2.3. Product Version: 2.3.28307. Product Language: 1033. Manufacturer: Microsoft Corporation. Reconfiguration success or error status: 0.
Information,18-12-2024 15:24:30,MsiInstaller,1035,None,Windows Installer reconfigured the product. Product Name: Browser for SQL Server 2022. Product Version: 16.0.1000.6. Product Language: 1033. Manufacturer: Microsoft Corporation. Reconfiguration success or error status: 0.
Information,18-12-2024 15:24:30,MsiInstaller,1035,None,Windows Installer reconfigured the product. Product Name: Microsoft Analysis Services OLE DB Provider. Product Version: 16.0.5143.0. Product Language: 1033. Manufacturer: Microsoft Corporation. Reconfiguration success or error status: 0.
Information,18-12-2024 15:24:29,MsiInstaller,1033,None,Windows Installer installed the product. Product Name: SQL Server 2022 Database Engine Services. Product Version: 16.0.1000.6. Product Language: 1033. Manufacturer: Microsoft Corporation. Installation success or error status: 0.
Information,18-12-2024 15:24:29,MsiInstaller,1035,None,Windows Installer reconfigured the product. Product Name: Microsoft Integration Runtime. Product Version: 5.48.9076.1. Product Language: 1033. Manufacturer: Microsoft Corporation. Reconfiguration success or error status: 0.
Information,18-12-2024 15:24:29,MsiInstaller,1035,None,Windows Installer reconfigured the product. Product Name: SQL Server 2022 Shared Management Objects Extensions. Product Version: 16.0.1000.6. Product Language: 1033. Manufacturer: Microsoft Corporation. Reconfiguration success or error status: 0.
Information,18-12-2024 15:24:29,MsiInstaller,1035,None,Windows Installer reconfigured the product. Product Name: SQL Server 2022 Common Files. Product Version: 16.0.1000.6. Product Language: 1033. Manufacturer: Microsoft Corporation. Reconfiguration success or error status: 0.
Information,18-12-2024 15:24:29,MsiInstaller,1035,None,Windows Installer reconfigured the product. Product Name: Intel(R) Icls. Product Version: 1.0.0.0. Product Language: 1033. Manufacturer: Intel Corporation. Reconfiguration success or error status: 0.
Information,18-12-2024 15:24:29,MsiInstaller,1035,None,Windows Installer reconfigured the product. Product Name: Microsoft Visual Studio Tools for Applications 2019 x86 Hosting Support. Product Version: 16.0.31110. Product Language: 1033. Manufacturer: Microsoft Corporation. Reconfiguration success or error status: 0.
Information,18-12-2024 15:24:29,MsiInstaller,1035,None,Windows Installer reconfigured the product. Product Name: Microsoft Visual C++ 2022 X64 Additional Runtime - 14.32.31332. Product Version: 14.32.31332. Product Language: 1033. Manufacturer: Microsoft Corporation. Reconfiguration success or error status: 0.
Information,18-12-2024 15:24:29,MsiInstaller,1035,None,Windows Installer reconfigured the product. Product Name: Python 3.12.1 Standard Library (64-bit). Product Version: 3.12.1150.0. Product Language: 1033. Manufacturer: Python Software Foundation. Reconfiguration success or error status: 0.
Information,18-12-2024 15:24:29,MsiInstaller,1035,None,Windows Installer reconfigured the product. Product Name: Python Launcher. Product Version: 3.12.1150.0. Product Language: 1033. Manufacturer: Python Software Foundation. Reconfiguration success or error status: 0.
Information,18-12-2024 15:24:29,MsiInstaller,1035,None,Windows Installer reconfigured the product. Product Name: Python 3.12.1 Core Interpreter (64-bit). Product Version: 3.12.1150.0. Product Language: 1033. Manufacturer: Python Software Foundation. Reconfiguration success or error status: 0.
Information,18-12-2024 15:24:29,MsiInstaller,1035,None,Windows Installer reconfigured the product. Product Name: Dell SupportAssist. Product Version: 3.12.2.40. Product Language: 1033. Manufacturer: Dell Inc.. Reconfiguration success or error status: 0.
Information,18-12-2024 15:24:29,MsiInstaller,1035,None,Windows Installer reconfigured the product. Product Name: Microsoft Visual Studio Tools for Applications 2019 x64 Hosting Support. Product Version: 16.0.31110. Product Language: 1033. Manufacturer: Microsoft Corporation. Reconfiguration success or error status: 0.
Information,18-12-2024 15:24:29,MsiInstaller,1035,None,Windows Installer reconfigured the product. Product Name: SQL Server 2022 Connection Info. Product Version: 16.0.1000.6. Product Language: 1033. Manufacturer: Microsoft Corporation. Reconfiguration success or error status: 0.
Information,18-12-2024 15:24:29,MsiInstaller,1035,None,Windows Installer reconfigured the product. Product Name: Microsoft OLE DB Driver for SQL Server. Product Version: 18.7.4.0. Product Language: 1033. Manufacturer: Microsoft Corporation. Reconfiguration success or error status: 0.
Information,18-12-2024 15:24:29,MsiInstaller,1035,None,Windows Installer reconfigured the product. Product Name: Microsoft Analysis Services OLE DB Provider. Product Version: 16.0.5143.0. Product Language: 1033. Manufacturer: Microsoft Corporation. Reconfiguration success or error status: 0.
Information,18-12-2024 15:24:29,MsiInstaller,1035,None,Windows Installer reconfigured the product. Product Name: SQL Server 2022 Connection Info. Product Version: 16.0.1000.6. Product Language: 1033. Manufacturer: Microsoft Corporation. Reconfiguration success or error status: 0.
Information,18-12-2024 15:24:29,MsiInstaller,1035,None,Windows Installer reconfigured the product. Product Name: Microsoft Visual C++ 2022 X86 Additional Runtime - 14.30.30708. Product Version: 14.30.30708. Product Language: 1033. Manufacturer: Microsoft Corporation. Reconfiguration success or error status: 0.
Information,18-12-2024 15:24:29,MsiInstaller,1035,None,Windows Installer reconfigured the product. Product Name: Python 3.12.1 Tcl/Tk Support (64-bit). Product Version: 3.12.1150.0. Product Language: 1033. Manufacturer: Python Software Foundation. Reconfiguration success or error status: 0.
Information,18-12-2024 15:24:29,MsiInstaller,1035,None,Windows Installer reconfigured the product. Product Name: Python 3.12.1 Documentation (64-bit). Product Version: 3.12.1150.0. Product Language: 1033. Manufacturer: Python Software Foundation. Reconfiguration success or error status: 0.
Information,18-12-2024 15:24:29,MsiInstaller,1035,None,Windows Installer reconfigured the product. Product Name: Microsoft Visual C++ 2013 x86 Additional Runtime - 12.0.21005. Product Version: 12.0.21005. Product Language: 1033. Manufacturer: Microsoft Corporation. Reconfiguration success or error status: 0.
Information,18-12-2024 15:24:29,MsiInstaller,1035,None,Windows Installer reconfigured the product. Product Name: Microsoft Visual C++ 2013 x86 Minimum Runtime - 12.0.21005. Product Version: 12.0.21005. Product Language: 1033. Manufacturer: Microsoft Corporation. Reconfiguration success or error status: 0.
Information,18-12-2024 15:24:29,MsiInstaller,1035,None,Windows Installer reconfigured the product. Product Name: SQL Server 2022 Database Engine Shared. Product Version: 16.0.1000.6. Product Language: 1033. Manufacturer: Microsoft Corporation. Reconfiguration success or error status: 0.
Information,18-12-2024 15:24:29,MsiInstaller,1035,None,Windows Installer reconfigured the product. Product Name: SecureExamBrowser. Product Version: 1.4.7. Product Language: 1033. Manufacturer: Hirepro. Reconfiguration success or error status: 0.
Information,18-12-2024 15:24:29,MsiInstaller,1035,None,Windows Installer reconfigured the product. Product Name: Microsoft VC++ redistributables repacked.. Product Version: 12.0.0.0. Product Language: 1033. Manufacturer: Intel Corporation. Reconfiguration success or error status: 0.
Information,18-12-2024 15:24:29,MsiInstaller,1035,None,Windows Installer reconfigured the product. Product Name: SQL Server 2022 Shared Management Objects. Product Version: 16.0.1000.6. Product Language: 1033. Manufacturer: Microsoft Corporation. Reconfiguration success or error status: 0.
Information,18-12-2024 15:24:29,MsiInstaller,1035,None,Windows Installer reconfigured the product. Product Name: Intel(R) OEM Extension. Product Version: 1.0.0.0. Product Language: 1033. Manufacturer: Intel Corporation. Reconfiguration success or error status: 0.
Information,18-12-2024 15:24:29,MsiInstaller,1035,None,Windows Installer reconfigured the product. Product Name: Intel(R) Management Engine Components. Product Version: 1.0.0.0. Product Language: 1033. Manufacturer: Intel Corporation. Reconfiguration success or error status: 0.
Information,18-12-2024 15:24:29,MsiInstaller,1035,None,Windows Installer reconfigured the product. Product Name: SQL Server 2022 XEvent. Product Version: 16.0.1000.6. Product Language: 1033. Manufacturer: Microsoft Corporation. Reconfiguration success or error status: 0.
Information,18-12-2024 15:24:29,MsiInstaller,1035,None,Windows Installer reconfigured the product. Product Name: Dell Update - SupportAssist Update Plugin. Product Version: 5.1.1.11877. Product Language: 1033. Manufacturer: Dell Inc.. Reconfiguration success or error status: 0.
Information,18-12-2024 15:24:29,MsiInstaller,1035,None,Windows Installer reconfigured the product. Product Name: Windows Subsystem for Linux. Product Version: 2.0.14.0. Product Language: 1033. Manufacturer: Microsoft Corporation. Reconfiguration success or error status: 0.
Information,18-12-2024 15:24:29,MsiInstaller,1035,None,Windows Installer reconfigured the product. Product Name: Intel(R) LMS. Product Version: 1.0.0.0. Product Language: 1033. Manufacturer: Intel Corporation. Reconfiguration success or error status: 0.
Information,18-12-2024 15:24:29,MsiInstaller,1035,None,Windows Installer reconfigured the product. Product Name: Python 3.12.1 Test Suite (64-bit). Product Version: 3.12.1150.0. Product Language: 1033. Manufacturer: Python Software Foundation. Reconfiguration success or error status: 0.
Information,18-12-2024 15:24:28,MsiInstaller,1035,None,Windows Installer reconfigured the product. Product Name: Microsoft Visual C++ 2022 X64 Minimum Runtime - 14.32.31332. Product Version: 14.32.31332. Product Language: 1033. Manufacturer: Microsoft Corporation. Reconfiguration success or error status: 0.
Information,18-12-2024 15:24:28,MsiInstaller,1035,None,Windows Installer reconfigured the product. Product Name: Office 16 Click-to-Run Licensing Component. Product Version: 16.0.18227.20162. Product Language: 0. Manufacturer: Microsoft Corporation. Reconfiguration success or error status: 0.
Information,18-12-2024 15:24:28,MsiInstaller,1035,None,Windows Installer reconfigured the product. Product Name: Office 16 Click-to-Run Localization Component. Product Version: 16.0.12527.20482. Product Language: 1033. Manufacturer: Microsoft Corporation. Reconfiguration success or error status: 0.
Information,18-12-2024 15:24:28,MsiInstaller,1035,None,Windows Installer reconfigured the product. Product Name: Office 16 Click-to-Run Extensibility Component. Product Version: 16.0.18227.20082. Product Language: 0. Manufacturer: Microsoft Corporation. Reconfiguration success or error status: 0.
Information,18-12-2024 15:13:00,VSS,8224,None,The VSS service is shutting down due to idle timeout. 
Information,18-12-2024 15:11:02,Microsoft-Windows-Security-SPP,16384,None,Successfully scheduled Software Protection service for re-start at 2124-11-24T09:41:02Z. Reason: RulesEngine.
Information,18-12-2024 15:10:31,Microsoft-Windows-Security-SPP,16394,None,Offline downlevel migration succeeded.
Information,18-12-2024 15:10:08,SecurityCenter,15,None,Updated Windows Defender status successfully to SECURITY_PRODUCT_STATE_ON.
Information,18-12-2024 15:10:06,Microsoft-Windows-Defrag,264,None,The storage optimizer couldn't complete defragmentation on DATA (D:) because: The user cancelled the operation. (0x89000006)
Information,18-12-2024 15:10:00,System Restore,8216,None,Skipping creation of restore point (Process = C:\WINDOWS\system32\lpksetup.exe -Embedding; Description = Language Pack Removal) as there is a restore point avaliable which is recent enough for System Restore.
Information,18-12-2024 15:09:50,SecurityCenter,15,None,Updated Windows Defender status successfully to SECURITY_PRODUCT_STATE_ON.
Information,18-12-2024 15:09:46,ESENT,326,General,"svchost (18180,D,50) DS_Token_DB: The database engine attached a database (1, C:\WINDOWS\system32\config\systemprofile\AppData\Local\DataSharing\Storage\DSTokenDB2.dat). (Time=0 seconds) 
 
Saved Cache: 1 0 
Additional Data: lgposAttach = 0000005F:0001:0268,
dbv = 1568.230.500 (9480) 
 
Internal Timing Sequence: 
[1] 0.000005 +J(0)
[2] 0.001620 -0.000286 (1) WT +J(0) +M(C:0K, Fs:17, WS:4K # 16K, PF:4K # 8K, P:4K)
[3] 0.008619 -0.000842 (6) WT +J(CM:0, PgRf:0, Rd:0/0, Dy:0/0, Lg:3480/2) +M(C:0K, Fs:6, WS:20K # 0K, PF:20K # 0K, P:20K)
[4] 0.002839 -0.000001 (1) WT +J(0)
[5] -
[6] 0.000522 -0.000383 (2) CM -0.000269 (2) WT +J(CM:2, PgRf:2, Rd:0/2, Dy:0/0, Lg:0/0)
[7] 0.000010 +J(0) +M(C:0K, Fs:1, WS:4K # 0K, PF:0K # 0K, P:0K)
[8] 0.000439 -0.000172 (1) CM -0.000123 (1) WT +J(CM:1, PgRf:1, Rd:4/1, Dy:0/0, Lg:0/0) +M(C:16K, Fs:20, WS:80K # 40K, PF:208K # 168K, P:208K)
[9] -
[10] -
[11] -
[12] 0.000017 +J(CM:0, PgRf:0, Rd:0/0, Dy:0/0, Lg:54/1) +M(C:0K, Fs:1, WS:4K # 4K, PF:20K # 16K, P:20K)
[13] 0.001314 -0.000875 (5) CM -0.000604 (5) WT +J(CM:5, PgRf:23, Rd:0/5, Dy:0/0, Lg:0/0) +M(C:-8K, Fs:19, WS:68K # 68K, PF:-4K # 0K, P:-4K)
[14] 0.000870 -0.000593 (4) CM -0.000391 (4) WT +J(CM:4, PgRf:40, Rd:0/4, Dy:0/0, Lg:0/0) +M(C:0K, Fs:2, WS:8K # 8K, PF:64K # 60K, P:64K)
[15] 0.000283 -0.000132 (1) CM -0.000068 (1) WT +J(CM:1, PgRf:1, Rd:0/1, Dy:0/0, Lg:0/0)
[16] 0.000027 +J(CM:0, PgRf:1, Rd:0/0, Dy:0/0, Lg:0/0) +M(C:0K, Fs:1, WS:4K # 4K, PF:0K # 0K, P:0K)
[17] 0.000098 +J(CM:0, PgRf:42, Rd:0/0, Dy:0/0, Lg:0/0) +M(C:0K, Fs:4, WS:16K # 16K, PF:0K # 0K, P:0K)
[18] 0.000001 +J(0)
[19] 0.0 +J(0)
[20] 0.000008 +J(CM:0, PgRf:1, Rd:0/0, Dy:0/0, Lg:0/0)."
Information,18-12-2024 15:09:46,ESENT,105,General,"svchost (18180,D,0) DS_Token_DB: The database engine started a new instance (0). (Time=0 seconds) 
 
Additional Data:
 lgposV2[] = 0000005E:0001:0000 - 0000005E:000C:0039 - 0000005E:000D:0000 - 0000005E:000D:0000 (00000000:0000:0000)
cReInits = 3
RBSOn = 0
 
 
Internal Timing Sequence: 
[1] 0.001362 +J(0) +M(C:0K, Fs:150, WS:588K # 588K, PF:2784K # 2784K, P:2784K)
[2] 0.000644 +J(0) +M(C:8K, Fs:109, WS:420K # 420K, PF:1236K # 1236K, P:1236K)
[3] 0.000027 +J(0) +M(C:0K, Fs:4, WS:16K # 16K, PF:64K # 64K, P:64K)
[4] 0.000222 +J(0) +M(C:0K, Fs:72, WS:284K # 284K, PF:184K # 184K, P:184K)
[5] 0.003414 +J(0) +M(C:0K, Fs:115, WS:460K # 460K, PF:20K # 20K, P:20K)
[6] 0.008538 +J(0) +M(C:0K, Fs:67, WS:264K # 264K, PF:56K # 56K, P:56K)
[7] 0.002148 -0.000438 (2) WT +J(0) +M(C:0K, Fs:36, WS:144K # 144K, PF:64K # 64K, P:64K)
[8] 0.048217 -0.012246 (14) WT +J(CM:0, PgRf:0, Rd:0/0, Dy:0/0, Lg:48672/33) +M(C:0K, Fs:153, WS:320K # 324K, PF:220K # 224K, P:220K)
[9] 0.001551 +J(0) +M(C:0K, Fs:7, WS:28K # 24K, PF:4K # 0K, P:4K)
[10] 0.001381 -0.000250 (1) WT +J(0) +M(C:0K, Fs:0, WS:-60K # 0K, PF:-60K # 0K, P:-60K)
[11] 0.000043 +J(CM:0, PgRf:0, Rd:0/0, Dy:0/0, Lg:49/1) +M(C:0K, Fs:5, WS:20K # 0K, PF:0K # 0K, P:0K)
[12] 0.005260 +J(0)
[13] 0.074460 -0.000582 (2) CM -0.012080 (24) WT +J(CM:2, PgRf:2, Rd:0/2, Dy:0/0, Lg:4729/4) +M(C:0K, Fs:110, WS:264K # 288K, PF:228K # 236K, P:228K)
[14] 0.000029 +J(0)
[15] 0.000014 +J(0)
[16] 0.001881 -0.000149 (1) WT +J(0) +M(C:0K, Fs:2, WS:0K # 0K, PF:0K # 0K, P:0K)."
Information,18-12-2024 15:09:46,ESENT,302,Logging/Recovery,"svchost (18180,U,98) DS_Token_DB: The database engine has successfully completed recovery steps."
Information,18-12-2024 15:09:46,ESENT,301,Logging/Recovery,"svchost (18180,R,98) DS_Token_DB: The database engine has finished replaying logfile C:\WINDOWS\system32\config\systemprofile\AppData\Local\DataSharing\Storage\DSS.log. 
 
Processing Stats: 
[1] 0.040380 -0.011436 (10) WT +J(CM:0, PgRf:0, Rd:0/0, Dy:0/0, Lg:48672/33) +M(C:0K, Fs:99, WS:180K # 120K, PF:136K # 72K, P:136K). 
Log record of type 'AttachDB ' was seen most frequently (3 times)"
Information,18-12-2024 15:09:45,ESENT,300,Logging/Recovery,"svchost (18180,R,98) DS_Token_DB: The database engine is initiating recovery steps."
Information,18-12-2024 15:09:45,ESENT,102,General,"svchost (18180,P,98) DS_Token_DB: The database engine (10.00.22631.0000) is starting a new instance (0)."
Information,18-12-2024 15:09:44,Microsoft-Windows-System-Restore,8302,None,Scoping successfully completed for shadowcopy \\?\GLOBALROOT\Device\HarddiskVolumeShadowCopy1.
Information,18-12-2024 15:09:44,Microsoft-Windows-System-Restore,8301,None,Scoping completed for shadowcopy \\?\GLOBALROOT\Device\HarddiskVolumeShadowCopy1.
Information,18-12-2024 15:09:10,Microsoft-Windows-System-Restore,8300,None,Scoping started for shadowcopy \\?\GLOBALROOT\Device\HarddiskVolumeShadowCopy1.
Information,18-12-2024 15:08:44,System Restore,8212,None,Successfully created scheduled restore point.
Information,18-12-2024 15:08:44,System Restore,8194,None,Successfully created restore point (Process = C:\WINDOWS\system32\srtasks.exe ExecuteScheduledSPPCreation; Description = Scheduled Checkpoint).
Information,18-12-2024 15:08:39,MSSQLSERVER,25753,Server,XE session 'telemetry_xevents' started.
Information,18-12-2024 15:08:39,MSSQLSERVER,25754,Server,XE session 'telemetry_xevents' stopping.
Information,18-12-2024 14:59:14,SecurityCenter,15,None,Updated Windows Defender status successfully to SECURITY_PRODUCT_STATE_ON.
Information,18-12-2024 14:58:38,mc-wps-update,0,None,The operation completed successfully. 
Information,18-12-2024 14:58:12,Microsoft-Windows-Security-SPP,16384,None,Successfully scheduled Software Protection service for re-start at 2124-11-24T09:28:12Z. Reason: RulesEngine.
Information,18-12-2024 14:57:41,Microsoft-Windows-Security-SPP,16394,None,Offline downlevel migration succeeded.
Information,18-12-2024 14:57:38,mc-wps-update,0,None,The operation completed successfully. 
Information,18-12-2024 14:56:01,MSSQLSERVER,8128,Server,Using 'xplog70.dll' version '2022.160.1000' to execute extended stored procedure 'xp_msver'. This is an informational message only; no user action is required.
Information,18-12-2024 14:56:01,MSSQLSERVER,33090,Server,Attempting to load library 'xplog70.dll' into memory. This is an informational message only. No user action is required.
Information,18-12-2024 14:56:00,MSSQLSERVER,25753,Server,XE session 'telemetry_xevents' started.
Information,18-12-2024 14:56:00,MSSQLSERVER,25754,Server,XE session 'telemetry_xevents' stopping.
Information,18-12-2024 14:56:00,MSSQLSERVER,1,None,None
Information,18-12-2024 14:52:10,Microsoft-Windows-Security-SPP,16384,None,Successfully scheduled Software Protection service for re-start at 2124-11-24T09:22:10Z. Reason: RulesEngine.
Information,18-12-2024 14:51:40,Microsoft-Windows-Security-SPP,16394,None,Offline downlevel migration succeeded.
Information,18-12-2024 14:51:27,Microsoft-Windows-Security-SPP,16384,None,Successfully scheduled Software Protection service for re-start at 2124-11-24T09:21:27Z. Reason: RulesEngine.
Warning,18-12-2024 14:50:58,Microsoft-Windows-Perflib,1008,None,"The Open procedure for service ""WmiApRpl"" in DLL ""C:\WINDOWS\system32\wbem\wmiaprpl.dll"" failed with error code The device is not ready.. Performance data for this service will not be available."
Information,18-12-2024 14:50:58,Chrome,256,Browser Events,[14156:14372:1218/145058.960:INFO:rlz_lib.cc(452)] Succeeded in sending RLZ ping
Error,18-12-2024 14:50:58,.NET Runtime,1023,None,"Description: A .NET application failed.
Application: SupportAssistAgent.exe
Path: C:\Program Files\Dell\SupportAssistAgent\bin\SupportAssistAgent.exe
Message: You must install or update .NET to run this application.

App: C:\Program Files\Dell\SupportAssistAgent\bin\SupportAssistAgent.exe
Architecture: x64
Framework: 'Microsoft.NETCore.App', version '6.0.0' (x64)
.NET location: C:\Program Files\dotnet\

The following frameworks were found:
  3.1.17 at [C:\Program Files\dotnet\shared\Microsoft.NETCore.App]
  8.0.8 at [C:\Program Files\dotnet\shared\Microsoft.NETCore.App]

Learn more:
https://aka.ms/dotnet/app-launch-failed

To install missing framework, download:
https://aka.ms/dotnet-core-applaunch?framework=Microsoft.NETCore.App&framework_version=6.0.0&arch=x64&rid=win-x64&os=win10

"
Information,18-12-2024 14:50:58,Chrome,256,Browser Events,[14156:14372:1218/145058.380:INFO:rlz_lib.cc(443)] Attempting to send RLZ ping brand=RXQR
Information,18-12-2024 14:50:58,MSSQLSERVER,3408,Server,Recovery is complete. This is an informational message only. No user action is required.
Information,18-12-2024 14:50:58,MSSQLSERVER,9688,Server,Service Broker manager has started.
Information,18-12-2024 14:50:58,MSSQLSERVER,9666,Server,The Database Mirroring endpoint is in disabled or stopped state.
Information,18-12-2024 14:50:58,MSSQLSERVER,9666,Server,The Service Broker endpoint is in disabled or stopped state.
Information,18-12-2024 14:50:58,MSSQLSERVER,17117,Server,The tempdb database has 8 data file(s).
Information,18-12-2024 14:50:57,MSSQLSERVER,49930,Server,Parallel redo is shutdown for database 'DE_Day_3' with worker pool size [4].
Information,18-12-2024 14:50:57,MSSQLSERVER,49930,Server,Parallel redo is shutdown for database 'AdventureWorks2022' with worker pool size [4].
Information,18-12-2024 14:50:57,MSSQLSERVER,49930,Server,Parallel redo is shutdown for database 'Case_Study_1_OYO' with worker pool size [4].
Information,18-12-2024 14:50:57,MSSQLSERVER,49930,Server,Parallel redo is shutdown for database 'Courrier_management_assignement' with worker pool size [4].
Information,18-12-2024 14:50:57,MSSQLSERVER,49930,Server,Parallel redo is shutdown for database 'mydb1' with worker pool size [4].
Information,18-12-2024 14:50:57,MSSQLSERVER,49930,Server,Parallel redo is shutdown for database 'employees' with worker pool size [4].
Information,18-12-2024 14:50:57,MSSQLSERVER,49930,Server,Parallel redo is shutdown for database 'projectdb' with worker pool size [4].
Information,18-12-2024 14:50:57,MSSQLSERVER,49930,Server,Parallel redo is shutdown for database 'SISDB' with worker pool size [4].
