Information,18-12-2024 14:50:57,MSSQLSERVER,49930,Server,Parallel redo is shutdown for database 'DE_1' with worker pool size [4].
Information,18-12-2024 14:50:57,MSSQLSERVER,49930,Server,Parallel redo is shutdown for database 'Python_Scenario_Based' with worker pool size [4].
Information,18-12-2024 14:50:57,MSSQLSERVER,49930,Server,Parallel redo is shutdown for database 'PetPals' with worker pool size [4].
Information,18-12-2024 14:50:57,MSSQLSERVER,49930,Server,Parallel redo is shutdown for database 'Assignment1' with worker pool size [4].
Information,18-12-2024 14:50:57,MSSQLSERVER,49930,Server,Parallel redo is shutdown for database 'casestudy_db' with worker pool size [4].
Information,18-12-2024 14:50:57,MSSQLSERVER,49930,Server,Parallel redo is shutdown for database 'DE_Coding_Challenge_1' with worker pool size [4].
Information,18-12-2024 14:50:57,MSSQLSERVER,49930,Server,Parallel redo is shutdown for database 'carconnect' with worker pool size [4].
Information,18-12-2024 14:50:57,MSSQLSERVER,49930,Server,Parallel redo is shutdown for database 'pubs' with worker pool size [4].
Information,18-12-2024 14:50:57,MSSQLSERVER,49930,Server,Parallel redo is shutdown for database 'carconnect_Casestudy' with worker pool size [4].
Information,18-12-2024 14:50:57,MSSQLSERVER,49930,Server,Parallel redo is shutdown for database 'Hexaware' with worker pool size [4].
Information,18-12-2024 14:50:57,MSSQLSERVER,49930,Server,Parallel redo is shutdown for database 'coding_challenge_car_rental_system' with worker pool size [4].
Information,18-12-2024 14:50:57,MSSQLSERVER,49930,Server,Parallel redo is shutdown for database 'PetPlas' with worker pool size [4].
Information,18-12-2024 14:50:57,MSSQLSERVER,49930,Server,Parallel redo is shutdown for database 'coding_Challenge2' with worker pool size [4].
Information,18-12-2024 14:50:57,MSSQLSERVER,49930,Server,Parallel redo is shutdown for database 'mydb' with worker pool size [4].
Information,18-12-2024 14:50:57,MSSQLSERVER,49930,Server,Parallel redo is shutdown for database 'hexaware_test' with worker pool size [4].
Information,18-12-2024 14:50:57,MSSQLSERVER,49930,Server,Parallel redo is shutdown for database 'Assignment_Courrier_Management' with worker pool size [4].
Information,18-12-2024 14:50:57,MSSQLSERVER,17137,Server,Starting up database 'tempdb'.
Information,18-12-2024 14:50:57,MSSQLSERVER,49930,Server,Parallel redo is shutdown for database 'hexaware_test1' with worker pool size [4].
Information,18-12-2024 14:50:57,Microsoft-Windows-Security-SPP,16394,None,Offline downlevel migration succeeded.
Information,18-12-2024 14:50:57,MSSQLSERVER,49930,Server,Parallel redo is started for database 'AdventureWorks2022' with worker pool size [4].
Information,18-12-2024 14:50:57,MSSQLSERVER,49930,Server,Parallel redo is started for database 'employees' with worker pool size [4].
Information,18-12-2024 14:50:57,MSSQLSERVER,49930,Server,Parallel redo is started for database 'projectdb' with worker pool size [4].
Information,18-12-2024 14:50:57,MSSQLSERVER,49930,Server,Parallel redo is started for database 'Assignment_Courrier_Management' with worker pool size [4].
Information,18-12-2024 14:50:57,MSSQLSERVER,49930,Server,Parallel redo is started for database 'Python_Scenario_Based' with worker pool size [4].
Information,18-12-2024 14:50:57,MSSQLSERVER,49930,Server,Parallel redo is started for database 'Case_Study_1_OYO' with worker pool size [4].
Information,18-12-2024 14:50:57,MSSQLSERVER,49930,Server,Parallel redo is started for database 'DE_Coding_Challenge_1' with worker pool size [4].
Information,18-12-2024 14:50:57,MSSQLSERVER,49930,Server,Parallel redo is started for database 'DE_1' with worker pool size [4].
Information,18-12-2024 14:50:57,MSSQLSERVER,49930,Server,Parallel redo is started for database 'DE_Day_3' with worker pool size [4].
Information,18-12-2024 14:50:57,MSSQLSERVER,49930,Server,Parallel redo is started for database 'mydb' with worker pool size [4].
Information,18-12-2024 14:50:57,MSSQLSERVER,49930,Server,Parallel redo is started for database 'carconnect' with worker pool size [4].
Information,18-12-2024 14:50:57,MSSQLSERVER,49930,Server,Parallel redo is started for database 'mydb1' with worker pool size [4].
Information,18-12-2024 14:50:57,MSSQLSERVER,49930,Server,Parallel redo is started for database 'Courrier_management_assignement' with worker pool size [4].
Information,18-12-2024 14:50:57,MSSQLSERVER,49930,Server,Parallel redo is started for database 'casestudy_db' with worker pool size [4].
Information,18-12-2024 14:50:57,MSSQLSERVER,49930,Server,Parallel redo is started for database 'SISDB' with worker pool size [4].
Information,18-12-2024 14:50:57,MSSQLSERVER,49930,Server,Parallel redo is started for database 'coding_Challenge2' with worker pool size [4].
Information,18-12-2024 14:50:57,MSSQLSERVER,49930,Server,Parallel redo is started for database 'carconnect_Casestudy' with worker pool size [4].
Information,18-12-2024 14:50:57,MSSQLSERVER,49930,Server,Parallel redo is started for database 'PetPlas' with worker pool size [4].
Information,18-12-2024 14:50:57,MSSQLSERVER,49930,Server,Parallel redo is started for database 'coding_challenge_car_rental_system' with worker pool size [4].
Information,18-12-2024 14:50:57,MSSQLSERVER,49930,Server,Parallel redo is started for database 'pubs' with worker pool size [4].
Information,18-12-2024 14:50:57,MSSQLSERVER,49930,Server,Parallel redo is started for database 'PetPals' with worker pool size [4].
Information,18-12-2024 14:50:57,MSSQLSERVER,49930,Server,Parallel redo is started for database 'Assignment1' with worker pool size [4].
Information,18-12-2024 14:50:57,MSSQLSERVER,49930,Server,Parallel redo is started for database 'Hexaware' with worker pool size [4].
Information,18-12-2024 14:50:57,MSSQLSERVER,49930,Server,Parallel redo is started for database 'hexaware_test' with worker pool size [4].
Information,18-12-2024 14:50:57,MSSQLSERVER,49930,Server,Parallel redo is started for database 'hexaware_test1' with worker pool size [4].
Information,18-12-2024 14:50:57,Microsoft-Windows-Security-SPP,900,None,"The Software Protection service is starting.
Parameters:<explicit>"
Information,18-12-2024 14:50:57,MSSQLSERVER,26067,Server,"The SQL Server Network Interface library could not register the Service Principal Name (SPN) [ MSSQLSvc/DESKTOP-OFHDUG6 ] for the SQL Server service. Windows return code: 0xffffffff, state: 63. Failure to register a SPN might cause integrated authentication to use NTLM instead of Kerberos. This is an informational message. Further action is only required if Kerberos authentication is required by authentication policies and if the SPN has not been manually registered."
Information,18-12-2024 14:50:57,MSSQLSERVER,26076,Server,SQL Server is attempting to register a Service Principal Name (SPN) for the SQL Server service. Kerberos authentication will not be possible until a SPN is registered for the SQL Server service. This is an informational message. No user action is required.
Information,18-12-2024 14:50:57,MSSQLSERVER,17126,Server,SQL Server is now ready for client connections. This is an informational message; no user action is required.
Information,18-12-2024 14:50:56,MSSQLSERVER,17201,Server,Dedicated admin connection support was established for listening locally on port 1434.
Information,18-12-2024 14:50:56,MSSQLSERVER,26022,Server,Server is listening on [ 127.0.0.1 <ipv4> 1434] accept sockets 1.
Information,18-12-2024 14:50:56,MSSQLSERVER,26022,Server,Server is listening on [ ::1 <ipv6> 1434] accept sockets 1.
Information,18-12-2024 14:50:56,MSSQLSERVER,26048,Server,Server local connection provider is ready to accept connection on [ \\.\pipe\sql\query ].
Information,18-12-2024 14:50:56,MSSQLSERVER,26048,Server,Server local connection provider is ready to accept connection on [ \\.\pipe\SQLLocal\MSSQLSERVER ].
Information,18-12-2024 14:50:56,MSSQLSERVER,26018,Server,A self-generated certificate was successfully loaded for encryption.
Information,18-12-2024 14:50:56,MSSQLSERVER,17137,Server,Starting up database 'projectdb'.
Information,18-12-2024 14:50:56,MSSQLSERVER,17137,Server,Starting up database 'employees'.
Information,18-12-2024 14:50:56,MSSQLSERVER,17137,Server,Starting up database 'Python_Scenario_Based'.
Information,18-12-2024 14:50:56,MSSQLSERVER,17137,Server,Starting up database 'DE_Coding_Challenge_1'.
Information,18-12-2024 14:50:56,MSSQLSERVER,17137,Server,Starting up database 'AdventureWorks2022'.
Information,18-12-2024 14:50:56,MSSQLSERVER,17137,Server,Starting up database 'Case_Study_1_OYO'.
Information,18-12-2024 14:50:56,MSSQLSERVER,17137,Server,Starting up database 'DE_1'.
Information,18-12-2024 14:50:56,MSSQLSERVER,17137,Server,Starting up database 'DE_Day_3'.
Information,18-12-2024 14:50:56,MSSQLSERVER,17137,Server,Starting up database 'Assignment_Courrier_Management'.
Information,18-12-2024 14:50:56,MSSQLSERVER,17137,Server,Starting up database 'coding_challenge_car_rental_system'.
Information,18-12-2024 14:50:56,MSSQLSERVER,17137,Server,Starting up database 'PetPlas'.
Information,18-12-2024 14:50:56,MSSQLSERVER,17137,Server,Starting up database 'pubs'.
Information,18-12-2024 14:50:56,MSSQLSERVER,17137,Server,Starting up database 'coding_Challenge2'.
Information,18-12-2024 14:50:56,MSSQLSERVER,17137,Server,Starting up database 'carconnect'.
Information,18-12-2024 14:50:56,MSSQLSERVER,17137,Server,Starting up database 'casestudy_db'.
Information,18-12-2024 14:50:56,MSSQLSERVER,17137,Server,Starting up database 'Courrier_management_assignement'.
Information,18-12-2024 14:50:56,MSSQLSERVER,17137,Server,Starting up database 'PetPals'.
Information,18-12-2024 14:50:56,MSSQLSERVER,17137,Server,Starting up database 'mydb1'.
Information,18-12-2024 14:50:56,MSSQLSERVER,17137,Server,Starting up database 'carconnect_Casestudy'.
Information,18-12-2024 14:50:56,MSSQLSERVER,17137,Server,Starting up database 'mydb'.
Information,18-12-2024 14:50:56,MSSQLSERVER,17137,Server,Starting up database 'msdb'.
Information,18-12-2024 14:50:56,MSSQLSERVER,17137,Server,Starting up database 'hexaware_test1'.
Information,18-12-2024 14:50:56,MSSQLSERVER,17137,Server,Starting up database 'Hexaware'.
Information,18-12-2024 14:50:56,MSSQLSERVER,17137,Server,Starting up database 'SISDB'.
Information,18-12-2024 14:50:56,MSSQLSERVER,17137,Server,Starting up database 'hexaware_test'.
Information,18-12-2024 14:50:56,MSSQLSERVER,17137,Server,Starting up database 'Assignment1'.
Information,18-12-2024 14:50:56,MSSQLSERVER,41111,Server,Always On: The availability replica manager is waiting for the instance of SQL Server to allow client connections. This is an informational message only. No user action is required.
Information,18-12-2024 14:50:56,MSSQLSERVER,41110,Server,Always On: The availability replica manager is starting. This is an informational message only. No user action is required.
Information,18-12-2024 14:50:56,MSSQLSERVER,17136,Server,Clearing tempdb database.
Information,18-12-2024 14:50:56,MSSQLSERVER,17663,Server,Server name is 'DESKTOP-OFHDUG6'. This is an informational message only. No user action is required.
Information,18-12-2024 14:50:56,MSSQLSERVER,19030,Server,"SQL Trace ID 1 was started by login ""sa""."
Information,18-12-2024 14:50:56,MSSQLSERVER,25753,Server,XE session 'telemetry_xevents' started.
Information,18-12-2024 14:50:56,MSSQLSERVER,25753,Server,XE session 'system_health' started.
Information,18-12-2024 14:50:56,MSSQLSERVER,33218,Server,SQL Server Audit has started the audits. This is an informational message. No user action is required.
Information,18-12-2024 14:50:56,MSSQLSERVER,33217,Server,SQL Server Audit is starting the audits. This is an informational message. No user action is required.
Information,18-12-2024 14:50:56,MSSQLSERVER,10981,Server,Resource governor reconfiguration succeeded.
Information,18-12-2024 14:50:56,MSSQLSERVER,17137,Server,Starting up database 'model_msdb'.
Information,18-12-2024 14:50:56,MSSQLSERVER,17137,Server,Starting up database 'model'.
Information,18-12-2024 14:50:56,MSSQLSERVER,958,Server,The resource database build version is 16.00.1000. This is an informational message only. No user action is required.
Information,18-12-2024 14:50:56,MSSQLSERVER,17137,Server,Starting up database 'mssqlsystemresource'.
Information,18-12-2024 14:50:56,MSSQLSERVER,17137,Server,Starting up database 'model_replicatedmaster'.
Information,18-12-2024 14:50:56,MSSQLSERVER,49910,Server,Software Usage Metrics is disabled.
Information,18-12-2024 14:50:56,MSSQLSERVER,17137,Server,Starting up database 'master'.
Information,18-12-2024 14:50:56,MSSQLSERVER,9048,Server,clflushopt is selected for pmem flush operation.
Information,18-12-2024 14:50:56,MSSQLSERVER,6253,Server,Common language runtime (CLR) functionality initialized using CLR version v4.0.30319 from C:\Windows\Microsoft.NET\Framework64\v4.0.30319\.
Information,18-12-2024 14:50:54,MSSQLSERVER,17118,Server,Database Instant File Initialization: enabled. For security and performance considerations see the topic 'Database Instant File Initialization' in SQL Server Books Online. This is an informational message only. No user action is required.
Information,18-12-2024 14:50:54,MSSQLSERVER,17125,Server,Using dynamic lock allocation.  Initial allocation of 2500 Lock blocks and 5000 Lock Owner blocks per node.  This is an informational message only.  No user action is required.
Information,18-12-2024 14:50:54,MSSQLSERVER,17152,Server,Node configuration: node 0: CPU mask: 0x00000000000000ff:0 Active CPU mask: 0x00000000000000ff:0. This message provides a description of the NUMA configuration for this computer. This is an informational message only. No user action is required.
Information,18-12-2024 14:50:54,MSSQLSERVER,17176,Server,This instance of SQL Server last reported using a process ID of 10032 at 18-12-2024 11:50:14 (local) 18-12-2024 06:20:14 (UTC). This is an informational message only; no user action is required.
Information,18-12-2024 14:50:54,MSSQLSERVER,17811,Server,The maximum number of dedicated administrator connections for this instance is '1'
Information,18-12-2024 14:50:54,MSSQLSERVER,17264,Server,CPU vectorization level(s) detected:  SSE SSE2 SSE3 SSSE3 SSE41 SSE42 AVX AVX2 POPCNT BMI1 BMI2 AVX512 (F CD BW DQ VL IFMA VBMI VBMI2 VNNI BITALG VPOQCNTDQ)
Information,18-12-2024 14:50:54,MSSQLSERVER,873,Server,Buffer pool extension is already disabled. No action is necessary.
Information,18-12-2024 14:50:53,MSSQLSERVER,49917,Server,Default collation: Latin1_General_CI_AI (us_english 1033)
Information,18-12-2024 14:50:53,MSSQLSERVER,894,Server,Buffer Pool: Allocating 2097152 bytes for 1165731 hashPages.
Information,18-12-2024 14:50:53,MSSQLSERVER,852,Server,Using conventional memory in the memory manager.
Information,18-12-2024 14:50:53,MSSQLSERVER,49903,Server,Detected 7959 MB of RAM. This is an informational message; no user action is required.
Information,18-12-2024 14:50:53,MSSQLSERVER,17162,Server,SQL Server is starting at normal priority base (=7). This is an informational message only. No user action is required.
Information,18-12-2024 14:50:53,MSSQLSERVER,17164,Server,"SQL Server detected 1 sockets with 4 cores per socket and 8 logical processors per socket, 8 total logical processors; using 8 logical processors based on SQL Server licensing. This is an informational message; no user action is required."
Information,18-12-2024 14:50:53,MSSQLSERVER,17115,Server,"Command Line Startup Parameters:
	 -s ""MSSQLSERVER"""
Information,18-12-2024 14:50:53,MSSQLSERVER,17110,Server,"Registry startup parameters: 
	 -d C:\Program Files\Microsoft SQL Server\MSSQL16.MSSQLSERVER\MSSQL\DATA\master.mdf
	 -e C:\Program Files\Microsoft SQL Server\MSSQL16.MSSQLSERVER\MSSQL\Log\ERRORLOG
	 -l C:\Program Files\Microsoft SQL Server\MSSQL16.MSSQLSERVER\MSSQL\DATA\mastlog.ldf"
Information,18-12-2024 14:50:53,MSSQLSERVER,49904,Server,The service account is 'NT Service\MSSQLSERVER'. This is an informational message; no user action is required.
Information,18-12-2024 14:50:53,MSSQLSERVER,17111,Server,Logging SQL Server messages in file 'C:\Program Files\Microsoft SQL Server\MSSQL16.MSSQLSERVER\MSSQL\Log\ERRORLOG'.
Information,18-12-2024 14:50:53,MSSQLSERVER,15268,Server,Authentication mode is MIXED.
Information,18-12-2024 14:50:53,MSSQLSERVER,18496,Server,"System Manufacturer: 'Dell Inc.', System Model: 'Vostro 3491'."
Information,18-12-2024 14:50:53,MSSQLSERVER,17104,Server,Server process ID is 2972.
Information,18-12-2024 14:50:53,MSSQLSERVER,17103,Server,All rights reserved.
Information,18-12-2024 14:50:53,MSSQLSERVER,17101,Server,(c) Microsoft Corporation.
Information,18-12-2024 14:50:53,MSSQLSERVER,49916,Server,UTC adjustment: 5:30
Information,18-12-2024 14:50:53,MSSQLSERVER,17069,Server,Microsoft SQL Server 2022 (RTM) - 16.0.1000.6 (X64) 
	Oct  8 2022 05:58:25 
	Copyright (C) 2022 Microsoft Corporation
	Developer Edition (64-bit) on Windows 10 Home Single Language 10.0 <X64> (Build 22631: ) (Hypervisor)

Information,18-12-2024 14:50:53,edgeupdate,0,None,Service stopped.
Information,18-12-2024 14:50:52,DMGUpgradeService,0,None,Service started successfully.
Error,18-12-2024 14:50:22,.NET Runtime,1023,None,"Description: A .NET application failed.
Application: Dell.TechHub.exe
Path: C:\Program Files\Dell\TechHub\Dell.TechHub.exe
Message: You must install or update .NET to run this application.

App: C:\Program Files\Dell\TechHub\Dell.TechHub.exe
Architecture: x64
Framework: 'Microsoft.NETCore.App', version '6.0.0' (x64)
.NET location: C:\Program Files\dotnet\

The following frameworks were found:
  3.1.17 at [C:\Program Files\dotnet\shared\Microsoft.NETCore.App]
  8.0.8 at [C:\Program Files\dotnet\shared\Microsoft.NETCore.App]

Learn more:
https://aka.ms/dotnet/app-launch-failed

To install missing framework, download:
https://aka.ms/dotnet-core-applaunch?framework=Microsoft.NETCore.App&framework_version=6.0.0&arch=x64&rid=win-x64&os=win10

"
Error,18-12-2024 14:50:22,SideBySide,59,None,"Activation context generation failed for ""C:\Program Files (x86)\Dell\UpdateService\ServiceShell.exe"".Error in manifest or policy file ""C:\Program Files (x86)\Dell\UpdateService\ServiceShell.exe.Config"" on line 11. Invalid Xml syntax."
Information,18-12-2024 14:50:21,Dell SupportAssist Remediation,0,None,Service started successfully.
Information,18-12-2024 14:50:21,Dell Digital Delivery Services,0,None,Service started successfully.
Information,18-12-2024 14:50:21,brave,0,None,The operation completed successfully. 
Information,18-12-2024 14:50:12,SecurityCenter,15,None,Updated McAfee status successfully to SECURITY_PRODUCT_STATE_OFF.
Information,18-12-2024 14:50:11,SecurityCenter,15,None,Updated McAfee status successfully to SECURITY_PRODUCT_STATE_EXPIRED.
Information,18-12-2024 14:50:09,SecurityCenter,15,None,Updated Windows Defender status successfully to SECURITY_PRODUCT_STATE_ON.
Information,18-12-2024 14:50:07,SecurityCenter,1,None,The Windows Security Center Service has started.
Information,18-12-2024 14:49:41,Microsoft-Windows-Security-SPP,903,None,"The Software Protection service has stopped.
"
Information,18-12-2024 14:49:41,Microsoft-Windows-Security-SPP,16384,None,Successfully scheduled Software Protection service for re-start at 2124-11-24T09:19:40Z. Reason: RulesEngine.
Information,18-12-2024 14:49:06,Microsoft-Windows-Security-SPP,902,None,"The Software Protection service has started.
10.0.22621.4601"
Information,18-12-2024 14:49:05,Microsoft-Windows-Security-SPP,1003,None,"The Software Protection service has completed licensing status check.
Application Id=55c92734-d682-4d71-983e-d6ec3f16059f
Licensing Status=
1: 0567073a-7d74-403b-b2d5-6b35da372d8d, 1, 0 [(0 [0xC004F014, 0, 0], [(?)(?)(?)(?)(?)(?)(?)(?)])(1 )(2 )(3 )]
2: 1b750385-9fe2-49a8-ab55-149d0546395b, 1, 0 [(0 [0xC004F014, 0, 0], [(?)(?)(?)(?)(?)(?)(?)(?)])(1 )(2 )(3 )]
3: 1d873132-f09f-4eb2-bf5a-2e4fb48935e8, 1, 0 [(0 [0xC004F014, 0, 0], [(?)(?)(?)(?)(?)(?)(?)(?)])(1 )(2 )(3 )]
4: 2b1f36bb-c1cd-4306-bf5c-a0367c2d97d8, 1, 0 [(0 [0xC004F014, 0, 0], [(?)(?)(?)(?)(?)(?)(?)(?)])(1 )(2 )(3 )]
5: 30d469c6-a78f-4476-b5c8-af78d5b6a5fb, 1, 0 [(0 [0xC004F014, 0, 0], [(?)(?)(?)(?)(?)(?)(?)(?)])(1 )(2 )(3 )]
6: 3ae2cc14-ab2d-41f4-972f-5e20142771dc, 1, 0 [(0 [0xC004F014, 0, 0], [(?)(?)(?)(?)(?)(?)(?)(?)])(1 )(2 )(3 )]
7: 4002e33a-524c-4100-8108-131a0d42c0ea, 1, 0 [(0 [0xC004F014, 0, 0], [(?)(?)(?)(?)(?)(?)(?)(?)])(1 )(2 )(3 )]
8: 411b3d4f-be6d-4a06-baaa-9cabfc256cae, 1, 0 [(0 [0xC004F014, 0, 0], [(?)(?)(?)(?)(?)(?)(?)(?)])(1 )(2 )(3 )]
9: 58e97c99-f377-4ef1-81d5-4ad5522b5fd8, 1, 0 [(0 [0xC004F014, 0, 0], [(?)(?)(?)(?)(?)(?)(?)(?)])(1 )(2 )(3 )]
10: 653098ee-780d-4863-8cf2-d18399ce413b, 1, 0 [(0 [0xC004F014, 0, 0], [(?)(?)(?)(?)(?)(?)(?)(?)])(1 )(2 )(3 )]
11: 71f411ae-7b4b-41bd-b68c-c519c499f950, 1, 0 [(0 [0xC004F014, 0, 0], [(?)(?)(?)(?)(?)(?)(?)(?)])(1 )(2 )(3 )]
12: 74436dbb-cc17-46de-867f-14906ba4a938, 1, 0 [(0 [0xC004F014, 0, 0], [(?)(?)(?)(?)(?)(?)(?)(?)])(1 )(2 )(3 )]
13: 8a292df8-d653-4057-8133-a0701792f912, 1, 0 [(0 [0xC004F014, 0, 0], [(?)(?)(?)(?)(?)(?)(?)(?)])(1 )(2 )(3 )]
14: 8db63db6-4f8f-46d6-a448-66444faaaa72, 1, 0 [(0 [0xC004F014, 0, 0], [(?)(?)(?)(?)(?)(?)(?)(?)])(1 )(2 )(3 )]
15: b0f8a518-2c58-4eb8-9319-084f0eb4ddc4, 1, 0 [(0 [0xC004F014, 0, 0], [(?)(?)(?)(?)(?)(?)(?)(?)])(1 )(2 )(3 )]
16: cd918a57-a41b-4c82-8dce-1a538e221a83, 1, 0 [(0 [0xC004F014, 0, 0], [(?)(?)(?)(?)(?)(?)(?)(?)])(1 )(2 )(3 )]
17: da9621af-f086-4244-b563-18611e51aa1a, 1, 0 [(0 [0xC004F014, 0, 0], [(?)(?)(?)(?)(?)(?)(?)(?)])(1 )(2 )(3 )]
18: e371d89a-73e8-4b24-a7ff-23a3641dd18e, 1, 0 [(0 [0xC004F014, 0, 0], [(?)(?)(?)(?)(?)(?)(?)(?)])(1 )(2 )(3 )]
19: ed799377-74b8-4989-a244-14d082e65972, 1, 1 [(0 )(1 )(2 [0x00000000, 1, 0], [(?)( 1 0x00000000)(?)(?)(?)(?)( 10 0x00000000 msft:rm/algorithm/flags/1.0)(?)])(3 )]

"
Information,18-12-2024 14:49:05,Microsoft-Windows-Security-SPP,1066,None,"Initialization status for service objects.
C:\WINDOWS\system32\sppwinob.dll, msft:spp/windowsfunctionality/agent/7.0, 0x00000000, 0x00000000
C:\WINDOWS\system32\sppobjs.dll, msft:rm/algorithm/inherited/1.0, 0x00000000, 0x00000000
C:\WINDOWS\system32\sppobjs.dll, msft:rm/algorithm/phone/1.0, 0x00000000, 0x00000000
C:\WINDOWS\system32\sppobjs.dll, msft:rm/algorithm/pkey/detect, 0x00000000, 0x00000000
C:\WINDOWS\system32\sppobjs.dll, msft:spp/ActionScheduler/1.0, 0x00000000, 0x00000000
C:\WINDOWS\system32\sppobjs.dll, msft:spp/TaskScheduler/1.0, 0x00000000, 0x00000000
C:\WINDOWS\system32\sppobjs.dll, msft:spp/statecollector/pkey, 0x00000000, 0x00000000
C:\WINDOWS\system32\sppobjs.dll, msft:spp/volume/services/kms/1.0, 0x00000000, 0x00000000
C:\WINDOWS\system32\sppobjs.dll, msft:spp/volume/services/kms/activationinfo/1.0, 0x00000000, 0x00000000
"
Information,18-12-2024 14:49:05,Microsoft-Windows-Security-SPP,16394,None,Offline downlevel migration succeeded.
Information,18-12-2024 14:49:05,Microsoft-Windows-Security-SPP,900,None,"The Software Protection service is starting.
Parameters:TriggerStarted:6"
Information,18-12-2024 14:49:00,Microsoft-Windows-Search,1003,Search service,The Windows Search Service started.

Information,18-12-2024 14:48:54,igfxCUIService2.0.0.0,0,None,The operation completed successfully. 
Information,18-12-2024 14:48:54,Microsoft-Windows-Winlogon,6000,None,The winlogon notification subscriber <SessionEnv> was unavailable to handle a notification event.
Information,18-12-2024 14:48:54,igfxCUIService2.0.0.0,0,None,The operation completed successfully. 
Information,18-12-2024 14:48:54,igfxCUIService2.0.0.0,0,None,The operation completed successfully. 
Information,18-12-2024 14:48:53,Microsoft-Windows-Winlogon,6003,None,The winlogon notification subscriber <SessionEnv> was unavailable to handle a critical notification event.
Warning,18-12-2024 14:48:21,Microsoft-Windows-WMI,63,None,"A provider, IntelMEProv, has been registered in the Windows Management Instrumentation namespace root\Intel_ME to use the LocalSystem account. This account is privileged and the provider may cause a security violation if it does not correctly impersonate user requests."
Warning,18-12-2024 14:48:21,Microsoft-Windows-WMI,63,None,"A provider, IntelMEProv, has been registered in the Windows Management Instrumentation namespace root\Intel_ME to use the LocalSystem account. This account is privileged and the provider may cause a security violation if it does not correctly impersonate user requests."
Warning,18-12-2024 14:48:21,Microsoft-Windows-WMI,63,None,"A provider, IntelMEProv, has been registered in the Windows Management Instrumentation namespace root\Intel_ME to use the LocalSystem account. This account is privileged and the provider may cause a security violation if it does not correctly impersonate user requests."
Information,18-12-2024 14:48:22,WMIRegistrationService,2,None,Intel(R) WMI Registration Service has successfully finished WMI Registration.
Information,18-12-2024 14:48:21,SebWindowsService,0,None,Service started successfully.
Information,18-12-2024 14:48:19,igccservice,0,None,Service started successfully.
Information,18-12-2024 14:48:18,Microsoft-Windows-WMI,5617,None,Windows Management Instrumentation Service subsystems initialized successfully
Information,18-12-2024 14:48:18,Microsoft-Windows-WMI,5615,None,Windows Management Instrumentation Service started sucessfully
Information,18-12-2024 14:48:18,LMS,0,None,Service started/resumed
Information,18-12-2024 14:48:18,LMS,2000,LMS,Local Management Service started.

Information,18-12-2024 14:48:18,WMIRegistrationService,0,None,Intel(R) WMI Registration Service started.
Information,18-12-2024 14:48:18,RtkAudioUniversalService,0,None,The operation completed successfully. 
Information,18-12-2024 14:48:17,IntelDalJhi,0,None,Intel(R) Dynamic Application Loader Host Interface Service started.
Information,18-12-2024 14:48:16,Microsoft-Windows-User Profiles Service,1531,None,"The User Profile Service has started successfully.  

"
Information,18-12-2024 11:50:14,Microsoft-Windows-User Profiles Service,1532,None,"The User Profile Service has stopped.  

"
Information,18-12-2024 11:50:14,LMS,2000,LMS,Local Management Service stopped.

Information,18-12-2024 11:50:14,MSSQLSERVER,41092,Server,Always On: The availability replica manager is going offline because SQL Server is shutting down. This is an informational message only. No user action is required.
Information,18-12-2024 11:50:14,igccservice,0,None,Service has been successfully shut down.
Information,18-12-2024 11:50:14,DMGUpgradeService,0,None,Service has been successfully shut down.
Information,18-12-2024 11:50:14,MSSQLSERVER,17147,Server,SQL Server is terminating because of a system shutdown. This is an informational message only. No user action is required.
Information,18-12-2024 11:50:12,Microsoft-Windows-Winlogon,6000,None,The winlogon notification subscriber <SessionEnv> was unavailable to handle a notification event.
Information,18-12-2024 11:50:12,Microsoft-Windows-Winlogon,6000,None,The winlogon notification subscriber <WSearch> was unavailable to handle a notification event.
Information,18-12-2024 11:50:12,igfxCUIService2.0.0.0,0,None,The operation completed successfully. 
Information,18-12-2024 11:50:12,igfxCUIService2.0.0.0,0,None,The operation completed successfully. 
Information,18-12-2024 11:34:04,Microsoft-Windows-Security-SPP,16384,None,Successfully scheduled Software Protection service for re-start at 2124-11-24T06:04:03Z. Reason: RulesEngine.
Information,18-12-2024 11:33:14,Microsoft-Windows-Security-SPP,16394,None,Offline downlevel migration succeeded.
Information,18-12-2024 11:33:00,igccservice,0,None,PowerEvent handled successfully by the service.
Information,18-12-2024 11:33:00,Dell SupportAssist Remediation,0,None,PowerEvent handled successfully by the service.
Information,18-12-2024 11:32:57,igccservice,0,None,PowerEvent handled successfully by the service.
Information,18-12-2024 11:32:57,Dell SupportAssist Remediation,0,None,PowerEvent handled successfully by the service.
Information,18-12-2024 11:28:48,MSSQLSERVER,17890,Server,"A significant part of sql server process memory has been paged out. This may result in a performance degradation. Duration: 1844 seconds. Working set (KB): 139048, committed (KB): 452656, memory utilization: 30%%."
Information,18-12-2024 11:28:43,MSSQLSERVER,25753,Server,XE session 'telemetry_xevents' started.
Information,18-12-2024 11:28:43,MSSQLSERVER,25754,Server,XE session 'telemetry_xevents' stopping.
Information,18-12-2024 11:26:52,Microsoft-Windows-Security-SPP,16384,None,Successfully scheduled Software Protection service for re-start at 2124-11-24T05:56:52Z. Reason: RulesEngine.
Information,18-12-2024 11:26:22,Microsoft-Windows-Security-SPP,16394,None,Offline downlevel migration succeeded.
Information,18-12-2024 11:23:21,MSSQLSERVER,17890,Server,"A significant part of sql server process memory has been paged out. This may result in a performance degradation. Duration: 1517 seconds. Working set (KB): 146812, committed (KB): 447576, memory utilization: 32%%."
Information,18-12-2024 11:20:55,Microsoft-Windows-Security-SPP,16384,None,Successfully scheduled Software Protection service for re-start at 2124-11-24T05:50:55Z. Reason: RulesEngine.
Information,18-12-2024 11:20:11,Microsoft-Windows-Security-SPP,16394,None,Offline downlevel migration succeeded.
Information,18-12-2024 11:18:59,MSSQLSERVER,17890,Server,"A significant part of sql server process memory has been paged out. This may result in a performance degradation. Duration: 1256 seconds. Working set (KB): 185984, committed (KB): 459032, memory utilization: 40%%."
Information,18-12-2024 11:13:29,MSSQLSERVER,17890,Server,"A significant part of sql server process memory has been paged out. This may result in a performance degradation. Duration: 926 seconds. Working set (KB): 162992, committed (KB): 447656, memory utilization: 36%%."
Information,18-12-2024 11:09:01,MSSQLSERVER,17890,Server,"A significant part of sql server process memory has been paged out. This may result in a performance degradation. Duration: 658 seconds. Working set (KB): 167924, committed (KB): 450752, memory utilization: 37%%."
Information,18-12-2024 11:05:48,Microsoft-Windows-Security-SPP,16384,None,Successfully scheduled Software Protection service for re-start at 2124-11-24T05:35:48Z. Reason: RulesEngine.
Information,18-12-2024 11:05:18,Microsoft-Windows-Security-SPP,16394,None,Offline downlevel migration succeeded.
Information,18-12-2024 11:04:04,Microsoft-Windows-Security-SPP,16384,None,Successfully scheduled Software Protection service for re-start at 2124-11-24T05:34:04Z. Reason: RulesEngine.
Information,18-12-2024 11:03:32,MSSQLSERVER,17890,Server,"A significant part of sql server process memory has been paged out. This may result in a performance degradation. Duration: 329 seconds. Working set (KB): 149684, committed (KB): 447232, memory utilization: 33%%."
Information,18-12-2024 11:03:11,Microsoft-Windows-Security-SPP,16394,None,Offline downlevel migration succeeded.
Information,18-12-2024 11:01:41,SecurityCenter,15,None,Updated Windows Defender status successfully to SECURITY_PRODUCT_STATE_ON.
Information,18-12-2024 11:01:36,Microsoft-Windows-Security-SPP,16384,None,Successfully scheduled Software Protection service for re-start at 2124-11-24T05:31:36Z. Reason: RulesEngine.
Information,18-12-2024 11:00:37,Microsoft-Windows-Security-SPP,16394,None,Offline downlevel migration succeeded.
Information,18-12-2024 10:58:03,MSSQLSERVER,17890,Server,"A significant part of sql server process memory has been paged out. This may result in a performance degradation. Duration: 0 seconds. Working set (KB): 190988, committed (KB): 447584, memory utilization: 42%%."
Information,18-12-2024 10:54:10,Microsoft-Windows-Security-SPP,16384,None,Successfully scheduled Software Protection service for re-start at 2124-11-24T05:24:10Z. Reason: RulesEngine.
Information,18-12-2024 10:53:40,Microsoft-Windows-Security-SPP,16394,None,Offline downlevel migration succeeded.
Information,18-12-2024 10:47:48,MsiInstaller,1035,None,Windows Installer reconfigured the product. Product Name: Dell Mobile Connect Drivers. Product Version: 3.1.9518. Product Language: 1033. Manufacturer: Screenovate Technologies Ltd.. Reconfiguration success or error status: 0.
Information,18-12-2024 10:47:48,MsiInstaller,1035,None,Windows Installer reconfigured the product. Product Name: SSMS Post Install Tasks. Product Version: 20.2.30.0. Product Language: 1033. Manufacturer: Microsoft Corporation. Reconfiguration success or error status: 0.
Information,18-12-2024 10:47:48,MsiInstaller,1035,None,Windows Installer reconfigured the product. Product Name: Integration Services. Product Version: 16.0.5491.7. Product Language: 1033. Manufacturer: Microsoft Corporation. Reconfiguration success or error status: 0.
Information,18-12-2024 10:47:47,MsiInstaller,1035,None,Windows Installer reconfigured the product. Product Name: SQL Server 2022 DMF. Product Version: 16.0.1000.6. Product Language: 1033. Manufacturer: Microsoft Corporation. Reconfiguration success or error status: 0.
Information,18-12-2024 10:47:47,MsiInstaller,1035,None,Windows Installer reconfigured the product. Product Name: Microsoft Update Health Tools. Product Version: 5.72.0.0. Product Language: 0. Manufacturer: Microsoft Corporation. Reconfiguration success or error status: 0.
Information,18-12-2024 10:47:47,MsiInstaller,1035,None,Windows Installer reconfigured the product. Product Name: Python 3.12.1 Development Libraries (64-bit). Product Version: 3.12.1150.0. Product Language: 1033. Manufacturer: Python Software Foundation. Reconfiguration success or error status: 0.
Information,18-12-2024 10:47:47,MsiInstaller,1035,None,Windows Installer reconfigured the product. Product Name: Microsoft Visual C++ 2012 x86 Minimum Runtime - 11.0.61030. Product Version: 11.0.61030. Product Language: 1033. Manufacturer: Microsoft Corporation. Reconfiguration success or error status: 0.
Information,18-12-2024 10:47:47,MsiInstaller,1035,None,Windows Installer reconfigured the product. Product Name: Microsoft VC++ redistributables repacked.. Product Version: 12.0.0.0. Product Language: 1033. Manufacturer: Intel Corporation. Reconfiguration success or error status: 0.
Information,18-12-2024 10:47:47,MsiInstaller,1035,None,Windows Installer reconfigured the product. Product Name: Microsoft Windows Desktop Runtime - 3.1.17 (x64). Product Version: 24.68.30215. Product Language: 1033. Manufacturer: Microsoft Corporation. Reconfiguration success or error status: 0.
Information,18-12-2024 10:47:47,MsiInstaller,1035,None,"Windows Installer reconfigured the product. Product Name: Cloudflare WARP. Product Version: 22.12.582.0. Product Language: 1033. Manufacturer: Cloudflare, Inc.. Reconfiguration success or error status: 0."
Information,18-12-2024 10:47:47,MsiInstaller,1035,None,Windows Installer reconfigured the product. Product Name: Microsoft Visual C++ 2010  x86 Redistributable - 10.0.30319. Product Version: 10.0.30319. Product Language: 0. Manufacturer: Microsoft Corporation. Reconfiguration success or error status: 0.
Information,18-12-2024 10:47:47,MsiInstaller,1035,None,"Windows Installer reconfigured the product. Product Name: Dell Update for Windows 10. Product Version: 3.1.2. Product Language: 1033. Manufacturer: Dell, Inc.. Reconfiguration success or error status: 0."
Information,18-12-2024 10:47:47,MsiInstaller,1035,None,Windows Installer reconfigured the product. Product Name: Microsoft ODBC Driver 17 for SQL Server. Product Version: 17.10.6.1. Product Language: 1033. Manufacturer: Microsoft Corporation. Reconfiguration success or error status: 0.
Information,18-12-2024 10:47:47,MsiInstaller,1035,None,Windows Installer reconfigured the product. Product Name: Python 3.12.1 Executables (64-bit). Product Version: 3.12.1150.0. Product Language: 1033. Manufacturer: Python Software Foundation. Reconfiguration success or error status: 0.
Information,18-12-2024 10:47:47,MsiInstaller,1033,None,Windows Installer installed the product. Product Name: SQL Server 2022 Database Engine Services. Product Version: 16.0.1000.6. Product Language: 1033. Manufacturer: Microsoft Corporation. Installation success or error status: 0.
Information,18-12-2024 10:47:47,MsiInstaller,1035,None,Windows Installer reconfigured the product. Product Name: Microsoft Visual C++ 2012 x64 Minimum Runtime - 11.0.61030. Product Version: 11.0.61030. Product Language: 1033. Manufacturer: Microsoft Corporation. Reconfiguration success or error status: 0.
Information,18-12-2024 10:47:47,MsiInstaller,1035,None,Windows Installer reconfigured the product. Product Name: SQL Server 2022 Common Files. Product Version: 16.0.1000.6. Product Language: 1033. Manufacturer: Microsoft Corporation. Reconfiguration success or error status: 0.
Information,18-12-2024 10:47:47,MsiInstaller,1035,None,Windows Installer reconfigured the product. Product Name: Dynamic Application Loader Host Interface Service. Product Version: 1.0.0.0. Product Language: 1033. Manufacturer: Intel Corporation. Reconfiguration success or error status: 0.
Information,18-12-2024 10:47:46,MsiInstaller,1035,None,Windows Installer reconfigured the product. Product Name: Microsoft Visual C++ 2012 x86 Additional Runtime - 11.0.61030. Product Version: 11.0.61030. Product Language: 1033. Manufacturer: Microsoft Corporation. Reconfiguration success or error status: 0.
Information,18-12-2024 10:47:46,MsiInstaller,1035,None,Windows Installer reconfigured the product. Product Name: Microsoft .NET Runtime - 8.0.8 (x64). Product Version: 64.32.18380. Product Language: 1033. Manufacturer: Microsoft Corporation. Reconfiguration success or error status: 0.
Information,18-12-2024 10:47:46,MsiInstaller,1035,None,Windows Installer reconfigured the product. Product Name: Microsoft SQL Server 2022 Setup (English). Product Version: 16.0.1000.6. Product Language: 1033. Manufacturer: Microsoft Corporation. Reconfiguration success or error status: 0.
Information,18-12-2024 10:47:46,MsiInstaller,1035,None,Windows Installer reconfigured the product. Product Name: Python 3.12.1 pip Bootstrap (64-bit). Product Version: 3.12.1150.0. Product Language: 1033. Manufacturer: Python Software Foundation. Reconfiguration success or error status: 0.
Information,18-12-2024 10:47:46,MsiInstaller,1035,None,Windows Installer reconfigured the product. Product Name: Microsoft .NET Core Host - 3.1.17 (x64). Product Version: 24.68.30215. Product Language: 1033. Manufacturer: Microsoft Corporation. Reconfiguration success or error status: 0.
Information,18-12-2024 10:47:46,MsiInstaller,1035,None,Windows Installer reconfigured the product. Product Name: SQL Server 2022 Shared Management Objects Extensions. Product Version: 16.0.1000.6. Product Language: 1033. Manufacturer: Microsoft Corporation. Reconfiguration success or error status: 0.
Information,18-12-2024 10:47:46,MsiInstaller,1035,None,Windows Installer reconfigured the product. Product Name: SQL Server 2022 Shared Management Objects. Product Version: 16.0.1000.6. Product Language: 1033. Manufacturer: Microsoft Corporation. Reconfiguration success or error status: 0.
Information,18-12-2024 10:47:46,MsiInstaller,1035,None,Windows Installer reconfigured the product. Product Name: SQL Server Management Studio. Product Version: 20.2.30.0. Product Language: 1033. Manufacturer: Microsoft Corp.. Reconfiguration success or error status: 0.
Information,18-12-2024 10:47:46,MsiInstaller,1035,None,Windows Installer reconfigured the product. Product Name: Node.js. Product Version: 20.10.0. Product Language: 1033. Manufacturer: Node.js Foundation. Reconfiguration success or error status: 0.
Information,18-12-2024 10:47:46,MsiInstaller,1035,None,Windows Installer reconfigured the product. Product Name: Microsoft .NET Core Host FX Resolver - 3.1.17 (x64). Product Version: 24.68.30215. Product Language: 1033. Manufacturer: Microsoft Corporation. Reconfiguration success or error status: 0.
Information,18-12-2024 10:47:46,MsiInstaller,1035,None,Windows Installer reconfigured the product. Product Name: Microsoft Visual C++ 2022 X86 Minimum Runtime - 14.30.30708. Product Version: 14.30.30708. Product Language: 1033. Manufacturer: Microsoft Corporation. Reconfiguration success or error status: 0.
Information,18-12-2024 10:47:46,MsiInstaller,1035,None,Windows Installer reconfigured the product. Product Name: Visual Studio 2017 Isolated Shell for SSMS. Product Version: 15.0.28307.421. Product Language: 1033. Manufacturer: Microsoft Corporation. Reconfiguration success or error status: 0.
Information,18-12-2024 10:47:46,MsiInstaller,1035,None,Windows Installer reconfigured the product. Product Name: Microsoft SQL Server 2022 RsFx Driver. Product Version: 16.0.1000.6. Product Language: 1033. Manufacturer: Microsoft Corporation. Reconfiguration success or error status: 0.
Information,18-12-2024 10:47:46,MsiInstaller,1035,None,Windows Installer reconfigured the product. Product Name: Intel(R) Management Engine Components. Product Version: 1.0.0.0. Product Language: 1033. Manufacturer: Intel Corporation. Reconfiguration success or error status: 0.
Information,18-12-2024 10:47:45,MsiInstaller,1035,None,Windows Installer reconfigured the product. Product Name: SQL Server 2022 XEvent. Product Version: 16.0.1000.6. Product Language: 1033. Manufacturer: Microsoft Corporation. Reconfiguration success or error status: 0.
Information,18-12-2024 10:47:45,MsiInstaller,1035,None,Windows Installer reconfigured the product. Product Name: SQL Server 2022 Batch Parser. Product Version: 16.0.1000.6. Product Language: 1033. Manufacturer: Microsoft Corporation. Reconfiguration success or error status: 0.
Information,18-12-2024 10:47:45,MsiInstaller,1035,None,Windows Installer reconfigured the product. Product Name: Microsoft .NET Host - 8.0.8 (x64). Product Version: 64.32.18380. Product Language: 1033. Manufacturer: Microsoft Corporation. Reconfiguration success or error status: 0.
Information,18-12-2024 10:47:45,MsiInstaller,1035,None,Windows Installer reconfigured the product. Product Name: MySQL Server 8.1. Product Version: 8.1.0. Product Language: 1033. Manufacturer: Oracle Corporation. Reconfiguration success or error status: 0.
Information,18-12-2024 10:47:45,MsiInstaller,1035,None,Windows Installer reconfigured the product. Product Name: Dell Power Manager Service. Product Version: 3.6.0. Product Language: 1033. Manufacturer: Dell Inc.. Reconfiguration success or error status: 0.
Information,18-12-2024 10:47:45,MsiInstaller,1035,None,Windows Installer reconfigured the product. Product Name: MySQL Workbench 8.0 CE. Product Version: 8.0.34. Product Language: 1033. Manufacturer: Oracle Corporation. Reconfiguration success or error status: 0.
Information,18-12-2024 10:47:45,MsiInstaller,1035,None,Windows Installer reconfigured the product. Product Name: SQL Server Management Studio Language Pack - English. Product Version: 20.2.30.0. Product Language: 1033. Manufacturer: Microsoft Corp.. Reconfiguration success or error status: 0.
Information,18-12-2024 10:47:45,MsiInstaller,1035,None,Windows Installer reconfigured the product. Product Name: Microsoft .NET Core Runtime - 3.1.17 (x64). Product Version: 24.68.30215. Product Language: 1033. Manufacturer: Microsoft Corporation. Reconfiguration success or error status: 0.
Information,18-12-2024 10:47:45,MsiInstaller,1035,None,Windows Installer reconfigured the product. Product Name: Microsoft VSS Writer for SQL Server 2022. Product Version: 16.0.1000.6. Product Language: 1033. Manufacturer: Microsoft Corporation. Reconfiguration success or error status: 0.
Information,18-12-2024 10:47:45,MsiInstaller,1035,None,Windows Installer reconfigured the product. Product Name: SQL Server 2022 SQL Diagnostics. Product Version: 16.0.1000.6. Product Language: 1033. Manufacturer: Microsoft Corporation. Reconfiguration success or error status: 0.
Information,18-12-2024 10:47:45,MsiInstaller,1035,None,Windows Installer reconfigured the product. Product Name: Microsoft .NET Host FX Resolver - 8.0.8 (x64). Product Version: 64.32.18380. Product Language: 1033. Manufacturer: Microsoft Corporation. Reconfiguration success or error status: 0.
Information,18-12-2024 10:47:45,MsiInstaller,1035,None,Windows Installer reconfigured the product. Product Name: SQL Server 2022 Database Engine Shared. Product Version: 16.0.1000.6. Product Language: 1033. Manufacturer: Microsoft Corporation. Reconfiguration success or error status: 0.
Information,18-12-2024 10:47:45,MsiInstaller,1035,None,Windows Installer reconfigured the product. Product Name: Python 3.12.1 Add to Path (64-bit). Product Version: 3.12.1150.0. Product Language: 1033. Manufacturer: Python Software Foundation. Reconfiguration success or error status: 0.
Information,18-12-2024 10:47:45,MsiInstaller,1035,None,Windows Installer reconfigured the product. Product Name: Microsoft Visual C++ 2012 x64 Additional Runtime - 11.0.61030. Product Version: 11.0.61030. Product Language: 1033. Manufacturer: Microsoft Corporation. Reconfiguration success or error status: 0.
Information,18-12-2024 10:47:45,MsiInstaller,1035,None,Windows Installer reconfigured the product. Product Name: Dell Digital Delivery Services. Product Version: 4.0.52.0. Product Language: 1033. Manufacturer: Dell Inc.. Reconfiguration success or error status: 0.
Information,18-12-2024 10:47:44,MsiInstaller,1035,None,Windows Installer reconfigured the product. Product Name: Dell SupportAssist Remediation. Product Version: 5.1.1.11877. Product Language: 1033. Manufacturer: Dell Inc.. Reconfiguration success or error status: 0.
Information,18-12-2024 10:47:44,MsiInstaller,1035,None,Windows Installer reconfigured the product. Product Name: Microsoft Visual C++ 2013 x64 Minimum Runtime - 12.0.21005. Product Version: 12.0.21005. Product Language: 1033. Manufacturer: Microsoft Corporation. Reconfiguration success or error status: 0.
Information,18-12-2024 10:47:44,MsiInstaller,1035,None,Windows Installer reconfigured the product. Product Name: Microsoft Visual C++ 2008 Redistributable - x86 9.0.30729.6161. Product Version: 9.0.30729.6161. Product Language: 1033. Manufacturer: Microsoft Corporation. Reconfiguration success or error status: 0.
Information,18-12-2024 10:47:44,MsiInstaller,1035,None,Windows Installer reconfigured the product. Product Name: SQL Server 2022 DMF. Product Version: 16.0.1000.6. Product Language: 1033. Manufacturer: Microsoft Corporation. Reconfiguration success or error status: 0.
Information,18-12-2024 10:47:44,MsiInstaller,1035,None,Windows Installer reconfigured the product. Product Name: Intel(R) Management Engine Driver. Product Version: 1.0.0.0. Product Language: 1033. Manufacturer: Intel Corporation. Reconfiguration success or error status: 0.
Information,18-12-2024 10:47:44,MsiInstaller,1035,None,Windows Installer reconfigured the product. Product Name: Microsoft Visual C++ 2013 x64 Additional Runtime - 12.0.21005. Product Version: 12.0.21005. Product Language: 1033. Manufacturer: Microsoft Corporation. Reconfiguration success or error status: 0.
Information,18-12-2024 10:47:44,MsiInstaller,1035,None,Windows Installer reconfigured the product. Product Name: Microsoft Help Viewer 2.3. Product Version: 2.3.28307. Product Language: 1033. Manufacturer: Microsoft Corporation. Reconfiguration success or error status: 0.
Information,18-12-2024 10:47:44,MsiInstaller,1035,None,Windows Installer reconfigured the product. Product Name: Browser for SQL Server 2022. Product Version: 16.0.1000.6. Product Language: 1033. Manufacturer: Microsoft Corporation. Reconfiguration success or error status: 0.
Information,18-12-2024 10:47:44,MsiInstaller,1035,None,Windows Installer reconfigured the product. Product Name: Microsoft Analysis Services OLE DB Provider. Product Version: 16.0.5143.0. Product Language: 1033. Manufacturer: Microsoft Corporation. Reconfiguration success or error status: 0.
Information,18-12-2024 10:47:44,MsiInstaller,1033,None,Windows Installer installed the product. Product Name: SQL Server 2022 Database Engine Services. Product Version: 16.0.1000.6. Product Language: 1033. Manufacturer: Microsoft Corporation. Installation success or error status: 0.
Information,18-12-2024 10:47:44,MsiInstaller,1035,None,Windows Installer reconfigured the product. Product Name: Microsoft Integration Runtime. Product Version: 5.48.9076.1. Product Language: 1033. Manufacturer: Microsoft Corporation. Reconfiguration success or error status: 0.
Information,18-12-2024 10:47:44,MsiInstaller,1035,None,Windows Installer reconfigured the product. Product Name: SQL Server 2022 Shared Management Objects Extensions. Product Version: 16.0.1000.6. Product Language: 1033. Manufacturer: Microsoft Corporation. Reconfiguration success or error status: 0.
Information,18-12-2024 10:47:44,MsiInstaller,1035,None,Windows Installer reconfigured the product. Product Name: SQL Server 2022 Common Files. Product Version: 16.0.1000.6. Product Language: 1033. Manufacturer: Microsoft Corporation. Reconfiguration success or error status: 0.
Information,18-12-2024 10:47:44,MsiInstaller,1035,None,Windows Installer reconfigured the product. Product Name: Intel(R) Icls. Product Version: 1.0.0.0. Product Language: 1033. Manufacturer: Intel Corporation. Reconfiguration success or error status: 0.
