Information,19-12-2024 08:52:57,MSSQLSERVER,26076,Server,SQL Server is attempting to register a Service Principal Name (SPN) for the SQL Server service. Kerberos authentication will not be possible until a SPN is registered for the SQL Server service. This is an informational message. No user action is required.
Information,19-12-2024 08:52:57,MSSQLSERVER,17126,Server,SQL Server is now ready for client connections. This is an informational message; no user action is required.
Information,19-12-2024 08:52:57,MSSQLSERVER,17201,Server,Dedicated admin connection support was established for listening locally on port 1434.
Information,19-12-2024 08:52:57,MSSQLSERVER,26022,Server,Server is listening on [ 127.0.0.1 <ipv4> 1434] accept sockets 1.
Information,19-12-2024 08:52:57,MSSQLSERVER,26022,Server,Server is listening on [ ::1 <ipv6> 1434] accept sockets 1.
Information,19-12-2024 08:52:57,MSSQLSERVER,26048,Server,Server local connection provider is ready to accept connection on [ \\.\pipe\sql\query ].
Information,19-12-2024 08:52:57,MSSQLSERVER,26048,Server,Server local connection provider is ready to accept connection on [ \\.\pipe\SQLLocal\MSSQLSERVER ].
Information,19-12-2024 08:52:57,MSSQLSERVER,26018,Server,A self-generated certificate was successfully loaded for encryption.
Information,19-12-2024 08:52:57,MSSQLSERVER,17137,Server,Starting up database 'model_msdb'.
Information,19-12-2024 08:52:57,MSSQLSERVER,17137,Server,Starting up database 'model'.
Information,19-12-2024 08:52:57,MSSQLSERVER,958,Server,The resource database build version is 16.00.1000. This is an informational message only. No user action is required.
Information,19-12-2024 08:52:56,MSSQLSERVER,17137,Server,Starting up database 'mssqlsystemresource'.
Information,19-12-2024 08:52:56,MSSQLSERVER,17137,Server,Starting up database 'model_replicatedmaster'.
Information,19-12-2024 08:52:56,MSSQLSERVER,17137,Server,Starting up database 'master'.
Information,19-12-2024 08:52:56,MSSQLSERVER,49910,Server,Software Usage Metrics is disabled.
Information,19-12-2024 08:52:56,MSSQLSERVER,9048,Server,clflushopt is selected for pmem flush operation.
Information,19-12-2024 08:52:56,MSSQLSERVER,17118,Server,Database Instant File Initialization: enabled. For security and performance considerations see the topic 'Database Instant File Initialization' in SQL Server Books Online. This is an informational message only. No user action is required.
Information,19-12-2024 08:52:56,MSSQLSERVER,6253,Server,Common language runtime (CLR) functionality initialized using CLR version v4.0.30319 from C:\Windows\Microsoft.NET\Framework64\v4.0.30319\.
Information,19-12-2024 08:52:55,MSSQLSERVER,17125,Server,Using dynamic lock allocation.  Initial allocation of 2500 Lock blocks and 5000 Lock Owner blocks per node.  This is an informational message only.  No user action is required.
Information,19-12-2024 08:52:55,MSSQLSERVER,17152,Server,Node configuration: node 0: CPU mask: 0x00000000000000ff:0 Active CPU mask: 0x00000000000000ff:0. This message provides a description of the NUMA configuration for this computer. This is an informational message only. No user action is required.
Information,19-12-2024 08:52:55,MSSQLSERVER,17176,Server,This instance of SQL Server last reported using a process ID of 12520 at 18-12-2024 23:15:15 (local) 18-12-2024 17:45:15 (UTC). This is an informational message only; no user action is required.
Information,19-12-2024 08:52:55,MSSQLSERVER,17811,Server,The maximum number of dedicated administrator connections for this instance is '1'
Information,19-12-2024 08:52:55,MSSQLSERVER,17264,Server,CPU vectorization level(s) detected:  SSE SSE2 SSE3 SSSE3 SSE41 SSE42 AVX AVX2 POPCNT BMI1 BMI2 AVX512 (F CD BW DQ VL IFMA VBMI VBMI2 VNNI BITALG VPOQCNTDQ)
Information,19-12-2024 08:52:55,MSSQLSERVER,873,Server,Buffer pool extension is already disabled. No action is necessary.
Information,19-12-2024 08:52:54,MSSQLSERVER,49917,Server,Default collation: Latin1_General_CI_AI (us_english 1033)
Information,19-12-2024 08:52:54,MSSQLSERVER,894,Server,Buffer Pool: Allocating 1048576 bytes for 1011731 hashPages.
Information,19-12-2024 08:52:54,MSSQLSERVER,852,Server,Using conventional memory in the memory manager.
Information,19-12-2024 08:52:54,MSSQLSERVER,49903,Server,Detected 7959 MB of RAM. This is an informational message; no user action is required.
Information,19-12-2024 08:52:54,MSSQLSERVER,17162,Server,SQL Server is starting at normal priority base (=7). This is an informational message only. No user action is required.
Information,19-12-2024 08:52:54,MSSQLSERVER,17164,Server,"SQL Server detected 1 sockets with 4 cores per socket and 8 logical processors per socket, 8 total logical processors; using 8 logical processors based on SQL Server licensing. This is an informational message; no user action is required."
Information,19-12-2024 08:52:54,MSSQLSERVER,17115,Server,"Command Line Startup Parameters:
	 -s ""MSSQLSERVER"""
Information,19-12-2024 08:52:54,MSSQLSERVER,17110,Server,"Registry startup parameters: 
	 -d C:\Program Files\Microsoft SQL Server\MSSQL16.MSSQLSERVER\MSSQL\DATA\master.mdf
	 -e C:\Program Files\Microsoft SQL Server\MSSQL16.MSSQLSERVER\MSSQL\Log\ERRORLOG
	 -l C:\Program Files\Microsoft SQL Server\MSSQL16.MSSQLSERVER\MSSQL\DATA\mastlog.ldf"
Information,19-12-2024 08:52:54,MSSQLSERVER,49904,Server,The service account is 'NT Service\MSSQLSERVER'. This is an informational message; no user action is required.
Information,19-12-2024 08:52:54,MSSQLSERVER,17111,Server,Logging SQL Server messages in file 'C:\Program Files\Microsoft SQL Server\MSSQL16.MSSQLSERVER\MSSQL\Log\ERRORLOG'.
Information,19-12-2024 08:52:54,MSSQLSERVER,15268,Server,Authentication mode is MIXED.
Information,19-12-2024 08:52:54,MSSQLSERVER,18496,Server,"System Manufacturer: 'Dell Inc.', System Model: 'Vostro 3491'."
Information,19-12-2024 08:52:54,MSSQLSERVER,17104,Server,Server process ID is 17824.
Information,19-12-2024 08:52:54,MSSQLSERVER,17103,Server,All rights reserved.
Information,19-12-2024 08:52:54,MSSQLSERVER,17101,Server,(c) Microsoft Corporation.
Information,19-12-2024 08:52:54,MSSQLSERVER,49916,Server,UTC adjustment: 5:30
Information,19-12-2024 08:52:54,MSSQLSERVER,17069,Server,Microsoft SQL Server 2022 (RTM) - 16.0.1000.6 (X64) 
	Oct  8 2022 05:58:25 
	Copyright (C) 2022 Microsoft Corporation
	Developer Edition (64-bit) on Windows 10 Home Single Language 10.0 <X64> (Build 22631: ) (Hypervisor)

Information,19-12-2024 08:52:53,edgeupdate,0,None,Service stopped.
Information,19-12-2024 08:52:52,DMGUpgradeService,0,None,Service started successfully.
Error,19-12-2024 08:52:22,.NET Runtime,1023,None,"Description: A .NET application failed.
Application: Dell.TechHub.exe
Path: C:\Program Files\Dell\TechHub\Dell.TechHub.exe
Message: You must install or update .NET to run this application.

App: C:\Program Files\Dell\TechHub\Dell.TechHub.exe
Architecture: x64
Framework: 'Microsoft.NETCore.App', version '6.0.0' (x64)
.NET location: C:\Program Files\dotnet\

The following frameworks were found:
  3.1.17 at [C:\Program Files\dotnet\shared\Microsoft.NETCore.App]
  8.0.8 at [C:\Program Files\dotnet\shared\Microsoft.NETCore.App]

Learn more:
https://aka.ms/dotnet/app-launch-failed

To install missing framework, download:
https://aka.ms/dotnet-core-applaunch?framework=Microsoft.NETCore.App&framework_version=6.0.0&arch=x64&rid=win-x64&os=win10

"
Error,19-12-2024 08:52:21,SideBySide,59,None,"Activation context generation failed for ""C:\Program Files (x86)\Dell\UpdateService\ServiceShell.exe"".Error in manifest or policy file ""C:\Program Files (x86)\Dell\UpdateService\ServiceShell.exe.Config"" on line 11. Invalid Xml syntax."
Information,19-12-2024 08:52:21,Dell SupportAssist Remediation,0,None,Service started successfully.
Information,19-12-2024 08:52:21,Dell Digital Delivery Services,0,None,Service started successfully.
Information,19-12-2024 08:52:20,brave,0,None,The operation completed successfully. 
Information,19-12-2024 08:52:13,SecurityCenter,15,None,Updated McAfee status successfully to SECURITY_PRODUCT_STATE_OFF.
Information,19-12-2024 08:52:12,SecurityCenter,15,None,Updated McAfee status successfully to SECURITY_PRODUCT_STATE_EXPIRED.
Information,19-12-2024 08:52:10,SecurityCenter,15,None,Updated Windows Defender status successfully to SECURITY_PRODUCT_STATE_ON.
Information,19-12-2024 08:52:08,SecurityCenter,1,None,The Windows Security Center Service has started.
Information,19-12-2024 08:50:31,Microsoft-Windows-Search,1003,Search service,The Windows Search Service started.

Information,19-12-2024 08:50:25,igfxCUIService2.0.0.0,0,None,The operation completed successfully. 
Information,19-12-2024 08:50:25,Microsoft-Windows-Winlogon,6000,None,The winlogon notification subscriber <SessionEnv> was unavailable to handle a notification event.
Information,19-12-2024 08:50:25,igfxCUIService2.0.0.0,0,None,The operation completed successfully. 
Information,19-12-2024 08:50:25,igfxCUIService2.0.0.0,0,None,The operation completed successfully. 
Information,19-12-2024 08:50:23,Microsoft-Windows-Winlogon,6003,None,The winlogon notification subscriber <SessionEnv> was unavailable to handle a critical notification event.
Warning,19-12-2024 08:50:21,Microsoft-Windows-WMI,63,None,"A provider, IntelMEProv, has been registered in the Windows Management Instrumentation namespace root\Intel_ME to use the LocalSystem account. This account is privileged and the provider may cause a security violation if it does not correctly impersonate user requests."
Warning,19-12-2024 08:50:21,Microsoft-Windows-WMI,63,None,"A provider, IntelMEProv, has been registered in the Windows Management Instrumentation namespace root\Intel_ME to use the LocalSystem account. This account is privileged and the provider may cause a security violation if it does not correctly impersonate user requests."
Warning,19-12-2024 08:50:21,Microsoft-Windows-WMI,63,None,"A provider, IntelMEProv, has been registered in the Windows Management Instrumentation namespace root\Intel_ME to use the LocalSystem account. This account is privileged and the provider may cause a security violation if it does not correctly impersonate user requests."
Information,19-12-2024 08:50:21,WMIRegistrationService,2,None,Intel(R) WMI Registration Service has successfully finished WMI Registration.
Information,19-12-2024 08:50:21,SebWindowsService,0,None,Service started successfully.
Information,19-12-2024 08:50:19,igccservice,0,None,Service started successfully.
Information,19-12-2024 08:50:18,Microsoft-Windows-WMI,5617,None,Windows Management Instrumentation Service subsystems initialized successfully
Information,19-12-2024 08:50:18,LMS,0,None,Service started/resumed
Information,19-12-2024 08:50:18,LMS,2000,LMS,Local Management Service started.

Information,19-12-2024 08:50:18,WMIRegistrationService,0,None,Intel(R) WMI Registration Service started.
Information,19-12-2024 08:50:18,Microsoft-Windows-WMI,5615,None,Windows Management Instrumentation Service started sucessfully
Information,19-12-2024 08:50:18,IntelDalJhi,0,None,Intel(R) Dynamic Application Loader Host Interface Service started.
Information,19-12-2024 08:50:18,RtkAudioUniversalService,0,None,The operation completed successfully. 
Information,19-12-2024 08:50:16,Microsoft-Windows-User Profiles Service,1531,None,"The User Profile Service has started successfully.  

"
Information,18-12-2024 23:15:16,Microsoft-Windows-User Profiles Service,1532,None,"The User Profile Service has stopped.  

"
Information,18-12-2024 23:15:16,RtkAudioUniversalService,0,None,The operation completed successfully. 
Information,18-12-2024 23:15:16,igccservice,0,None,Service has been successfully shut down.
Information,18-12-2024 23:15:15,MSSQLSERVER,17147,Server,SQL Server is terminating because of a system shutdown. This is an informational message only. No user action is required.
Information,18-12-2024 23:15:15,Microsoft-Windows-Winlogon,6000,None,The winlogon notification subscriber <SessionEnv> was unavailable to handle a notification event.
Information,18-12-2024 23:15:15,Microsoft-Windows-Winlogon,6000,None,The winlogon notification subscriber <WSearch> was unavailable to handle a notification event.
Information,18-12-2024 23:15:15,igfxCUIService2.0.0.0,0,None,The operation completed successfully. 
Information,18-12-2024 23:15:15,igfxCUIService2.0.0.0,0,None,The operation completed successfully. 
Information,18-12-2024 23:10:33,MSSQLSERVER,17890,Server,"A significant part of sql server process memory has been paged out. This may result in a performance degradation. Duration: 0 seconds. Working set (KB): 202096, committed (KB): 443448, memory utilization: 45%%."
Information,18-12-2024 23:00:19,MsiInstaller,1035,None,Windows Installer reconfigured the product. Product Name: Dell Mobile Connect Drivers. Product Version: 3.1.9518. Product Language: 1033. Manufacturer: Screenovate Technologies Ltd.. Reconfiguration success or error status: 0.
Information,18-12-2024 23:00:19,MsiInstaller,1035,None,Windows Installer reconfigured the product. Product Name: SSMS Post Install Tasks. Product Version: 20.2.30.0. Product Language: 1033. Manufacturer: Microsoft Corporation. Reconfiguration success or error status: 0.
Information,18-12-2024 23:00:19,MsiInstaller,1035,None,Windows Installer reconfigured the product. Product Name: Integration Services. Product Version: 16.0.5491.7. Product Language: 1033. Manufacturer: Microsoft Corporation. Reconfiguration success or error status: 0.
Information,18-12-2024 23:00:19,MsiInstaller,1035,None,Windows Installer reconfigured the product. Product Name: SQL Server 2022 DMF. Product Version: 16.0.1000.6. Product Language: 1033. Manufacturer: Microsoft Corporation. Reconfiguration success or error status: 0.
Information,18-12-2024 23:00:19,MsiInstaller,1035,None,Windows Installer reconfigured the product. Product Name: Microsoft Update Health Tools. Product Version: 5.72.0.0. Product Language: 0. Manufacturer: Microsoft Corporation. Reconfiguration success or error status: 0.
Information,18-12-2024 23:00:19,MsiInstaller,1035,None,Windows Installer reconfigured the product. Product Name: Python 3.12.1 Development Libraries (64-bit). Product Version: 3.12.1150.0. Product Language: 1033. Manufacturer: Python Software Foundation. Reconfiguration success or error status: 0.
Information,18-12-2024 23:00:19,MsiInstaller,1035,None,Windows Installer reconfigured the product. Product Name: Microsoft Visual C++ 2012 x86 Minimum Runtime - 11.0.61030. Product Version: 11.0.61030. Product Language: 1033. Manufacturer: Microsoft Corporation. Reconfiguration success or error status: 0.
Information,18-12-2024 23:00:18,MsiInstaller,1035,None,Windows Installer reconfigured the product. Product Name: Microsoft VC++ redistributables repacked.. Product Version: 12.0.0.0. Product Language: 1033. Manufacturer: Intel Corporation. Reconfiguration success or error status: 0.
Information,18-12-2024 23:00:18,MsiInstaller,1035,None,Windows Installer reconfigured the product. Product Name: Microsoft Windows Desktop Runtime - 3.1.17 (x64). Product Version: 24.68.30215. Product Language: 1033. Manufacturer: Microsoft Corporation. Reconfiguration success or error status: 0.
Information,18-12-2024 23:00:18,MsiInstaller,1035,None,"Windows Installer reconfigured the product. Product Name: Cloudflare WARP. Product Version: 22.12.582.0. Product Language: 1033. Manufacturer: Cloudflare, Inc.. Reconfiguration success or error status: 0."
Information,18-12-2024 23:00:18,MsiInstaller,1035,None,Windows Installer reconfigured the product. Product Name: Microsoft Visual C++ 2010  x86 Redistributable - 10.0.30319. Product Version: 10.0.30319. Product Language: 0. Manufacturer: Microsoft Corporation. Reconfiguration success or error status: 0.
Information,18-12-2024 23:00:18,MsiInstaller,1035,None,"Windows Installer reconfigured the product. Product Name: Dell Update for Windows 10. Product Version: 3.1.2. Product Language: 1033. Manufacturer: Dell, Inc.. Reconfiguration success or error status: 0."
Information,18-12-2024 23:00:18,MsiInstaller,1035,None,Windows Installer reconfigured the product. Product Name: Microsoft ODBC Driver 17 for SQL Server. Product Version: 17.10.6.1. Product Language: 1033. Manufacturer: Microsoft Corporation. Reconfiguration success or error status: 0.
Information,18-12-2024 23:00:18,MsiInstaller,1035,None,Windows Installer reconfigured the product. Product Name: Python 3.12.1 Executables (64-bit). Product Version: 3.12.1150.0. Product Language: 1033. Manufacturer: Python Software Foundation. Reconfiguration success or error status: 0.
Information,18-12-2024 23:00:18,MsiInstaller,1033,None,Windows Installer installed the product. Product Name: SQL Server 2022 Database Engine Services. Product Version: 16.0.1000.6. Product Language: 1033. Manufacturer: Microsoft Corporation. Installation success or error status: 0.
Information,18-12-2024 23:00:18,MsiInstaller,1035,None,Windows Installer reconfigured the product. Product Name: Microsoft Visual C++ 2012 x64 Minimum Runtime - 11.0.61030. Product Version: 11.0.61030. Product Language: 1033. Manufacturer: Microsoft Corporation. Reconfiguration success or error status: 0.
Information,18-12-2024 23:00:18,MsiInstaller,1035,None,Windows Installer reconfigured the product. Product Name: SQL Server 2022 Common Files. Product Version: 16.0.1000.6. Product Language: 1033. Manufacturer: Microsoft Corporation. Reconfiguration success or error status: 0.
Information,18-12-2024 23:00:18,MsiInstaller,1035,None,Windows Installer reconfigured the product. Product Name: Dynamic Application Loader Host Interface Service. Product Version: 1.0.0.0. Product Language: 1033. Manufacturer: Intel Corporation. Reconfiguration success or error status: 0.
Information,18-12-2024 23:00:18,MsiInstaller,1035,None,Windows Installer reconfigured the product. Product Name: Microsoft Visual C++ 2012 x86 Additional Runtime - 11.0.61030. Product Version: 11.0.61030. Product Language: 1033. Manufacturer: Microsoft Corporation. Reconfiguration success or error status: 0.
Information,18-12-2024 23:00:18,MsiInstaller,1035,None,Windows Installer reconfigured the product. Product Name: Microsoft .NET Runtime - 8.0.8 (x64). Product Version: 64.32.18380. Product Language: 1033. Manufacturer: Microsoft Corporation. Reconfiguration success or error status: 0.
Information,18-12-2024 23:00:18,MsiInstaller,1035,None,Windows Installer reconfigured the product. Product Name: Microsoft SQL Server 2022 Setup (English). Product Version: 16.0.1000.6. Product Language: 1033. Manufacturer: Microsoft Corporation. Reconfiguration success or error status: 0.
Information,18-12-2024 23:00:18,MsiInstaller,1035,None,Windows Installer reconfigured the product. Product Name: Python 3.12.1 pip Bootstrap (64-bit). Product Version: 3.12.1150.0. Product Language: 1033. Manufacturer: Python Software Foundation. Reconfiguration success or error status: 0.
Information,18-12-2024 23:00:17,MsiInstaller,1035,None,Windows Installer reconfigured the product. Product Name: Microsoft .NET Core Host - 3.1.17 (x64). Product Version: 24.68.30215. Product Language: 1033. Manufacturer: Microsoft Corporation. Reconfiguration success or error status: 0.
Information,18-12-2024 23:00:17,MsiInstaller,1035,None,Windows Installer reconfigured the product. Product Name: SQL Server 2022 Shared Management Objects Extensions. Product Version: 16.0.1000.6. Product Language: 1033. Manufacturer: Microsoft Corporation. Reconfiguration success or error status: 0.
Information,18-12-2024 23:00:17,MsiInstaller,1035,None,Windows Installer reconfigured the product. Product Name: SQL Server 2022 Shared Management Objects. Product Version: 16.0.1000.6. Product Language: 1033. Manufacturer: Microsoft Corporation. Reconfiguration success or error status: 0.
Information,18-12-2024 23:00:17,MsiInstaller,1035,None,Windows Installer reconfigured the product. Product Name: SQL Server Management Studio. Product Version: 20.2.30.0. Product Language: 1033. Manufacturer: Microsoft Corp.. Reconfiguration success or error status: 0.
Information,18-12-2024 23:00:17,MsiInstaller,1035,None,Windows Installer reconfigured the product. Product Name: Node.js. Product Version: 20.10.0. Product Language: 1033. Manufacturer: Node.js Foundation. Reconfiguration success or error status: 0.
Information,18-12-2024 23:00:17,MsiInstaller,1035,None,Windows Installer reconfigured the product. Product Name: Microsoft .NET Core Host FX Resolver - 3.1.17 (x64). Product Version: 24.68.30215. Product Language: 1033. Manufacturer: Microsoft Corporation. Reconfiguration success or error status: 0.
Information,18-12-2024 23:00:17,MsiInstaller,1035,None,Windows Installer reconfigured the product. Product Name: Microsoft Visual C++ 2022 X86 Minimum Runtime - 14.30.30708. Product Version: 14.30.30708. Product Language: 1033. Manufacturer: Microsoft Corporation. Reconfiguration success or error status: 0.
Information,18-12-2024 23:00:17,MsiInstaller,1035,None,Windows Installer reconfigured the product. Product Name: Visual Studio 2017 Isolated Shell for SSMS. Product Version: 15.0.28307.421. Product Language: 1033. Manufacturer: Microsoft Corporation. Reconfiguration success or error status: 0.
Information,18-12-2024 23:00:17,MsiInstaller,1035,None,Windows Installer reconfigured the product. Product Name: Microsoft SQL Server 2022 RsFx Driver. Product Version: 16.0.1000.6. Product Language: 1033. Manufacturer: Microsoft Corporation. Reconfiguration success or error status: 0.
Information,18-12-2024 23:00:17,MsiInstaller,1035,None,Windows Installer reconfigured the product. Product Name: Dell Mobile Connect Drivers. Product Version: 3.1.9518. Product Language: 1033. Manufacturer: Screenovate Technologies Ltd.. Reconfiguration success or error status: 0.
Information,18-12-2024 23:00:17,MsiInstaller,1035,None,Windows Installer reconfigured the product. Product Name: SSMS Post Install Tasks. Product Version: 20.2.30.0. Product Language: 1033. Manufacturer: Microsoft Corporation. Reconfiguration success or error status: 0.
Information,18-12-2024 23:00:17,MsiInstaller,1035,None,Windows Installer reconfigured the product. Product Name: Integration Services. Product Version: 16.0.5491.7. Product Language: 1033. Manufacturer: Microsoft Corporation. Reconfiguration success or error status: 0.
Information,18-12-2024 23:00:16,MsiInstaller,1035,None,Windows Installer reconfigured the product. Product Name: SQL Server 2022 DMF. Product Version: 16.0.1000.6. Product Language: 1033. Manufacturer: Microsoft Corporation. Reconfiguration success or error status: 0.
Information,18-12-2024 23:00:16,MsiInstaller,1035,None,Windows Installer reconfigured the product. Product Name: Microsoft Update Health Tools. Product Version: 5.72.0.0. Product Language: 0. Manufacturer: Microsoft Corporation. Reconfiguration success or error status: 0.
Information,18-12-2024 23:00:16,MsiInstaller,1035,None,Windows Installer reconfigured the product. Product Name: Python 3.12.1 Development Libraries (64-bit). Product Version: 3.12.1150.0. Product Language: 1033. Manufacturer: Python Software Foundation. Reconfiguration success or error status: 0.
Information,18-12-2024 23:00:16,MsiInstaller,1035,None,Windows Installer reconfigured the product. Product Name: Microsoft Visual C++ 2012 x86 Minimum Runtime - 11.0.61030. Product Version: 11.0.61030. Product Language: 1033. Manufacturer: Microsoft Corporation. Reconfiguration success or error status: 0.
Information,18-12-2024 23:00:16,MsiInstaller,1035,None,Windows Installer reconfigured the product. Product Name: Microsoft VC++ redistributables repacked.. Product Version: 12.0.0.0. Product Language: 1033. Manufacturer: Intel Corporation. Reconfiguration success or error status: 0.
Information,18-12-2024 23:00:16,MsiInstaller,1035,None,Windows Installer reconfigured the product. Product Name: Microsoft Windows Desktop Runtime - 3.1.17 (x64). Product Version: 24.68.30215. Product Language: 1033. Manufacturer: Microsoft Corporation. Reconfiguration success or error status: 0.
Information,18-12-2024 23:00:16,MsiInstaller,1035,None,"Windows Installer reconfigured the product. Product Name: Cloudflare WARP. Product Version: 22.12.582.0. Product Language: 1033. Manufacturer: Cloudflare, Inc.. Reconfiguration success or error status: 0."
Information,18-12-2024 23:00:16,MsiInstaller,1035,None,Windows Installer reconfigured the product. Product Name: Microsoft Visual C++ 2010  x86 Redistributable - 10.0.30319. Product Version: 10.0.30319. Product Language: 0. Manufacturer: Microsoft Corporation. Reconfiguration success or error status: 0.
Information,18-12-2024 23:00:16,MsiInstaller,1035,None,"Windows Installer reconfigured the product. Product Name: Dell Update for Windows 10. Product Version: 3.1.2. Product Language: 1033. Manufacturer: Dell, Inc.. Reconfiguration success or error status: 0."
Information,18-12-2024 23:00:16,MsiInstaller,1035,None,Windows Installer reconfigured the product. Product Name: Microsoft ODBC Driver 17 for SQL Server. Product Version: 17.10.6.1. Product Language: 1033. Manufacturer: Microsoft Corporation. Reconfiguration success or error status: 0.
Information,18-12-2024 23:00:16,MsiInstaller,1035,None,Windows Installer reconfigured the product. Product Name: Python 3.12.1 Executables (64-bit). Product Version: 3.12.1150.0. Product Language: 1033. Manufacturer: Python Software Foundation. Reconfiguration success or error status: 0.
Information,18-12-2024 23:00:16,MsiInstaller,1033,None,Windows Installer installed the product. Product Name: SQL Server 2022 Database Engine Services. Product Version: 16.0.1000.6. Product Language: 1033. Manufacturer: Microsoft Corporation. Installation success or error status: 0.
Information,18-12-2024 23:00:16,MsiInstaller,1035,None,Windows Installer reconfigured the product. Product Name: Microsoft Visual C++ 2012 x64 Minimum Runtime - 11.0.61030. Product Version: 11.0.61030. Product Language: 1033. Manufacturer: Microsoft Corporation. Reconfiguration success or error status: 0.
Information,18-12-2024 23:00:16,MsiInstaller,1035,None,Windows Installer reconfigured the product. Product Name: Intel(R) Management Engine Components. Product Version: 1.0.0.0. Product Language: 1033. Manufacturer: Intel Corporation. Reconfiguration success or error status: 0.
Information,18-12-2024 23:00:15,MsiInstaller,1035,None,Windows Installer reconfigured the product. Product Name: SQL Server 2022 XEvent. Product Version: 16.0.1000.6. Product Language: 1033. Manufacturer: Microsoft Corporation. Reconfiguration success or error status: 0.
Information,18-12-2024 23:00:15,MsiInstaller,1035,None,Windows Installer reconfigured the product. Product Name: SQL Server 2022 Batch Parser. Product Version: 16.0.1000.6. Product Language: 1033. Manufacturer: Microsoft Corporation. Reconfiguration success or error status: 0.
Information,18-12-2024 23:00:15,MsiInstaller,1035,None,Windows Installer reconfigured the product. Product Name: Microsoft .NET Host - 8.0.8 (x64). Product Version: 64.32.18380. Product Language: 1033. Manufacturer: Microsoft Corporation. Reconfiguration success or error status: 0.
Information,18-12-2024 23:00:15,MsiInstaller,1035,None,Windows Installer reconfigured the product. Product Name: MySQL Server 8.1. Product Version: 8.1.0. Product Language: 1033. Manufacturer: Oracle Corporation. Reconfiguration success or error status: 0.
Information,18-12-2024 23:00:15,MsiInstaller,1035,None,Windows Installer reconfigured the product. Product Name: Dell Power Manager Service. Product Version: 3.6.0. Product Language: 1033. Manufacturer: Dell Inc.. Reconfiguration success or error status: 0.
Information,18-12-2024 23:00:15,MsiInstaller,1035,None,Windows Installer reconfigured the product. Product Name: MySQL Workbench 8.0 CE. Product Version: 8.0.34. Product Language: 1033. Manufacturer: Oracle Corporation. Reconfiguration success or error status: 0.
Information,18-12-2024 23:00:15,MsiInstaller,1035,None,Windows Installer reconfigured the product. Product Name: SQL Server Management Studio Language Pack - English. Product Version: 20.2.30.0. Product Language: 1033. Manufacturer: Microsoft Corp.. Reconfiguration success or error status: 0.
Information,18-12-2024 23:00:15,MsiInstaller,1035,None,Windows Installer reconfigured the product. Product Name: Microsoft .NET Core Runtime - 3.1.17 (x64). Product Version: 24.68.30215. Product Language: 1033. Manufacturer: Microsoft Corporation. Reconfiguration success or error status: 0.
Information,18-12-2024 23:00:15,MsiInstaller,1035,None,Windows Installer reconfigured the product. Product Name: Microsoft VSS Writer for SQL Server 2022. Product Version: 16.0.1000.6. Product Language: 1033. Manufacturer: Microsoft Corporation. Reconfiguration success or error status: 0.
Information,18-12-2024 23:00:15,MsiInstaller,1035,None,Windows Installer reconfigured the product. Product Name: SQL Server 2022 SQL Diagnostics. Product Version: 16.0.1000.6. Product Language: 1033. Manufacturer: Microsoft Corporation. Reconfiguration success or error status: 0.
Information,18-12-2024 23:00:15,MsiInstaller,1035,None,Windows Installer reconfigured the product. Product Name: Microsoft .NET Host FX Resolver - 8.0.8 (x64). Product Version: 64.32.18380. Product Language: 1033. Manufacturer: Microsoft Corporation. Reconfiguration success or error status: 0.
Information,18-12-2024 23:00:15,MsiInstaller,1035,None,Windows Installer reconfigured the product. Product Name: SQL Server 2022 Database Engine Shared. Product Version: 16.0.1000.6. Product Language: 1033. Manufacturer: Microsoft Corporation. Reconfiguration success or error status: 0.
Information,18-12-2024 23:00:15,MsiInstaller,1035,None,Windows Installer reconfigured the product. Product Name: Python 3.12.1 Add to Path (64-bit). Product Version: 3.12.1150.0. Product Language: 1033. Manufacturer: Python Software Foundation. Reconfiguration success or error status: 0.
Information,18-12-2024 23:00:14,MsiInstaller,1035,None,Windows Installer reconfigured the product. Product Name: Microsoft Visual C++ 2012 x64 Additional Runtime - 11.0.61030. Product Version: 11.0.61030. Product Language: 1033. Manufacturer: Microsoft Corporation. Reconfiguration success or error status: 0.
Information,18-12-2024 23:00:14,MsiInstaller,1035,None,Windows Installer reconfigured the product. Product Name: Dell Digital Delivery Services. Product Version: 4.0.52.0. Product Language: 1033. Manufacturer: Dell Inc.. Reconfiguration success or error status: 0.
Information,18-12-2024 23:00:14,MsiInstaller,1035,None,Windows Installer reconfigured the product. Product Name: Dell SupportAssist Remediation. Product Version: 5.1.1.11877. Product Language: 1033. Manufacturer: Dell Inc.. Reconfiguration success or error status: 0.
Information,18-12-2024 23:00:14,MsiInstaller,1035,None,Windows Installer reconfigured the product. Product Name: Microsoft Visual C++ 2013 x64 Minimum Runtime - 12.0.21005. Product Version: 12.0.21005. Product Language: 1033. Manufacturer: Microsoft Corporation. Reconfiguration success or error status: 0.
Information,18-12-2024 23:00:14,MsiInstaller,1035,None,Windows Installer reconfigured the product. Product Name: Microsoft Visual C++ 2008 Redistributable - x86 9.0.30729.6161. Product Version: 9.0.30729.6161. Product Language: 1033. Manufacturer: Microsoft Corporation. Reconfiguration success or error status: 0.
Information,18-12-2024 23:00:14,MsiInstaller,1035,None,Windows Installer reconfigured the product. Product Name: SQL Server 2022 DMF. Product Version: 16.0.1000.6. Product Language: 1033. Manufacturer: Microsoft Corporation. Reconfiguration success or error status: 0.
Information,18-12-2024 23:00:14,MsiInstaller,1035,None,Windows Installer reconfigured the product. Product Name: Intel(R) Management Engine Driver. Product Version: 1.0.0.0. Product Language: 1033. Manufacturer: Intel Corporation. Reconfiguration success or error status: 0.
Information,18-12-2024 23:00:14,MsiInstaller,1035,None,Windows Installer reconfigured the product. Product Name: Microsoft Visual C++ 2013 x64 Additional Runtime - 12.0.21005. Product Version: 12.0.21005. Product Language: 1033. Manufacturer: Microsoft Corporation. Reconfiguration success or error status: 0.
Information,18-12-2024 23:00:14,MsiInstaller,1035,None,Windows Installer reconfigured the product. Product Name: Microsoft Help Viewer 2.3. Product Version: 2.3.28307. Product Language: 1033. Manufacturer: Microsoft Corporation. Reconfiguration success or error status: 0.
Information,18-12-2024 23:00:14,MsiInstaller,1035,None,Windows Installer reconfigured the product. Product Name: Browser for SQL Server 2022. Product Version: 16.0.1000.6. Product Language: 1033. Manufacturer: Microsoft Corporation. Reconfiguration success or error status: 0.
Information,18-12-2024 23:00:14,MsiInstaller,1035,None,Windows Installer reconfigured the product. Product Name: Microsoft Analysis Services OLE DB Provider. Product Version: 16.0.5143.0. Product Language: 1033. Manufacturer: Microsoft Corporation. Reconfiguration success or error status: 0.
Information,18-12-2024 23:00:14,MsiInstaller,1033,None,Windows Installer installed the product. Product Name: SQL Server 2022 Database Engine Services. Product Version: 16.0.1000.6. Product Language: 1033. Manufacturer: Microsoft Corporation. Installation success or error status: 0.
Information,18-12-2024 23:00:14,MsiInstaller,1035,None,Windows Installer reconfigured the product. Product Name: Microsoft Integration Runtime. Product Version: 5.48.9076.1. Product Language: 1033. Manufacturer: Microsoft Corporation. Reconfiguration success or error status: 0.
Information,18-12-2024 23:00:13,MsiInstaller,1035,None,Windows Installer reconfigured the product. Product Name: SQL Server 2022 Shared Management Objects Extensions. Product Version: 16.0.1000.6. Product Language: 1033. Manufacturer: Microsoft Corporation. Reconfiguration success or error status: 0.
Information,18-12-2024 23:00:13,MsiInstaller,1035,None,Windows Installer reconfigured the product. Product Name: SQL Server 2022 Common Files. Product Version: 16.0.1000.6. Product Language: 1033. Manufacturer: Microsoft Corporation. Reconfiguration success or error status: 0.
Information,18-12-2024 23:00:13,MsiInstaller,1035,None,Windows Installer reconfigured the product. Product Name: Intel(R) Icls. Product Version: 1.0.0.0. Product Language: 1033. Manufacturer: Intel Corporation. Reconfiguration success or error status: 0.
Information,18-12-2024 23:00:13,MsiInstaller,1035,None,Windows Installer reconfigured the product. Product Name: Microsoft Visual Studio Tools for Applications 2019 x86 Hosting Support. Product Version: 16.0.31110. Product Language: 1033. Manufacturer: Microsoft Corporation. Reconfiguration success or error status: 0.
Information,18-12-2024 23:00:13,MsiInstaller,1035,None,Windows Installer reconfigured the product. Product Name: Microsoft Visual C++ 2022 X64 Additional Runtime - 14.32.31332. Product Version: 14.32.31332. Product Language: 1033. Manufacturer: Microsoft Corporation. Reconfiguration success or error status: 0.
Information,18-12-2024 23:00:13,MsiInstaller,1035,None,Windows Installer reconfigured the product. Product Name: Python 3.12.1 Standard Library (64-bit). Product Version: 3.12.1150.0. Product Language: 1033. Manufacturer: Python Software Foundation. Reconfiguration success or error status: 0.
Information,18-12-2024 23:00:13,MsiInstaller,1035,None,Windows Installer reconfigured the product. Product Name: Python Launcher. Product Version: 3.12.1150.0. Product Language: 1033. Manufacturer: Python Software Foundation. Reconfiguration success or error status: 0.
Information,18-12-2024 23:00:13,MsiInstaller,1035,None,Windows Installer reconfigured the product. Product Name: Python 3.12.1 Core Interpreter (64-bit). Product Version: 3.12.1150.0. Product Language: 1033. Manufacturer: Python Software Foundation. Reconfiguration success or error status: 0.
Information,18-12-2024 23:00:13,MsiInstaller,1035,None,Windows Installer reconfigured the product. Product Name: Dell SupportAssist. Product Version: 3.12.2.40. Product Language: 1033. Manufacturer: Dell Inc.. Reconfiguration success or error status: 0.
Information,18-12-2024 23:00:13,MsiInstaller,1035,None,Windows Installer reconfigured the product. Product Name: Microsoft Visual Studio Tools for Applications 2019 x64 Hosting Support. Product Version: 16.0.31110. Product Language: 1033. Manufacturer: Microsoft Corporation. Reconfiguration success or error status: 0.
Information,18-12-2024 23:00:13,MsiInstaller,1035,None,Windows Installer reconfigured the product. Product Name: SQL Server 2022 Connection Info. Product Version: 16.0.1000.6. Product Language: 1033. Manufacturer: Microsoft Corporation. Reconfiguration success or error status: 0.
Information,18-12-2024 23:00:13,MsiInstaller,1035,None,Windows Installer reconfigured the product. Product Name: Microsoft OLE DB Driver for SQL Server. Product Version: 18.7.4.0. Product Language: 1033. Manufacturer: Microsoft Corporation. Reconfiguration success or error status: 0.
Information,18-12-2024 23:00:13,MsiInstaller,1035,None,Windows Installer reconfigured the product. Product Name: Microsoft Analysis Services OLE DB Provider. Product Version: 16.0.5143.0. Product Language: 1033. Manufacturer: Microsoft Corporation. Reconfiguration success or error status: 0.
Information,18-12-2024 23:00:13,MsiInstaller,1035,None,Windows Installer reconfigured the product. Product Name: SQL Server 2022 Connection Info. Product Version: 16.0.1000.6. Product Language: 1033. Manufacturer: Microsoft Corporation. Reconfiguration success or error status: 0.
Information,18-12-2024 23:00:12,MsiInstaller,1035,None,Windows Installer reconfigured the product. Product Name: Microsoft Visual C++ 2022 X86 Additional Runtime - 14.30.30708. Product Version: 14.30.30708. Product Language: 1033. Manufacturer: Microsoft Corporation. Reconfiguration success or error status: 0.
Information,18-12-2024 23:00:12,MsiInstaller,1035,None,Windows Installer reconfigured the product. Product Name: Python 3.12.1 Tcl/Tk Support (64-bit). Product Version: 3.12.1150.0. Product Language: 1033. Manufacturer: Python Software Foundation. Reconfiguration success or error status: 0.
Information,18-12-2024 23:00:12,MsiInstaller,1035,None,Windows Installer reconfigured the product. Product Name: Python 3.12.1 Documentation (64-bit). Product Version: 3.12.1150.0. Product Language: 1033. Manufacturer: Python Software Foundation. Reconfiguration success or error status: 0.
Information,18-12-2024 23:00:12,MsiInstaller,1035,None,Windows Installer reconfigured the product. Product Name: Microsoft Visual C++ 2013 x86 Additional Runtime - 12.0.21005. Product Version: 12.0.21005. Product Language: 1033. Manufacturer: Microsoft Corporation. Reconfiguration success or error status: 0.
Information,18-12-2024 23:00:12,MsiInstaller,1035,None,Windows Installer reconfigured the product. Product Name: Microsoft Visual C++ 2013 x86 Minimum Runtime - 12.0.21005. Product Version: 12.0.21005. Product Language: 1033. Manufacturer: Microsoft Corporation. Reconfiguration success or error status: 0.
Information,18-12-2024 23:00:12,MsiInstaller,1035,None,Windows Installer reconfigured the product. Product Name: SQL Server 2022 Database Engine Shared. Product Version: 16.0.1000.6. Product Language: 1033. Manufacturer: Microsoft Corporation. Reconfiguration success or error status: 0.
Information,18-12-2024 23:00:12,MsiInstaller,1035,None,Windows Installer reconfigured the product. Product Name: SecureExamBrowser. Product Version: 1.4.7. Product Language: 1033. Manufacturer: Hirepro. Reconfiguration success or error status: 0.
Information,18-12-2024 23:00:12,MsiInstaller,1035,None,Windows Installer reconfigured the product. Product Name: Microsoft VC++ redistributables repacked.. Product Version: 12.0.0.0. Product Language: 1033. Manufacturer: Intel Corporation. Reconfiguration success or error status: 0.
Information,18-12-2024 23:00:12,MsiInstaller,1035,None,Windows Installer reconfigured the product. Product Name: SQL Server 2022 Shared Management Objects. Product Version: 16.0.1000.6. Product Language: 1033. Manufacturer: Microsoft Corporation. Reconfiguration success or error status: 0.
Information,18-12-2024 23:00:12,MsiInstaller,1035,None,Windows Installer reconfigured the product. Product Name: Intel(R) OEM Extension. Product Version: 1.0.0.0. Product Language: 1033. Manufacturer: Intel Corporation. Reconfiguration success or error status: 0.
Information,18-12-2024 23:00:12,MsiInstaller,1035,None,Windows Installer reconfigured the product. Product Name: Intel(R) Management Engine Components. Product Version: 1.0.0.0. Product Language: 1033. Manufacturer: Intel Corporation. Reconfiguration success or error status: 0.
Information,18-12-2024 23:00:12,MsiInstaller,1035,None,Windows Installer reconfigured the product. Product Name: SQL Server 2022 XEvent. Product Version: 16.0.1000.6. Product Language: 1033. Manufacturer: Microsoft Corporation. Reconfiguration success or error status: 0.
Information,18-12-2024 23:00:12,MsiInstaller,1035,None,Windows Installer reconfigured the product. Product Name: Dell Update - SupportAssist Update Plugin. Product Version: 5.1.1.11877. Product Language: 1033. Manufacturer: Dell Inc.. Reconfiguration success or error status: 0.
Information,18-12-2024 23:00:12,MsiInstaller,1035,None,Windows Installer reconfigured the product. Product Name: Windows Subsystem for Linux. Product Version: 2.0.14.0. Product Language: 1033. Manufacturer: Microsoft Corporation. Reconfiguration success or error status: 0.
Information,18-12-2024 23:00:12,MsiInstaller,1035,None,Windows Installer reconfigured the product. Product Name: Intel(R) LMS. Product Version: 1.0.0.0. Product Language: 1033. Manufacturer: Intel Corporation. Reconfiguration success or error status: 0.
Information,18-12-2024 23:00:12,MsiInstaller,1035,None,Windows Installer reconfigured the product. Product Name: Python 3.12.1 Test Suite (64-bit). Product Version: 3.12.1150.0. Product Language: 1033. Manufacturer: Python Software Foundation. Reconfiguration success or error status: 0.
Information,18-12-2024 23:00:11,MsiInstaller,1035,None,Windows Installer reconfigured the product. Product Name: Microsoft Visual C++ 2022 X64 Minimum Runtime - 14.32.31332. Product Version: 14.32.31332. Product Language: 1033. Manufacturer: Microsoft Corporation. Reconfiguration success or error status: 0.
Information,18-12-2024 23:00:11,MsiInstaller,1035,None,Windows Installer reconfigured the product. Product Name: Office 16 Click-to-Run Licensing Component. Product Version: 16.0.18227.20162. Product Language: 0. Manufacturer: Microsoft Corporation. Reconfiguration success or error status: 0.
Information,18-12-2024 23:00:11,MsiInstaller,1035,None,Windows Installer reconfigured the product. Product Name: Office 16 Click-to-Run Localization Component. Product Version: 16.0.12527.20482. Product Language: 1033. Manufacturer: Microsoft Corporation. Reconfiguration success or error status: 0.
Information,18-12-2024 23:00:11,MsiInstaller,1035,None,Windows Installer reconfigured the product. Product Name: Office 16 Click-to-Run Extensibility Component. Product Version: 16.0.18227.20082. Product Language: 0. Manufacturer: Microsoft Corporation. Reconfiguration success or error status: 0.
Information,18-12-2024 23:00:11,MsiInstaller,1035,None,Windows Installer reconfigured the product. Product Name: SQL Server 2022 Common Files. Product Version: 16.0.1000.6. Product Language: 1033. Manufacturer: Microsoft Corporation. Reconfiguration success or error status: 0.
Information,18-12-2024 23:00:11,MsiInstaller,1035,None,Windows Installer reconfigured the product. Product Name: Dynamic Application Loader Host Interface Service. Product Version: 1.0.0.0. Product Language: 1033. Manufacturer: Intel Corporation. Reconfiguration success or error status: 0.
Information,18-12-2024 23:00:11,MsiInstaller,1035,None,Windows Installer reconfigured the product. Product Name: Microsoft Visual C++ 2012 x86 Additional Runtime - 11.0.61030. Product Version: 11.0.61030. Product Language: 1033. Manufacturer: Microsoft Corporation. Reconfiguration success or error status: 0.
Information,18-12-2024 23:00:11,MsiInstaller,1035,None,Windows Installer reconfigured the product. Product Name: Microsoft .NET Runtime - 8.0.8 (x64). Product Version: 64.32.18380. Product Language: 1033. Manufacturer: Microsoft Corporation. Reconfiguration success or error status: 0.
Information,18-12-2024 23:00:11,MsiInstaller,1035,None,Windows Installer reconfigured the product. Product Name: Microsoft SQL Server 2022 Setup (English). Product Version: 16.0.1000.6. Product Language: 1033. Manufacturer: Microsoft Corporation. Reconfiguration success or error status: 0.
Information,18-12-2024 23:00:11,MsiInstaller,1035,None,Windows Installer reconfigured the product. Product Name: Python 3.12.1 pip Bootstrap (64-bit). Product Version: 3.12.1150.0. Product Language: 1033. Manufacturer: Python Software Foundation. Reconfiguration success or error status: 0.
Information,18-12-2024 23:00:11,MsiInstaller,1035,None,Windows Installer reconfigured the product. Product Name: Microsoft .NET Core Host - 3.1.17 (x64). Product Version: 24.68.30215. Product Language: 1033. Manufacturer: Microsoft Corporation. Reconfiguration success or error status: 0.
Information,18-12-2024 23:00:11,MsiInstaller,1035,None,Windows Installer reconfigured the product. Product Name: SQL Server 2022 Shared Management Objects Extensions. Product Version: 16.0.1000.6. Product Language: 1033. Manufacturer: Microsoft Corporation. Reconfiguration success or error status: 0.
Information,18-12-2024 23:00:11,MsiInstaller,1035,None,Windows Installer reconfigured the product. Product Name: SQL Server 2022 Shared Management Objects. Product Version: 16.0.1000.6. Product Language: 1033. Manufacturer: Microsoft Corporation. Reconfiguration success or error status: 0.
Information,18-12-2024 23:00:11,MsiInstaller,1035,None,Windows Installer reconfigured the product. Product Name: SQL Server Management Studio. Product Version: 20.2.30.0. Product Language: 1033. Manufacturer: Microsoft Corp.. Reconfiguration success or error status: 0.
Information,18-12-2024 23:00:10,MsiInstaller,1035,None,Windows Installer reconfigured the product. Product Name: Node.js. Product Version: 20.10.0. Product Language: 1033. Manufacturer: Node.js Foundation. Reconfiguration success or error status: 0.
Information,18-12-2024 23:00:10,MsiInstaller,1035,None,Windows Installer reconfigured the product. Product Name: Microsoft .NET Core Host FX Resolver - 3.1.17 (x64). Product Version: 24.68.30215. Product Language: 1033. Manufacturer: Microsoft Corporation. Reconfiguration success or error status: 0.
Information,18-12-2024 23:00:10,MsiInstaller,1035,None,Windows Installer reconfigured the product. Product Name: Microsoft Visual C++ 2022 X86 Minimum Runtime - 14.30.30708. Product Version: 14.30.30708. Product Language: 1033. Manufacturer: Microsoft Corporation. Reconfiguration success or error status: 0.
Information,18-12-2024 23:00:10,MsiInstaller,1035,None,Windows Installer reconfigured the product. Product Name: Visual Studio 2017 Isolated Shell for SSMS. Product Version: 15.0.28307.421. Product Language: 1033. Manufacturer: Microsoft Corporation. Reconfiguration success or error status: 0.
Information,18-12-2024 23:00:10,MsiInstaller,1035,None,Windows Installer reconfigured the product. Product Name: Microsoft SQL Server 2022 RsFx Driver. Product Version: 16.0.1000.6. Product Language: 1033. Manufacturer: Microsoft Corporation. Reconfiguration success or error status: 0.
Information,18-12-2024 23:00:10,MsiInstaller,1035,None,Windows Installer reconfigured the product. Product Name: Intel(R) Management Engine Components. Product Version: 1.0.0.0. Product Language: 1033. Manufacturer: Intel Corporation. Reconfiguration success or error status: 0.
Information,18-12-2024 23:00:10,MsiInstaller,1035,None,Windows Installer reconfigured the product. Product Name: SQL Server 2022 XEvent. Product Version: 16.0.1000.6. Product Language: 1033. Manufacturer: Microsoft Corporation. Reconfiguration success or error status: 0.
Information,18-12-2024 23:00:10,MsiInstaller,1035,None,Windows Installer reconfigured the product. Product Name: SQL Server 2022 Batch Parser. Product Version: 16.0.1000.6. Product Language: 1033. Manufacturer: Microsoft Corporation. Reconfiguration success or error status: 0.
Information,18-12-2024 23:00:10,MsiInstaller,1035,None,Windows Installer reconfigured the product. Product Name: Microsoft .NET Host - 8.0.8 (x64). Product Version: 64.32.18380. Product Language: 1033. Manufacturer: Microsoft Corporation. Reconfiguration success or error status: 0.
Information,18-12-2024 23:00:10,MsiInstaller,1035,None,Windows Installer reconfigured the product. Product Name: MySQL Server 8.1. Product Version: 8.1.0. Product Language: 1033. Manufacturer: Oracle Corporation. Reconfiguration success or error status: 0.
Information,18-12-2024 23:00:10,MsiInstaller,1035,None,Windows Installer reconfigured the product. Product Name: Dell Power Manager Service. Product Version: 3.6.0. Product Language: 1033. Manufacturer: Dell Inc.. Reconfiguration success or error status: 0.
