Information,18-12-2024 22:26:19,MSSQLSERVER,49930,Server,Parallel redo is shutdown for database 'Assignment1' with worker pool size [4].
Information,18-12-2024 22:26:19,MSSQLSERVER,49930,Server,Parallel redo is shutdown for database 'mydb1' with worker pool size [4].
Information,18-12-2024 22:26:19,MSSQLSERVER,49930,Server,Parallel redo is shutdown for database 'carconnect_Casestudy' with worker pool size [4].
Information,18-12-2024 22:26:19,MSSQLSERVER,49930,Server,Parallel redo is shutdown for database 'projectdb' with worker pool size [4].
Information,18-12-2024 22:26:19,MSSQLSERVER,49930,Server,Parallel redo is shutdown for database 'DE_1' with worker pool size [4].
Information,18-12-2024 22:26:19,MSSQLSERVER,49930,Server,Parallel redo is shutdown for database 'Case_Study_1_OYO' with worker pool size [4].
Information,18-12-2024 22:26:19,MSSQLSERVER,49930,Server,Parallel redo is shutdown for database 'AdventureWorks2022' with worker pool size [4].
Information,18-12-2024 22:26:19,MSSQLSERVER,49930,Server,Parallel redo is shutdown for database 'coding_challenge_car_rental_system' with worker pool size [4].
Information,18-12-2024 22:26:19,MSSQLSERVER,49930,Server,Parallel redo is shutdown for database 'hexaware_test1' with worker pool size [4].
Information,18-12-2024 22:26:19,MSSQLSERVER,49930,Server,Parallel redo is shutdown for database 'coding_Challenge2' with worker pool size [4].
Information,18-12-2024 22:26:19,MSSQLSERVER,49930,Server,Parallel redo is shutdown for database 'Python_Scenario_Based' with worker pool size [4].
Information,18-12-2024 22:26:19,MSSQLSERVER,49930,Server,Parallel redo is shutdown for database 'PetPals' with worker pool size [4].
Information,18-12-2024 22:26:19,MSSQLSERVER,49930,Server,Parallel redo is shutdown for database 'DE_Coding_Challenge_1' with worker pool size [4].
Information,18-12-2024 22:26:19,MSSQLSERVER,49930,Server,Parallel redo is shutdown for database 'SISDB' with worker pool size [4].
Information,18-12-2024 22:26:19,MSSQLSERVER,49930,Server,Parallel redo is shutdown for database 'employees' with worker pool size [4].
Information,18-12-2024 22:26:19,MSSQLSERVER,49930,Server,Parallel redo is shutdown for database 'casestudy_db' with worker pool size [4].
Information,18-12-2024 22:26:19,MSSQLSERVER,49930,Server,Parallel redo is shutdown for database 'PetPlas' with worker pool size [4].
Information,18-12-2024 22:26:19,MSSQLSERVER,49930,Server,Parallel redo is shutdown for database 'Courrier_management_assignement' with worker pool size [4].
Information,18-12-2024 22:26:19,MSSQLSERVER,49930,Server,Parallel redo is shutdown for database 'pubs' with worker pool size [4].
Information,18-12-2024 22:26:19,MSSQLSERVER,49930,Server,Parallel redo is shutdown for database 'DE_Day_3' with worker pool size [4].
Information,18-12-2024 22:26:19,MSSQLSERVER,49930,Server,Parallel redo is shutdown for database 'hexaware_test' with worker pool size [4].
Information,18-12-2024 22:26:19,MSSQLSERVER,49930,Server,Parallel redo is shutdown for database 'Hexaware' with worker pool size [4].
Information,18-12-2024 22:26:19,MSSQLSERVER,17137,Server,Starting up database 'tempdb'.
Information,18-12-2024 22:26:19,MSSQLSERVER,49930,Server,Parallel redo is shutdown for database 'mydb' with worker pool size [4].
Information,18-12-2024 22:26:19,MSSQLSERVER,49930,Server,Parallel redo is shutdown for database 'carconnect' with worker pool size [4].
Information,18-12-2024 22:26:19,Microsoft-Windows-Security-SPP,900,None,"The Software Protection service is starting.
Parameters:<explicit>"
Information,18-12-2024 22:26:19,MSSQLSERVER,49930,Server,Parallel redo is started for database 'AdventureWorks2022' with worker pool size [4].
Information,18-12-2024 22:26:19,MSSQLSERVER,49930,Server,Parallel redo is started for database 'DE_1' with worker pool size [4].
Information,18-12-2024 22:26:19,MSSQLSERVER,49930,Server,Parallel redo is started for database 'Assignment_Courrier_Management' with worker pool size [4].
Information,18-12-2024 22:26:19,MSSQLSERVER,49930,Server,Parallel redo is started for database 'Courrier_management_assignement' with worker pool size [4].
Information,18-12-2024 22:26:19,MSSQLSERVER,49930,Server,Parallel redo is started for database 'projectdb' with worker pool size [4].
Information,18-12-2024 22:26:19,MSSQLSERVER,49930,Server,Parallel redo is started for database 'coding_challenge_car_rental_system' with worker pool size [4].
Information,18-12-2024 22:26:19,MSSQLSERVER,49930,Server,Parallel redo is started for database 'carconnect' with worker pool size [4].
Information,18-12-2024 22:26:19,MSSQLSERVER,49930,Server,Parallel redo is started for database 'Case_Study_1_OYO' with worker pool size [4].
Information,18-12-2024 22:26:19,MSSQLSERVER,49930,Server,Parallel redo is started for database 'DE_Day_3' with worker pool size [4].
Information,18-12-2024 22:26:19,MSSQLSERVER,49930,Server,Parallel redo is started for database 'hexaware_test1' with worker pool size [4].
Information,18-12-2024 22:26:19,MSSQLSERVER,49930,Server,Parallel redo is started for database 'Python_Scenario_Based' with worker pool size [4].
Information,18-12-2024 22:26:19,MSSQLSERVER,49930,Server,Parallel redo is started for database 'employees' with worker pool size [4].
Information,18-12-2024 22:26:19,MSSQLSERVER,49930,Server,Parallel redo is started for database 'carconnect_Casestudy' with worker pool size [4].
Information,18-12-2024 22:26:19,MSSQLSERVER,49930,Server,Parallel redo is started for database 'casestudy_db' with worker pool size [4].
Information,18-12-2024 22:26:19,MSSQLSERVER,49930,Server,Parallel redo is started for database 'PetPlas' with worker pool size [4].
Information,18-12-2024 22:26:19,MSSQLSERVER,49930,Server,Parallel redo is started for database 'PetPals' with worker pool size [4].
Information,18-12-2024 22:26:19,MSSQLSERVER,49930,Server,Parallel redo is started for database 'DE_Coding_Challenge_1' with worker pool size [4].
Information,18-12-2024 22:26:19,MSSQLSERVER,49930,Server,Parallel redo is started for database 'mydb1' with worker pool size [4].
Information,18-12-2024 22:26:19,MSSQLSERVER,49930,Server,Parallel redo is started for database 'coding_Challenge2' with worker pool size [4].
Information,18-12-2024 22:26:19,MSSQLSERVER,49930,Server,Parallel redo is started for database 'Assignment1' with worker pool size [4].
Information,18-12-2024 22:26:19,MSSQLSERVER,49930,Server,Parallel redo is started for database 'SISDB' with worker pool size [4].
Information,18-12-2024 22:26:19,MSSQLSERVER,49930,Server,Parallel redo is started for database 'pubs' with worker pool size [4].
Information,18-12-2024 22:26:19,MSSQLSERVER,49930,Server,Parallel redo is started for database 'hexaware_test' with worker pool size [4].
Information,18-12-2024 22:26:19,MSSQLSERVER,49930,Server,Parallel redo is started for database 'Hexaware' with worker pool size [4].
Information,18-12-2024 22:26:19,MSSQLSERVER,49930,Server,Parallel redo is started for database 'mydb' with worker pool size [4].
Information,18-12-2024 22:26:18,MSSQLSERVER,26067,Server,"The SQL Server Network Interface library could not register the Service Principal Name (SPN) [ MSSQLSvc/DESKTOP-OFHDUG6 ] for the SQL Server service. Windows return code: 0xffffffff, state: 63. Failure to register a SPN might cause integrated authentication to use NTLM instead of Kerberos. This is an informational message. Further action is only required if Kerberos authentication is required by authentication policies and if the SPN has not been manually registered."
Information,18-12-2024 22:26:18,MSSQLSERVER,17126,Server,SQL Server is now ready for client connections. This is an informational message; no user action is required.
Information,18-12-2024 22:26:18,MSSQLSERVER,26076,Server,SQL Server is attempting to register a Service Principal Name (SPN) for the SQL Server service. Kerberos authentication will not be possible until a SPN is registered for the SQL Server service. This is an informational message. No user action is required.
Information,18-12-2024 22:26:18,MSSQLSERVER,17201,Server,Dedicated admin connection support was established for listening locally on port 1434.
Information,18-12-2024 22:26:18,MSSQLSERVER,26022,Server,Server is listening on [ 127.0.0.1 <ipv4> 1434] accept sockets 1.
Information,18-12-2024 22:26:18,MSSQLSERVER,26022,Server,Server is listening on [ ::1 <ipv6> 1434] accept sockets 1.
Information,18-12-2024 22:26:18,MSSQLSERVER,26048,Server,Server local connection provider is ready to accept connection on [ \\.\pipe\sql\query ].
Information,18-12-2024 22:26:18,MSSQLSERVER,26048,Server,Server local connection provider is ready to accept connection on [ \\.\pipe\SQLLocal\MSSQLSERVER ].
Information,18-12-2024 22:26:18,MSSQLSERVER,26018,Server,A self-generated certificate was successfully loaded for encryption.
Information,18-12-2024 22:26:18,MSSQLSERVER,17137,Server,Starting up database 'employees'.
Information,18-12-2024 22:26:18,MSSQLSERVER,17137,Server,Starting up database 'projectdb'.
Information,18-12-2024 22:26:18,MSSQLSERVER,17137,Server,Starting up database 'Python_Scenario_Based'.
Information,18-12-2024 22:26:18,MSSQLSERVER,17137,Server,Starting up database 'DE_Coding_Challenge_1'.
Information,18-12-2024 22:26:18,MSSQLSERVER,17137,Server,Starting up database 'Case_Study_1_OYO'.
Information,18-12-2024 22:26:18,MSSQLSERVER,17137,Server,Starting up database 'DE_Day_3'.
Information,18-12-2024 22:26:18,MSSQLSERVER,17137,Server,Starting up database 'DE_1'.
Information,18-12-2024 22:26:18,MSSQLSERVER,17137,Server,Starting up database 'Assignment_Courrier_Management'.
Information,18-12-2024 22:26:18,MSSQLSERVER,17137,Server,Starting up database 'PetPlas'.
Information,18-12-2024 22:26:18,MSSQLSERVER,17137,Server,Starting up database 'AdventureWorks2022'.
Information,18-12-2024 22:26:18,MSSQLSERVER,17137,Server,Starting up database 'casestudy_db'.
Information,18-12-2024 22:26:18,MSSQLSERVER,17137,Server,Starting up database 'Courrier_management_assignement'.
Information,18-12-2024 22:26:18,MSSQLSERVER,17137,Server,Starting up database 'coding_challenge_car_rental_system'.
Information,18-12-2024 22:26:18,MSSQLSERVER,17137,Server,Starting up database 'carconnect'.
Information,18-12-2024 22:26:18,MSSQLSERVER,17137,Server,Starting up database 'PetPals'.
Information,18-12-2024 22:26:18,MSSQLSERVER,17137,Server,Starting up database 'pubs'.
Information,18-12-2024 22:26:18,MSSQLSERVER,17137,Server,Starting up database 'carconnect_Casestudy'.
Information,18-12-2024 22:26:18,MSSQLSERVER,17137,Server,Starting up database 'coding_Challenge2'.
Information,18-12-2024 22:26:18,MSSQLSERVER,17137,Server,Starting up database 'hexaware_test1'.
Information,18-12-2024 22:26:18,MSSQLSERVER,17137,Server,Starting up database 'mydb1'.
Information,18-12-2024 22:26:18,MSSQLSERVER,17137,Server,Starting up database 'Assignment1'.
Information,18-12-2024 22:26:18,MSSQLSERVER,17137,Server,Starting up database 'msdb'.
Information,18-12-2024 22:26:18,MSSQLSERVER,17137,Server,Starting up database 'hexaware_test'.
Information,18-12-2024 22:26:18,MSSQLSERVER,17137,Server,Starting up database 'Hexaware'.
Information,18-12-2024 22:26:18,MSSQLSERVER,17137,Server,Starting up database 'mydb'.
Information,18-12-2024 22:26:18,MSSQLSERVER,17137,Server,Starting up database 'SISDB'.
Information,18-12-2024 22:26:18,MSSQLSERVER,41111,Server,Always On: The availability replica manager is waiting for the instance of SQL Server to allow client connections. This is an informational message only. No user action is required.
Information,18-12-2024 22:26:18,MSSQLSERVER,41110,Server,Always On: The availability replica manager is starting. This is an informational message only. No user action is required.
Information,18-12-2024 22:26:18,MSSQLSERVER,17136,Server,Clearing tempdb database.
Information,18-12-2024 22:26:18,MSSQLSERVER,17663,Server,Server name is 'DESKTOP-OFHDUG6'. This is an informational message only. No user action is required.
Information,18-12-2024 22:26:18,MSSQLSERVER,19030,Server,"SQL Trace ID 1 was started by login ""sa""."
Information,18-12-2024 22:26:18,MSSQLSERVER,25753,Server,XE session 'telemetry_xevents' started.
Information,18-12-2024 22:26:18,MSSQLSERVER,25753,Server,XE session 'system_health' started.
Information,18-12-2024 22:26:18,MSSQLSERVER,33218,Server,SQL Server Audit has started the audits. This is an informational message. No user action is required.
Information,18-12-2024 22:26:18,MSSQLSERVER,33217,Server,SQL Server Audit is starting the audits. This is an informational message. No user action is required.
Information,18-12-2024 22:26:18,MSSQLSERVER,10981,Server,Resource governor reconfiguration succeeded.
Information,18-12-2024 22:26:18,MSSQLSERVER,17137,Server,Starting up database 'model_msdb'.
Information,18-12-2024 22:26:18,MSSQLSERVER,17137,Server,Starting up database 'model'.
Information,18-12-2024 22:26:18,MSSQLSERVER,958,Server,The resource database build version is 16.00.1000. This is an informational message only. No user action is required.
Information,18-12-2024 22:26:18,MSSQLSERVER,17137,Server,Starting up database 'mssqlsystemresource'.
Information,18-12-2024 22:26:18,MSSQLSERVER,17137,Server,Starting up database 'model_replicatedmaster'.
Information,18-12-2024 22:26:18,MSSQLSERVER,17137,Server,Starting up database 'master'.
Information,18-12-2024 22:26:18,MSSQLSERVER,49910,Server,Software Usage Metrics is disabled.
Information,18-12-2024 22:26:18,MSSQLSERVER,9048,Server,clflushopt is selected for pmem flush operation.
Information,18-12-2024 22:26:18,MSSQLSERVER,17118,Server,Database Instant File Initialization: enabled. For security and performance considerations see the topic 'Database Instant File Initialization' in SQL Server Books Online. This is an informational message only. No user action is required.
Information,18-12-2024 22:26:17,MSSQLSERVER,6253,Server,Common language runtime (CLR) functionality initialized using CLR version v4.0.30319 from C:\Windows\Microsoft.NET\Framework64\v4.0.30319\.
Information,18-12-2024 22:26:17,MSSQLSERVER,17125,Server,Using dynamic lock allocation.  Initial allocation of 2500 Lock blocks and 5000 Lock Owner blocks per node.  This is an informational message only.  No user action is required.
Information,18-12-2024 22:26:17,MSSQLSERVER,17152,Server,Node configuration: node 0: CPU mask: 0x00000000000000ff:0 Active CPU mask: 0x00000000000000ff:0. This message provides a description of the NUMA configuration for this computer. This is an informational message only. No user action is required.
Information,18-12-2024 22:26:17,MSSQLSERVER,17176,Server,This instance of SQL Server last reported using a process ID of 3988 at 18-12-2024 16:17:27 (local) 18-12-2024 10:47:27 (UTC). This is an informational message only; no user action is required.
Information,18-12-2024 22:26:17,MSSQLSERVER,17811,Server,The maximum number of dedicated administrator connections for this instance is '1'
Information,18-12-2024 22:26:17,MSSQLSERVER,17264,Server,CPU vectorization level(s) detected:  SSE SSE2 SSE3 SSSE3 SSE41 SSE42 AVX AVX2 POPCNT BMI1 BMI2 AVX512 (F CD BW DQ VL IFMA VBMI VBMI2 VNNI BITALG VPOQCNTDQ)
Information,18-12-2024 22:26:17,MSSQLSERVER,873,Server,Buffer pool extension is already disabled. No action is necessary.
Information,18-12-2024 22:26:16,MSSQLSERVER,49917,Server,Default collation: Latin1_General_CI_AI (us_english 1033)
Information,18-12-2024 22:26:16,MSSQLSERVER,894,Server,Buffer Pool: Allocating 2097152 bytes for 1168717 hashPages.
Information,18-12-2024 22:26:16,MSSQLSERVER,852,Server,Using conventional memory in the memory manager.
Information,18-12-2024 22:26:16,MSSQLSERVER,49903,Server,Detected 7959 MB of RAM. This is an informational message; no user action is required.
Information,18-12-2024 22:26:16,MSSQLSERVER,17162,Server,SQL Server is starting at normal priority base (=7). This is an informational message only. No user action is required.
Information,18-12-2024 22:26:16,MSSQLSERVER,17164,Server,"SQL Server detected 1 sockets with 4 cores per socket and 8 logical processors per socket, 8 total logical processors; using 8 logical processors based on SQL Server licensing. This is an informational message; no user action is required."
Information,18-12-2024 22:26:16,MSSQLSERVER,17115,Server,"Command Line Startup Parameters:
	 -s ""MSSQLSERVER"""
Information,18-12-2024 22:26:16,MSSQLSERVER,17110,Server,"Registry startup parameters: 
	 -d C:\Program Files\Microsoft SQL Server\MSSQL16.MSSQLSERVER\MSSQL\DATA\master.mdf
	 -e C:\Program Files\Microsoft SQL Server\MSSQL16.MSSQLSERVER\MSSQL\Log\ERRORLOG
	 -l C:\Program Files\Microsoft SQL Server\MSSQL16.MSSQLSERVER\MSSQL\DATA\mastlog.ldf"
Information,18-12-2024 22:26:16,MSSQLSERVER,49904,Server,The service account is 'NT Service\MSSQLSERVER'. This is an informational message; no user action is required.
Information,18-12-2024 22:26:16,MSSQLSERVER,17111,Server,Logging SQL Server messages in file 'C:\Program Files\Microsoft SQL Server\MSSQL16.MSSQLSERVER\MSSQL\Log\ERRORLOG'.
Information,18-12-2024 22:26:16,MSSQLSERVER,15268,Server,Authentication mode is MIXED.
Information,18-12-2024 22:26:16,MSSQLSERVER,18496,Server,"System Manufacturer: 'Dell Inc.', System Model: 'Vostro 3491'."
Information,18-12-2024 22:26:16,MSSQLSERVER,17104,Server,Server process ID is 12520.
Information,18-12-2024 22:26:16,MSSQLSERVER,17103,Server,All rights reserved.
Information,18-12-2024 22:26:16,MSSQLSERVER,17101,Server,(c) Microsoft Corporation.
Information,18-12-2024 22:26:16,MSSQLSERVER,49916,Server,UTC adjustment: 5:30
Information,18-12-2024 22:26:16,MSSQLSERVER,17069,Server,Microsoft SQL Server 2022 (RTM) - 16.0.1000.6 (X64) 
	Oct  8 2022 05:58:25 
	Copyright (C) 2022 Microsoft Corporation
	Developer Edition (64-bit) on Windows 10 Home Single Language 10.0 <X64> (Build 22631: ) (Hypervisor)

Information,18-12-2024 22:26:16,edgeupdate,0,None,Service stopped.
Information,18-12-2024 22:26:15,DMGUpgradeService,0,None,Service started successfully.
Error,18-12-2024 22:25:44,.NET Runtime,1023,None,"Description: A .NET application failed.
Application: Dell.TechHub.exe
Path: C:\Program Files\Dell\TechHub\Dell.TechHub.exe
Message: You must install or update .NET to run this application.

App: C:\Program Files\Dell\TechHub\Dell.TechHub.exe
Architecture: x64
Framework: 'Microsoft.NETCore.App', version '6.0.0' (x64)
.NET location: C:\Program Files\dotnet\

The following frameworks were found:
  3.1.17 at [C:\Program Files\dotnet\shared\Microsoft.NETCore.App]
  8.0.8 at [C:\Program Files\dotnet\shared\Microsoft.NETCore.App]

Learn more:
https://aka.ms/dotnet/app-launch-failed

To install missing framework, download:
https://aka.ms/dotnet-core-applaunch?framework=Microsoft.NETCore.App&framework_version=6.0.0&arch=x64&rid=win-x64&os=win10

"
Error,18-12-2024 22:25:44,SideBySide,59,None,"Activation context generation failed for ""C:\Program Files (x86)\Dell\UpdateService\ServiceShell.exe"".Error in manifest or policy file ""C:\Program Files (x86)\Dell\UpdateService\ServiceShell.exe.Config"" on line 11. Invalid Xml syntax."
Information,18-12-2024 22:25:44,Dell SupportAssist Remediation,0,None,Service started successfully.
Information,18-12-2024 22:25:44,Dell Digital Delivery Services,0,None,Service started successfully.
Information,18-12-2024 22:25:44,brave,0,None,The operation completed successfully. 
Information,18-12-2024 22:25:36,SecurityCenter,15,None,Updated McAfee status successfully to SECURITY_PRODUCT_STATE_OFF.
Information,18-12-2024 22:25:35,SecurityCenter,15,None,Updated McAfee status successfully to SECURITY_PRODUCT_STATE_EXPIRED.
Information,18-12-2024 22:25:33,SecurityCenter,15,None,Updated Windows Defender status successfully to SECURITY_PRODUCT_STATE_ON.
Information,18-12-2024 22:25:31,SecurityCenter,1,None,The Windows Security Center Service has started.
Information,18-12-2024 22:23:52,Microsoft-Windows-Search,1003,Search service,The Windows Search Service started.

Warning,18-12-2024 22:23:45,Microsoft-Windows-WMI,63,None,"A provider, IntelMEProv, has been registered in the Windows Management Instrumentation namespace root\Intel_ME to use the LocalSystem account. This account is privileged and the provider may cause a security violation if it does not correctly impersonate user requests."
Warning,18-12-2024 22:23:45,Microsoft-Windows-WMI,63,None,"A provider, IntelMEProv, has been registered in the Windows Management Instrumentation namespace root\Intel_ME to use the LocalSystem account. This account is privileged and the provider may cause a security violation if it does not correctly impersonate user requests."
Warning,18-12-2024 22:23:45,Microsoft-Windows-WMI,63,None,"A provider, IntelMEProv, has been registered in the Windows Management Instrumentation namespace root\Intel_ME to use the LocalSystem account. This account is privileged and the provider may cause a security violation if it does not correctly impersonate user requests."
Information,18-12-2024 22:23:45,igfxCUIService2.0.0.0,0,None,The operation completed successfully. 
Information,18-12-2024 22:23:45,igfxCUIService2.0.0.0,0,None,The operation completed successfully. 
Information,18-12-2024 22:23:45,igfxCUIService2.0.0.0,0,None,The operation completed successfully. 
Information,18-12-2024 22:23:45,Microsoft-Windows-Winlogon,6000,None,The winlogon notification subscriber <SessionEnv> was unavailable to handle a notification event.
Information,18-12-2024 22:23:45,WMIRegistrationService,2,None,Intel(R) WMI Registration Service has successfully finished WMI Registration.
Information,18-12-2024 22:23:44,SebWindowsService,0,None,Service started successfully.
Information,18-12-2024 22:23:43,Microsoft-Windows-Winlogon,6003,None,The winlogon notification subscriber <SessionEnv> was unavailable to handle a critical notification event.
Information,18-12-2024 22:23:43,igccservice,0,None,Service started successfully.
Information,18-12-2024 22:23:42,Microsoft-Windows-WMI,5617,None,Windows Management Instrumentation Service subsystems initialized successfully
Information,18-12-2024 22:23:41,LMS,0,None,Service started/resumed
Information,18-12-2024 22:23:41,LMS,2000,LMS,Local Management Service started.

Information,18-12-2024 22:23:41,WMIRegistrationService,0,None,Intel(R) WMI Registration Service started.
Information,18-12-2024 22:23:41,Microsoft-Windows-WMI,5615,None,Windows Management Instrumentation Service started sucessfully
Information,18-12-2024 22:23:41,RtkAudioUniversalService,0,None,The operation completed successfully. 
Information,18-12-2024 22:23:41,IntelDalJhi,0,None,Intel(R) Dynamic Application Loader Host Interface Service started.
Information,18-12-2024 22:23:39,Microsoft-Windows-User Profiles Service,1531,None,"The User Profile Service has started successfully.  

"
Information,18-12-2024 22:23:40,Desktop Window Manager,9027,None,The Desktop Window Manager has registered the session port.
Information,18-12-2024 16:17:27,Microsoft-Windows-User Profiles Service,1532,None,"The User Profile Service has stopped.  

"
Information,18-12-2024 16:17:27,LMS,2000,LMS,Local Management Service stopped.

Information,18-12-2024 16:17:27,RtkAudioUniversalService,0,None,The operation completed successfully. 
Information,18-12-2024 16:17:27,Dell Digital Delivery Services,0,None,Service has been successfully shut down.
Information,18-12-2024 16:17:27,igccservice,0,None,Service has been successfully shut down.
Information,18-12-2024 16:17:27,MSSQLSERVER,6527,Server,.NET Framework runtime has been stopped.
Information,18-12-2024 16:17:27,MSSQLSERVER,41092,Server,Always On: The availability replica manager is going offline because SQL Server is shutting down. This is an informational message only. No user action is required.
Information,18-12-2024 16:17:27,DMGUpgradeService,0,None,Service has been successfully shut down.
Information,18-12-2024 16:17:27,MSSQLSERVER,17147,Server,SQL Server is terminating because of a system shutdown. This is an informational message only. No user action is required.
Information,18-12-2024 16:17:26,Microsoft-Windows-Winlogon,6000,None,The winlogon notification subscriber <SessionEnv> was unavailable to handle a notification event.
Information,18-12-2024 16:17:26,Microsoft-Windows-Winlogon,6000,None,The winlogon notification subscriber <WSearch> was unavailable to handle a notification event.
Information,18-12-2024 16:17:26,igfxCUIService2.0.0.0,0,None,The operation completed successfully. 
Information,18-12-2024 16:17:26,igfxCUIService2.0.0.0,0,None,The operation completed successfully. 
Information,18-12-2024 16:16:43,MSSQLSERVER,25753,Server,XE session 'telemetry_xevents' started.
Information,18-12-2024 16:16:43,MSSQLSERVER,25754,Server,XE session 'telemetry_xevents' stopping.
Information,18-12-2024 16:09:13,Microsoft-Windows-Security-SPP,16384,None,Successfully scheduled Software Protection service for re-start at 2124-11-24T10:39:13Z. Reason: RulesEngine.
Information,18-12-2024 16:08:39,Microsoft-Windows-Security-SPP,16394,None,Offline downlevel migration succeeded.
Information,18-12-2024 16:07:49,MSSQLSERVER,8128,Server,Using 'xplog70.dll' version '2022.160.1000' to execute extended stored procedure 'xp_msver'. This is an informational message only; no user action is required.
Information,18-12-2024 16:07:49,MSSQLSERVER,33090,Server,Attempting to load library 'xplog70.dll' into memory. This is an informational message only. No user action is required.
Information,18-12-2024 16:07:49,MSSQLSERVER,25753,Server,XE session 'telemetry_xevents' started.
Information,18-12-2024 16:07:49,MSSQLSERVER,25754,Server,XE session 'telemetry_xevents' stopping.
Information,18-12-2024 16:07:48,MSSQLSERVER,1,None,None
Information,18-12-2024 16:03:16,Microsoft-Windows-Security-SPP,16384,None,Successfully scheduled Software Protection service for re-start at 2124-11-24T10:33:16Z. Reason: RulesEngine.
Warning,18-12-2024 16:02:54,Microsoft-Windows-Perflib,1008,None,"The Open procedure for service ""WmiApRpl"" in DLL ""C:\WINDOWS\system32\wbem\wmiaprpl.dll"" failed with error code The device is not ready.. Performance data for this service will not be available."
Error,18-12-2024 16:02:46,.NET Runtime,1023,None,"Description: A .NET application failed.
Application: SupportAssistAgent.exe
Path: C:\Program Files\Dell\SupportAssistAgent\bin\SupportAssistAgent.exe
Message: You must install or update .NET to run this application.

App: C:\Program Files\Dell\SupportAssistAgent\bin\SupportAssistAgent.exe
Architecture: x64
Framework: 'Microsoft.NETCore.App', version '6.0.0' (x64)
.NET location: C:\Program Files\dotnet\

The following frameworks were found:
  3.1.17 at [C:\Program Files\dotnet\shared\Microsoft.NETCore.App]
  8.0.8 at [C:\Program Files\dotnet\shared\Microsoft.NETCore.App]

Learn more:
https://aka.ms/dotnet/app-launch-failed

To install missing framework, download:
https://aka.ms/dotnet-core-applaunch?framework=Microsoft.NETCore.App&framework_version=6.0.0&arch=x64&rid=win-x64&os=win10

"
Information,18-12-2024 16:02:46,MSSQLSERVER,3408,Server,Recovery is complete. This is an informational message only. No user action is required.
Information,18-12-2024 16:02:46,MSSQLSERVER,9688,Server,Service Broker manager has started.
Information,18-12-2024 16:02:46,MSSQLSERVER,9666,Server,The Database Mirroring endpoint is in disabled or stopped state.
Information,18-12-2024 16:02:46,MSSQLSERVER,9666,Server,The Service Broker endpoint is in disabled or stopped state.
Information,18-12-2024 16:02:46,MSSQLSERVER,17117,Server,The tempdb database has 8 data file(s).
Information,18-12-2024 16:02:46,MSSQLSERVER,49930,Server,Parallel redo is shutdown for database 'Assignment1' with worker pool size [4].
Information,18-12-2024 16:02:46,MSSQLSERVER,49930,Server,Parallel redo is shutdown for database 'DE_Day_3' with worker pool size [4].
Information,18-12-2024 16:02:46,MSSQLSERVER,49930,Server,Parallel redo is shutdown for database 'PetPlas' with worker pool size [4].
Information,18-12-2024 16:02:46,MSSQLSERVER,49930,Server,Parallel redo is shutdown for database 'SISDB' with worker pool size [4].
Information,18-12-2024 16:02:46,MSSQLSERVER,49930,Server,Parallel redo is shutdown for database 'mydb' with worker pool size [4].
Information,18-12-2024 16:02:46,MSSQLSERVER,49930,Server,Parallel redo is shutdown for database 'Courrier_management_assignement' with worker pool size [4].
Information,18-12-2024 16:02:46,MSSQLSERVER,49930,Server,Parallel redo is shutdown for database 'carconnect_Casestudy' with worker pool size [4].
Information,18-12-2024 16:02:46,MSSQLSERVER,49930,Server,Parallel redo is shutdown for database 'DE_1' with worker pool size [4].
Information,18-12-2024 16:02:46,MSSQLSERVER,49930,Server,Parallel redo is shutdown for database 'coding_challenge_car_rental_system' with worker pool size [4].
Information,18-12-2024 16:02:46,MSSQLSERVER,49930,Server,Parallel redo is shutdown for database 'casestudy_db' with worker pool size [4].
Information,18-12-2024 16:02:46,MSSQLSERVER,49930,Server,Parallel redo is shutdown for database 'mydb1' with worker pool size [4].
Information,18-12-2024 16:02:46,MSSQLSERVER,49930,Server,Parallel redo is shutdown for database 'projectdb' with worker pool size [4].
Information,18-12-2024 16:02:46,MSSQLSERVER,49930,Server,Parallel redo is shutdown for database 'pubs' with worker pool size [4].
Information,18-12-2024 16:02:46,MSSQLSERVER,49930,Server,Parallel redo is shutdown for database 'coding_Challenge2' with worker pool size [4].
Information,18-12-2024 16:02:46,MSSQLSERVER,49930,Server,Parallel redo is shutdown for database 'Case_Study_1_OYO' with worker pool size [4].
Information,18-12-2024 16:02:46,MSSQLSERVER,49930,Server,Parallel redo is shutdown for database 'PetPals' with worker pool size [4].
Information,18-12-2024 16:02:46,MSSQLSERVER,49930,Server,Parallel redo is shutdown for database 'Python_Scenario_Based' with worker pool size [4].
Information,18-12-2024 16:02:46,MSSQLSERVER,49930,Server,Parallel redo is shutdown for database 'Assignment_Courrier_Management' with worker pool size [4].
Information,18-12-2024 16:02:46,MSSQLSERVER,49930,Server,Parallel redo is shutdown for database 'DE_Coding_Challenge_1' with worker pool size [4].
Information,18-12-2024 16:02:46,MSSQLSERVER,49930,Server,Parallel redo is shutdown for database 'hexaware_test1' with worker pool size [4].
Information,18-12-2024 16:02:46,MSSQLSERVER,49930,Server,Parallel redo is shutdown for database 'AdventureWorks2022' with worker pool size [4].
Information,18-12-2024 16:02:46,MSSQLSERVER,49930,Server,Parallel redo is shutdown for database 'employees' with worker pool size [4].
Information,18-12-2024 16:02:46,MSSQLSERVER,49930,Server,Parallel redo is shutdown for database 'carconnect' with worker pool size [4].
Information,18-12-2024 16:02:46,MSSQLSERVER,49930,Server,Parallel redo is shutdown for database 'hexaware_test' with worker pool size [4].
Information,18-12-2024 16:02:46,MSSQLSERVER,17137,Server,Starting up database 'tempdb'.
Information,18-12-2024 16:02:45,Microsoft-Windows-Security-SPP,16394,None,Offline downlevel migration succeeded.
Information,18-12-2024 16:02:45,MSSQLSERVER,49930,Server,Parallel redo is shutdown for database 'Hexaware' with worker pool size [4].
Information,18-12-2024 16:02:45,MSSQLSERVER,49930,Server,Parallel redo is started for database 'carconnect_Casestudy' with worker pool size [4].
Information,18-12-2024 16:02:45,MSSQLSERVER,49930,Server,Parallel redo is started for database 'DE_Day_3' with worker pool size [4].
Information,18-12-2024 16:02:45,MSSQLSERVER,49930,Server,Parallel redo is started for database 'Courrier_management_assignement' with worker pool size [4].
Information,18-12-2024 16:02:45,MSSQLSERVER,49930,Server,Parallel redo is started for database 'mydb' with worker pool size [4].
Information,18-12-2024 16:02:45,MSSQLSERVER,49930,Server,Parallel redo is started for database 'pubs' with worker pool size [4].
Information,18-12-2024 16:02:45,MSSQLSERVER,49930,Server,Parallel redo is started for database 'DE_1' with worker pool size [4].
Information,18-12-2024 16:02:45,MSSQLSERVER,49930,Server,Parallel redo is started for database 'coding_challenge_car_rental_system' with worker pool size [4].
Information,18-12-2024 16:02:45,MSSQLSERVER,49930,Server,Parallel redo is started for database 'Case_Study_1_OYO' with worker pool size [4].
Information,18-12-2024 16:02:45,MSSQLSERVER,49930,Server,Parallel redo is started for database 'PetPlas' with worker pool size [4].
Information,18-12-2024 16:02:45,MSSQLSERVER,49930,Server,Parallel redo is started for database 'Python_Scenario_Based' with worker pool size [4].
Information,18-12-2024 16:02:45,MSSQLSERVER,49930,Server,Parallel redo is started for database 'Assignment_Courrier_Management' with worker pool size [4].
Information,18-12-2024 16:02:45,MSSQLSERVER,49930,Server,Parallel redo is started for database 'AdventureWorks2022' with worker pool size [4].
Information,18-12-2024 16:02:45,MSSQLSERVER,49930,Server,Parallel redo is started for database 'casestudy_db' with worker pool size [4].
Information,18-12-2024 16:02:45,MSSQLSERVER,49930,Server,Parallel redo is started for database 'DE_Coding_Challenge_1' with worker pool size [4].
Information,18-12-2024 16:02:45,MSSQLSERVER,49930,Server,Parallel redo is started for database 'coding_Challenge2' with worker pool size [4].
Information,18-12-2024 16:02:45,MSSQLSERVER,49930,Server,Parallel redo is started for database 'SISDB' with worker pool size [4].
Information,18-12-2024 16:02:45,MSSQLSERVER,49930,Server,Parallel redo is started for database 'PetPals' with worker pool size [4].
Information,18-12-2024 16:02:45,MSSQLSERVER,49930,Server,Parallel redo is started for database 'mydb1' with worker pool size [4].
Information,18-12-2024 16:02:45,MSSQLSERVER,49930,Server,Parallel redo is started for database 'employees' with worker pool size [4].
Information,18-12-2024 16:02:45,MSSQLSERVER,49930,Server,Parallel redo is started for database 'Assignment1' with worker pool size [4].
Information,18-12-2024 16:02:45,MSSQLSERVER,49930,Server,Parallel redo is started for database 'hexaware_test1' with worker pool size [4].
Information,18-12-2024 16:02:45,MSSQLSERVER,49930,Server,Parallel redo is started for database 'carconnect' with worker pool size [4].
Information,18-12-2024 16:02:45,MSSQLSERVER,49930,Server,Parallel redo is started for database 'projectdb' with worker pool size [4].
Information,18-12-2024 16:02:45,MSSQLSERVER,49930,Server,Parallel redo is started for database 'Hexaware' with worker pool size [4].
Information,18-12-2024 16:02:45,MSSQLSERVER,49930,Server,Parallel redo is started for database 'hexaware_test' with worker pool size [4].
Information,18-12-2024 16:02:45,Microsoft-Windows-Security-SPP,900,None,"The Software Protection service is starting.
Parameters:<explicit>"
Information,18-12-2024 16:02:45,MSSQLSERVER,26067,Server,"The SQL Server Network Interface library could not register the Service Principal Name (SPN) [ MSSQLSvc/DESKTOP-OFHDUG6 ] for the SQL Server service. Windows return code: 0xffffffff, state: 63. Failure to register a SPN might cause integrated authentication to use NTLM instead of Kerberos. This is an informational message. Further action is only required if Kerberos authentication is required by authentication policies and if the SPN has not been manually registered."
Information,18-12-2024 16:02:45,MSSQLSERVER,26076,Server,SQL Server is attempting to register a Service Principal Name (SPN) for the SQL Server service. Kerberos authentication will not be possible until a SPN is registered for the SQL Server service. This is an informational message. No user action is required.
Information,18-12-2024 16:02:45,MSSQLSERVER,17126,Server,SQL Server is now ready for client connections. This is an informational message; no user action is required.
Information,18-12-2024 16:02:45,MSSQLSERVER,17201,Server,Dedicated admin connection support was established for listening locally on port 1434.
Information,18-12-2024 16:02:45,MSSQLSERVER,17137,Server,Starting up database 'projectdb'.
Information,18-12-2024 16:02:45,MSSQLSERVER,26022,Server,Server is listening on [ 127.0.0.1 <ipv4> 1434] accept sockets 1.
Information,18-12-2024 16:02:45,MSSQLSERVER,17137,Server,Starting up database 'employees'.
Information,18-12-2024 16:02:45,MSSQLSERVER,17137,Server,Starting up database 'Python_Scenario_Based'.
Information,18-12-2024 16:02:45,MSSQLSERVER,17137,Server,Starting up database 'DE_Coding_Challenge_1'.
Information,18-12-2024 16:02:45,MSSQLSERVER,26022,Server,Server is listening on [ ::1 <ipv6> 1434] accept sockets 1.
Information,18-12-2024 16:02:45,MSSQLSERVER,17137,Server,Starting up database 'Courrier_management_assignement'.
Information,18-12-2024 16:02:45,MSSQLSERVER,17137,Server,Starting up database 'Case_Study_1_OYO'.
Information,18-12-2024 16:02:45,MSSQLSERVER,17137,Server,Starting up database 'coding_challenge_car_rental_system'.
Information,18-12-2024 16:02:45,MSSQLSERVER,17137,Server,Starting up database 'DE_Day_3'.
Information,18-12-2024 16:02:45,MSSQLSERVER,17137,Server,Starting up database 'carconnect_Casestudy'.
Information,18-12-2024 16:02:45,MSSQLSERVER,17137,Server,Starting up database 'carconnect'.
Information,18-12-2024 16:02:45,MSSQLSERVER,17137,Server,Starting up database 'coding_Challenge2'.
Information,18-12-2024 16:02:45,MSSQLSERVER,17137,Server,Starting up database 'DE_1'.
Information,18-12-2024 16:02:45,MSSQLSERVER,17137,Server,Starting up database 'pubs'.
Information,18-12-2024 16:02:45,MSSQLSERVER,17137,Server,Starting up database 'mydb'.
Information,18-12-2024 16:02:45,MSSQLSERVER,17137,Server,Starting up database 'SISDB'.
Information,18-12-2024 16:02:45,MSSQLSERVER,17137,Server,Starting up database 'casestudy_db'.
Information,18-12-2024 16:02:45,MSSQLSERVER,17137,Server,Starting up database 'PetPlas'.
Information,18-12-2024 16:02:45,MSSQLSERVER,17137,Server,Starting up database 'PetPals'.
Information,18-12-2024 16:02:45,MSSQLSERVER,17137,Server,Starting up database 'Assignment1'.
Information,18-12-2024 16:02:45,MSSQLSERVER,17137,Server,Starting up database 'AdventureWorks2022'.
Information,18-12-2024 16:02:45,MSSQLSERVER,17137,Server,Starting up database 'Assignment_Courrier_Management'.
Information,18-12-2024 16:02:45,MSSQLSERVER,17137,Server,Starting up database 'msdb'.
Information,18-12-2024 16:02:45,MSSQLSERVER,17137,Server,Starting up database 'mydb1'.
Information,18-12-2024 16:02:45,MSSQLSERVER,17137,Server,Starting up database 'hexaware_test1'.
Information,18-12-2024 16:02:45,MSSQLSERVER,17137,Server,Starting up database 'hexaware_test'.
Information,18-12-2024 16:02:45,MSSQLSERVER,41111,Server,Always On: The availability replica manager is waiting for the instance of SQL Server to allow client connections. This is an informational message only. No user action is required.
Information,18-12-2024 16:02:45,MSSQLSERVER,17137,Server,Starting up database 'Hexaware'.
Information,18-12-2024 16:02:45,MSSQLSERVER,26048,Server,Server local connection provider is ready to accept connection on [ \\.\pipe\sql\query ].
Information,18-12-2024 16:02:45,MSSQLSERVER,41110,Server,Always On: The availability replica manager is starting. This is an informational message only. No user action is required.
Information,18-12-2024 16:02:45,MSSQLSERVER,26048,Server,Server local connection provider is ready to accept connection on [ \\.\pipe\SQLLocal\MSSQLSERVER ].
Information,18-12-2024 16:02:45,MSSQLSERVER,17136,Server,Clearing tempdb database.
Information,18-12-2024 16:02:45,MSSQLSERVER,26018,Server,A self-generated certificate was successfully loaded for encryption.
Information,18-12-2024 16:02:45,MSSQLSERVER,17663,Server,Server name is 'DESKTOP-OFHDUG6'. This is an informational message only. No user action is required.
Information,18-12-2024 16:02:45,MSSQLSERVER,19030,Server,"SQL Trace ID 1 was started by login ""sa""."
Information,18-12-2024 16:02:45,MSSQLSERVER,25753,Server,XE session 'telemetry_xevents' started.
Information,18-12-2024 16:02:45,MSSQLSERVER,25753,Server,XE session 'system_health' started.
Information,18-12-2024 16:02:45,MSSQLSERVER,33218,Server,SQL Server Audit has started the audits. This is an informational message. No user action is required.
Information,18-12-2024 16:02:45,MSSQLSERVER,33217,Server,SQL Server Audit is starting the audits. This is an informational message. No user action is required.
Information,18-12-2024 16:02:45,MSSQLSERVER,10981,Server,Resource governor reconfiguration succeeded.
Information,18-12-2024 16:02:45,MSSQLSERVER,17137,Server,Starting up database 'model_msdb'.
Information,18-12-2024 16:02:45,MSSQLSERVER,17137,Server,Starting up database 'model'.
Information,18-12-2024 16:02:44,MSSQLSERVER,958,Server,The resource database build version is 16.00.1000. This is an informational message only. No user action is required.
Information,18-12-2024 16:02:44,MSSQLSERVER,17137,Server,Starting up database 'mssqlsystemresource'.
Information,18-12-2024 16:02:44,MSSQLSERVER,17137,Server,Starting up database 'model_replicatedmaster'.
Information,18-12-2024 16:02:44,MSSQLSERVER,17137,Server,Starting up database 'master'.
Information,18-12-2024 16:02:44,MSSQLSERVER,49910,Server,Software Usage Metrics is disabled.
Information,18-12-2024 16:02:44,MSSQLSERVER,9048,Server,clflushopt is selected for pmem flush operation.
Information,18-12-2024 16:02:44,MSSQLSERVER,6253,Server,Common language runtime (CLR) functionality initialized using CLR version v4.0.30319 from C:\Windows\Microsoft.NET\Framework64\v4.0.30319\.
Information,18-12-2024 16:02:44,MSSQLSERVER,17118,Server,Database Instant File Initialization: enabled. For security and performance considerations see the topic 'Database Instant File Initialization' in SQL Server Books Online. This is an informational message only. No user action is required.
Information,18-12-2024 16:02:44,MSSQLSERVER,17125,Server,Using dynamic lock allocation.  Initial allocation of 2500 Lock blocks and 5000 Lock Owner blocks per node.  This is an informational message only.  No user action is required.
Information,18-12-2024 16:02:44,MSSQLSERVER,17152,Server,Node configuration: node 0: CPU mask: 0x00000000000000ff:0 Active CPU mask: 0x00000000000000ff:0. This message provides a description of the NUMA configuration for this computer. This is an informational message only. No user action is required.
Information,18-12-2024 16:02:44,MSSQLSERVER,17176,Server,This instance of SQL Server last reported using a process ID of 2972 at 18-12-2024 15:41:19 (local) 18-12-2024 10:11:19 (UTC). This is an informational message only; no user action is required.
Information,18-12-2024 16:02:44,MSSQLSERVER,17811,Server,The maximum number of dedicated administrator connections for this instance is '1'
Information,18-12-2024 16:02:44,MSSQLSERVER,17264,Server,CPU vectorization level(s) detected:  SSE SSE2 SSE3 SSSE3 SSE41 SSE42 AVX AVX2 POPCNT BMI1 BMI2 AVX512 (F CD BW DQ VL IFMA VBMI VBMI2 VNNI BITALG VPOQCNTDQ)
Information,18-12-2024 16:02:44,MSSQLSERVER,873,Server,Buffer pool extension is already disabled. No action is necessary.
Information,18-12-2024 16:02:44,MSSQLSERVER,49917,Server,Default collation: Latin1_General_CI_AI (us_english 1033)
Information,18-12-2024 16:02:44,MSSQLSERVER,894,Server,Buffer Pool: Allocating 1048576 bytes for 1048166 hashPages.
Information,18-12-2024 16:02:43,MSSQLSERVER,852,Server,Using conventional memory in the memory manager.
Information,18-12-2024 16:02:43,MSSQLSERVER,49903,Server,Detected 7959 MB of RAM. This is an informational message; no user action is required.
Information,18-12-2024 16:02:43,MSSQLSERVER,17162,Server,SQL Server is starting at normal priority base (=7). This is an informational message only. No user action is required.
Information,18-12-2024 16:02:43,MSSQLSERVER,17164,Server,"SQL Server detected 1 sockets with 4 cores per socket and 8 logical processors per socket, 8 total logical processors; using 8 logical processors based on SQL Server licensing. This is an informational message; no user action is required."
Information,18-12-2024 16:02:43,MSSQLSERVER,17115,Server,"Command Line Startup Parameters:
	 -s ""MSSQLSERVER"""
Information,18-12-2024 16:02:43,MSSQLSERVER,17110,Server,"Registry startup parameters: 
	 -d C:\Program Files\Microsoft SQL Server\MSSQL16.MSSQLSERVER\MSSQL\DATA\master.mdf
	 -e C:\Program Files\Microsoft SQL Server\MSSQL16.MSSQLSERVER\MSSQL\Log\ERRORLOG
	 -l C:\Program Files\Microsoft SQL Server\MSSQL16.MSSQLSERVER\MSSQL\DATA\mastlog.ldf"
Information,18-12-2024 16:02:43,MSSQLSERVER,49904,Server,The service account is 'NT Service\MSSQLSERVER'. This is an informational message; no user action is required.
Information,18-12-2024 16:02:43,MSSQLSERVER,17111,Server,Logging SQL Server messages in file 'C:\Program Files\Microsoft SQL Server\MSSQL16.MSSQLSERVER\MSSQL\Log\ERRORLOG'.
Information,18-12-2024 16:02:43,MSSQLSERVER,15268,Server,Authentication mode is MIXED.
Information,18-12-2024 16:02:43,MSSQLSERVER,18496,Server,"System Manufacturer: 'Dell Inc.', System Model: 'Vostro 3491'."
Information,18-12-2024 16:02:43,MSSQLSERVER,17104,Server,Server process ID is 3988.
Information,18-12-2024 16:02:43,MSSQLSERVER,17103,Server,All rights reserved.
Information,18-12-2024 16:02:43,MSSQLSERVER,17101,Server,(c) Microsoft Corporation.
Information,18-12-2024 16:02:43,MSSQLSERVER,49916,Server,UTC adjustment: 5:30
Information,18-12-2024 16:02:43,MSSQLSERVER,17069,Server,Microsoft SQL Server 2022 (RTM) - 16.0.1000.6 (X64) 
	Oct  8 2022 05:58:25 
	Copyright (C) 2022 Microsoft Corporation
	Developer Edition (64-bit) on Windows 10 Home Single Language 10.0 <X64> (Build 22631: ) (Hypervisor)

Information,18-12-2024 16:02:43,edgeupdate,0,None,Service stopped.
Information,18-12-2024 16:02:42,DMGUpgradeService,0,None,Service started successfully.
Error,18-12-2024 16:02:12,.NET Runtime,1023,None,"Description: A .NET application failed.
Application: Dell.TechHub.exe
Path: C:\Program Files\Dell\TechHub\Dell.TechHub.exe
Message: You must install or update .NET to run this application.

App: C:\Program Files\Dell\TechHub\Dell.TechHub.exe
Architecture: x64
Framework: 'Microsoft.NETCore.App', version '6.0.0' (x64)
.NET location: C:\Program Files\dotnet\

The following frameworks were found:
  3.1.17 at [C:\Program Files\dotnet\shared\Microsoft.NETCore.App]
  8.0.8 at [C:\Program Files\dotnet\shared\Microsoft.NETCore.App]

Learn more:
https://aka.ms/dotnet/app-launch-failed

To install missing framework, download:
https://aka.ms/dotnet-core-applaunch?framework=Microsoft.NETCore.App&framework_version=6.0.0&arch=x64&rid=win-x64&os=win10

"
Error,18-12-2024 16:02:12,SideBySide,59,None,"Activation context generation failed for ""C:\Program Files (x86)\Dell\UpdateService\ServiceShell.exe"".Error in manifest or policy file ""C:\Program Files (x86)\Dell\UpdateService\ServiceShell.exe.Config"" on line 11. Invalid Xml syntax."
Information,18-12-2024 16:02:12,Dell SupportAssist Remediation,0,None,Service started successfully.
Information,18-12-2024 16:02:11,Dell Digital Delivery Services,0,None,Service started successfully.
Information,18-12-2024 16:02:11,brave,0,None,The operation completed successfully. 
Information,18-12-2024 16:02:02,SecurityCenter,15,None,Updated McAfee status successfully to SECURITY_PRODUCT_STATE_OFF.
Information,18-12-2024 16:02:01,SecurityCenter,15,None,Updated McAfee status successfully to SECURITY_PRODUCT_STATE_EXPIRED.
Information,18-12-2024 16:01:59,SecurityCenter,15,None,Updated Windows Defender status successfully to SECURITY_PRODUCT_STATE_ON.
Information,18-12-2024 16:01:57,SecurityCenter,1,None,The Windows Security Center Service has started.
Information,18-12-2024 16:01:46,Microsoft-Windows-Security-SPP,903,None,"The Software Protection service has stopped.
"
Information,18-12-2024 16:01:46,Microsoft-Windows-Security-SPP,16384,None,Successfully scheduled Software Protection service for re-start at 2124-11-24T10:31:46Z. Reason: RulesEngine.
Information,18-12-2024 16:00:52,Microsoft-Windows-Security-SPP,902,None,"The Software Protection service has started.
10.0.22621.4601"
