Information,19-12-2024 09:26:35,MsiInstaller,1035,None,Windows Installer reconfigured the product. Product Name: SQL Server 2022 Shared Management Objects. Product Version: 16.0.1000.6. Product Language: 1033. Manufacturer: Microsoft Corporation. Reconfiguration success or error status: 0.
Information,19-12-2024 09:26:35,MsiInstaller,1035,None,Windows Installer reconfigured the product. Product Name: Intel(R) OEM Extension. Product Version: 1.0.0.0. Product Language: 1033. Manufacturer: Intel Corporation. Reconfiguration success or error status: 0.
Information,19-12-2024 09:26:35,MsiInstaller,1035,None,Windows Installer reconfigured the product. Product Name: Intel(R) Management Engine Components. Product Version: 1.0.0.0. Product Language: 1033. Manufacturer: Intel Corporation. Reconfiguration success or error status: 0.
Information,19-12-2024 09:26:35,MsiInstaller,1035,None,Windows Installer reconfigured the product. Product Name: SQL Server 2022 XEvent. Product Version: 16.0.1000.6. Product Language: 1033. Manufacturer: Microsoft Corporation. Reconfiguration success or error status: 0.
Information,19-12-2024 09:26:35,MsiInstaller,1035,None,Windows Installer reconfigured the product. Product Name: Dell Update - SupportAssist Update Plugin. Product Version: 5.1.1.11877. Product Language: 1033. Manufacturer: Dell Inc.. Reconfiguration success or error status: 0.
Information,19-12-2024 09:26:35,MsiInstaller,1035,None,Windows Installer reconfigured the product. Product Name: Windows Subsystem for Linux. Product Version: 2.0.14.0. Product Language: 1033. Manufacturer: Microsoft Corporation. Reconfiguration success or error status: 0.
Information,19-12-2024 09:26:35,MsiInstaller,1035,None,Windows Installer reconfigured the product. Product Name: Intel(R) LMS. Product Version: 1.0.0.0. Product Language: 1033. Manufacturer: Intel Corporation. Reconfiguration success or error status: 0.
Information,19-12-2024 09:26:35,MsiInstaller,1035,None,Windows Installer reconfigured the product. Product Name: Python 3.12.1 Test Suite (64-bit). Product Version: 3.12.1150.0. Product Language: 1033. Manufacturer: Python Software Foundation. Reconfiguration success or error status: 0.
Information,19-12-2024 09:26:35,MsiInstaller,1035,None,Windows Installer reconfigured the product. Product Name: Microsoft Visual C++ 2022 X64 Minimum Runtime - 14.32.31332. Product Version: 14.32.31332. Product Language: 1033. Manufacturer: Microsoft Corporation. Reconfiguration success or error status: 0.
Information,19-12-2024 09:26:35,MsiInstaller,1035,None,Windows Installer reconfigured the product. Product Name: Office 16 Click-to-Run Licensing Component. Product Version: 16.0.18227.20162. Product Language: 0. Manufacturer: Microsoft Corporation. Reconfiguration success or error status: 0.
Information,19-12-2024 09:26:35,MsiInstaller,1035,None,Windows Installer reconfigured the product. Product Name: Office 16 Click-to-Run Localization Component. Product Version: 16.0.12527.20482. Product Language: 1033. Manufacturer: Microsoft Corporation. Reconfiguration success or error status: 0.
Information,19-12-2024 09:26:35,MsiInstaller,1035,None,Windows Installer reconfigured the product. Product Name: Office 16 Click-to-Run Extensibility Component. Product Version: 16.0.18227.20082. Product Language: 0. Manufacturer: Microsoft Corporation. Reconfiguration success or error status: 0.
Information,19-12-2024 09:26:34,MsiInstaller,1035,None,Windows Installer reconfigured the product. Product Name: Dell Mobile Connect Drivers. Product Version: 3.1.9518. Product Language: 1033. Manufacturer: Screenovate Technologies Ltd.. Reconfiguration success or error status: 0.
Information,19-12-2024 09:26:33,MsiInstaller,1035,None,Windows Installer reconfigured the product. Product Name: SSMS Post Install Tasks. Product Version: 20.2.30.0. Product Language: 1033. Manufacturer: Microsoft Corporation. Reconfiguration success or error status: 0.
Information,19-12-2024 09:26:33,MsiInstaller,1035,None,Windows Installer reconfigured the product. Product Name: Integration Services. Product Version: 16.0.5491.7. Product Language: 1033. Manufacturer: Microsoft Corporation. Reconfiguration success or error status: 0.
Information,19-12-2024 09:26:33,MsiInstaller,1035,None,Windows Installer reconfigured the product. Product Name: SQL Server 2022 DMF. Product Version: 16.0.1000.6. Product Language: 1033. Manufacturer: Microsoft Corporation. Reconfiguration success or error status: 0.
Information,19-12-2024 09:26:33,MsiInstaller,1035,None,Windows Installer reconfigured the product. Product Name: Microsoft Update Health Tools. Product Version: 5.72.0.0. Product Language: 0. Manufacturer: Microsoft Corporation. Reconfiguration success or error status: 0.
Information,19-12-2024 09:26:33,MsiInstaller,1035,None,Windows Installer reconfigured the product. Product Name: Python 3.12.1 Development Libraries (64-bit). Product Version: 3.12.1150.0. Product Language: 1033. Manufacturer: Python Software Foundation. Reconfiguration success or error status: 0.
Information,19-12-2024 09:26:33,MsiInstaller,1035,None,Windows Installer reconfigured the product. Product Name: Microsoft Visual C++ 2012 x86 Minimum Runtime - 11.0.61030. Product Version: 11.0.61030. Product Language: 1033. Manufacturer: Microsoft Corporation. Reconfiguration success or error status: 0.
Information,19-12-2024 09:26:33,MsiInstaller,1035,None,Windows Installer reconfigured the product. Product Name: Microsoft VC++ redistributables repacked.. Product Version: 12.0.0.0. Product Language: 1033. Manufacturer: Intel Corporation. Reconfiguration success or error status: 0.
Information,19-12-2024 09:26:33,MsiInstaller,1035,None,Windows Installer reconfigured the product. Product Name: Microsoft Windows Desktop Runtime - 3.1.17 (x64). Product Version: 24.68.30215. Product Language: 1033. Manufacturer: Microsoft Corporation. Reconfiguration success or error status: 0.
Information,19-12-2024 09:26:33,MsiInstaller,1035,None,"Windows Installer reconfigured the product. Product Name: Cloudflare WARP. Product Version: 22.12.582.0. Product Language: 1033. Manufacturer: Cloudflare, Inc.. Reconfiguration success or error status: 0."
Information,19-12-2024 09:26:33,MsiInstaller,1035,None,Windows Installer reconfigured the product. Product Name: Microsoft Visual C++ 2010  x86 Redistributable - 10.0.30319. Product Version: 10.0.30319. Product Language: 0. Manufacturer: Microsoft Corporation. Reconfiguration success or error status: 0.
Information,19-12-2024 09:26:33,MsiInstaller,1035,None,"Windows Installer reconfigured the product. Product Name: Dell Update for Windows 10. Product Version: 3.1.2. Product Language: 1033. Manufacturer: Dell, Inc.. Reconfiguration success or error status: 0."
Information,19-12-2024 09:26:33,MsiInstaller,1035,None,Windows Installer reconfigured the product. Product Name: Microsoft ODBC Driver 17 for SQL Server. Product Version: 17.10.6.1. Product Language: 1033. Manufacturer: Microsoft Corporation. Reconfiguration success or error status: 0.
Information,19-12-2024 09:26:33,MsiInstaller,1035,None,Windows Installer reconfigured the product. Product Name: Python 3.12.1 Executables (64-bit). Product Version: 3.12.1150.0. Product Language: 1033. Manufacturer: Python Software Foundation. Reconfiguration success or error status: 0.
Information,19-12-2024 09:26:33,MsiInstaller,1033,None,Windows Installer installed the product. Product Name: SQL Server 2022 Database Engine Services. Product Version: 16.0.1000.6. Product Language: 1033. Manufacturer: Microsoft Corporation. Installation success or error status: 0.
Information,19-12-2024 09:26:33,MsiInstaller,1035,None,Windows Installer reconfigured the product. Product Name: Microsoft Visual C++ 2012 x64 Minimum Runtime - 11.0.61030. Product Version: 11.0.61030. Product Language: 1033. Manufacturer: Microsoft Corporation. Reconfiguration success or error status: 0.
Information,19-12-2024 09:26:33,MsiInstaller,1035,None,Windows Installer reconfigured the product. Product Name: SQL Server 2022 Common Files. Product Version: 16.0.1000.6. Product Language: 1033. Manufacturer: Microsoft Corporation. Reconfiguration success or error status: 0.
Information,19-12-2024 09:26:33,MsiInstaller,1035,None,Windows Installer reconfigured the product. Product Name: Dynamic Application Loader Host Interface Service. Product Version: 1.0.0.0. Product Language: 1033. Manufacturer: Intel Corporation. Reconfiguration success or error status: 0.
Information,19-12-2024 09:26:33,MsiInstaller,1035,None,Windows Installer reconfigured the product. Product Name: Microsoft Visual C++ 2012 x86 Additional Runtime - 11.0.61030. Product Version: 11.0.61030. Product Language: 1033. Manufacturer: Microsoft Corporation. Reconfiguration success or error status: 0.
Information,19-12-2024 09:26:33,MsiInstaller,1035,None,Windows Installer reconfigured the product. Product Name: Microsoft .NET Runtime - 8.0.8 (x64). Product Version: 64.32.18380. Product Language: 1033. Manufacturer: Microsoft Corporation. Reconfiguration success or error status: 0.
Information,19-12-2024 09:26:33,MsiInstaller,1035,None,Windows Installer reconfigured the product. Product Name: Microsoft SQL Server 2022 Setup (English). Product Version: 16.0.1000.6. Product Language: 1033. Manufacturer: Microsoft Corporation. Reconfiguration success or error status: 0.
Information,19-12-2024 09:26:33,MsiInstaller,1035,None,Windows Installer reconfigured the product. Product Name: Python 3.12.1 pip Bootstrap (64-bit). Product Version: 3.12.1150.0. Product Language: 1033. Manufacturer: Python Software Foundation. Reconfiguration success or error status: 0.
Information,19-12-2024 09:26:33,MsiInstaller,1035,None,Windows Installer reconfigured the product. Product Name: Microsoft .NET Core Host - 3.1.17 (x64). Product Version: 24.68.30215. Product Language: 1033. Manufacturer: Microsoft Corporation. Reconfiguration success or error status: 0.
Information,19-12-2024 09:26:33,MsiInstaller,1035,None,Windows Installer reconfigured the product. Product Name: SQL Server 2022 Shared Management Objects Extensions. Product Version: 16.0.1000.6. Product Language: 1033. Manufacturer: Microsoft Corporation. Reconfiguration success or error status: 0.
Information,19-12-2024 09:26:33,MsiInstaller,1035,None,Windows Installer reconfigured the product. Product Name: SQL Server 2022 Shared Management Objects. Product Version: 16.0.1000.6. Product Language: 1033. Manufacturer: Microsoft Corporation. Reconfiguration success or error status: 0.
Information,19-12-2024 09:26:33,MsiInstaller,1035,None,Windows Installer reconfigured the product. Product Name: SQL Server Management Studio. Product Version: 20.2.30.0. Product Language: 1033. Manufacturer: Microsoft Corp.. Reconfiguration success or error status: 0.
Information,19-12-2024 09:26:33,MsiInstaller,1035,None,Windows Installer reconfigured the product. Product Name: Node.js. Product Version: 20.10.0. Product Language: 1033. Manufacturer: Node.js Foundation. Reconfiguration success or error status: 0.
Information,19-12-2024 09:26:33,MsiInstaller,1035,None,Windows Installer reconfigured the product. Product Name: Microsoft .NET Core Host FX Resolver - 3.1.17 (x64). Product Version: 24.68.30215. Product Language: 1033. Manufacturer: Microsoft Corporation. Reconfiguration success or error status: 0.
Information,19-12-2024 09:26:33,MsiInstaller,1035,None,Windows Installer reconfigured the product. Product Name: Microsoft Visual C++ 2022 X86 Minimum Runtime - 14.30.30708. Product Version: 14.30.30708. Product Language: 1033. Manufacturer: Microsoft Corporation. Reconfiguration success or error status: 0.
Information,19-12-2024 09:26:33,MsiInstaller,1035,None,Windows Installer reconfigured the product. Product Name: Visual Studio 2017 Isolated Shell for SSMS. Product Version: 15.0.28307.421. Product Language: 1033. Manufacturer: Microsoft Corporation. Reconfiguration success or error status: 0.
Information,19-12-2024 09:26:33,MsiInstaller,1035,None,Windows Installer reconfigured the product. Product Name: Microsoft SQL Server 2022 RsFx Driver. Product Version: 16.0.1000.6. Product Language: 1033. Manufacturer: Microsoft Corporation. Reconfiguration success or error status: 0.
Information,19-12-2024 09:26:32,MsiInstaller,1035,None,Windows Installer reconfigured the product. Product Name: Intel(R) Management Engine Components. Product Version: 1.0.0.0. Product Language: 1033. Manufacturer: Intel Corporation. Reconfiguration success or error status: 0.
Information,19-12-2024 09:26:32,MsiInstaller,1035,None,Windows Installer reconfigured the product. Product Name: SQL Server 2022 XEvent. Product Version: 16.0.1000.6. Product Language: 1033. Manufacturer: Microsoft Corporation. Reconfiguration success or error status: 0.
Information,19-12-2024 09:26:32,MsiInstaller,1035,None,Windows Installer reconfigured the product. Product Name: SQL Server 2022 Batch Parser. Product Version: 16.0.1000.6. Product Language: 1033. Manufacturer: Microsoft Corporation. Reconfiguration success or error status: 0.
Information,19-12-2024 09:26:32,MsiInstaller,1035,None,Windows Installer reconfigured the product. Product Name: Microsoft .NET Host - 8.0.8 (x64). Product Version: 64.32.18380. Product Language: 1033. Manufacturer: Microsoft Corporation. Reconfiguration success or error status: 0.
Information,19-12-2024 09:26:32,MsiInstaller,1035,None,Windows Installer reconfigured the product. Product Name: MySQL Server 8.1. Product Version: 8.1.0. Product Language: 1033. Manufacturer: Oracle Corporation. Reconfiguration success or error status: 0.
Information,19-12-2024 09:26:32,MsiInstaller,1035,None,Windows Installer reconfigured the product. Product Name: Dell Power Manager Service. Product Version: 3.6.0. Product Language: 1033. Manufacturer: Dell Inc.. Reconfiguration success or error status: 0.
Information,19-12-2024 09:26:32,MsiInstaller,1035,None,Windows Installer reconfigured the product. Product Name: MySQL Workbench 8.0 CE. Product Version: 8.0.34. Product Language: 1033. Manufacturer: Oracle Corporation. Reconfiguration success or error status: 0.
Information,19-12-2024 09:26:32,MsiInstaller,1035,None,Windows Installer reconfigured the product. Product Name: SQL Server Management Studio Language Pack - English. Product Version: 20.2.30.0. Product Language: 1033. Manufacturer: Microsoft Corp.. Reconfiguration success or error status: 0.
Information,19-12-2024 09:26:32,MsiInstaller,1035,None,Windows Installer reconfigured the product. Product Name: Microsoft .NET Core Runtime - 3.1.17 (x64). Product Version: 24.68.30215. Product Language: 1033. Manufacturer: Microsoft Corporation. Reconfiguration success or error status: 0.
Information,19-12-2024 09:26:32,MsiInstaller,1035,None,Windows Installer reconfigured the product. Product Name: Microsoft VSS Writer for SQL Server 2022. Product Version: 16.0.1000.6. Product Language: 1033. Manufacturer: Microsoft Corporation. Reconfiguration success or error status: 0.
Information,19-12-2024 09:26:32,MsiInstaller,1035,None,Windows Installer reconfigured the product. Product Name: SQL Server 2022 SQL Diagnostics. Product Version: 16.0.1000.6. Product Language: 1033. Manufacturer: Microsoft Corporation. Reconfiguration success or error status: 0.
Information,19-12-2024 09:26:32,MsiInstaller,1035,None,Windows Installer reconfigured the product. Product Name: Microsoft .NET Host FX Resolver - 8.0.8 (x64). Product Version: 64.32.18380. Product Language: 1033. Manufacturer: Microsoft Corporation. Reconfiguration success or error status: 0.
Information,19-12-2024 09:26:32,MsiInstaller,1035,None,Windows Installer reconfigured the product. Product Name: SQL Server 2022 Database Engine Shared. Product Version: 16.0.1000.6. Product Language: 1033. Manufacturer: Microsoft Corporation. Reconfiguration success or error status: 0.
Information,19-12-2024 09:26:32,MsiInstaller,1035,None,Windows Installer reconfigured the product. Product Name: Python 3.12.1 Add to Path (64-bit). Product Version: 3.12.1150.0. Product Language: 1033. Manufacturer: Python Software Foundation. Reconfiguration success or error status: 0.
Information,19-12-2024 09:26:32,MsiInstaller,1035,None,Windows Installer reconfigured the product. Product Name: Microsoft Visual C++ 2012 x64 Additional Runtime - 11.0.61030. Product Version: 11.0.61030. Product Language: 1033. Manufacturer: Microsoft Corporation. Reconfiguration success or error status: 0.
Information,19-12-2024 09:26:32,MsiInstaller,1035,None,Windows Installer reconfigured the product. Product Name: Dell Digital Delivery Services. Product Version: 4.0.52.0. Product Language: 1033. Manufacturer: Dell Inc.. Reconfiguration success or error status: 0.
Information,19-12-2024 09:26:32,MsiInstaller,1035,None,Windows Installer reconfigured the product. Product Name: Dell SupportAssist Remediation. Product Version: 5.1.1.11877. Product Language: 1033. Manufacturer: Dell Inc.. Reconfiguration success or error status: 0.
Information,19-12-2024 09:26:32,MsiInstaller,1035,None,Windows Installer reconfigured the product. Product Name: Microsoft Visual C++ 2013 x64 Minimum Runtime - 12.0.21005. Product Version: 12.0.21005. Product Language: 1033. Manufacturer: Microsoft Corporation. Reconfiguration success or error status: 0.
Information,19-12-2024 09:26:32,MsiInstaller,1035,None,Windows Installer reconfigured the product. Product Name: Microsoft Visual C++ 2008 Redistributable - x86 9.0.30729.6161. Product Version: 9.0.30729.6161. Product Language: 1033. Manufacturer: Microsoft Corporation. Reconfiguration success or error status: 0.
Information,19-12-2024 09:26:32,MsiInstaller,1035,None,Windows Installer reconfigured the product. Product Name: SQL Server 2022 DMF. Product Version: 16.0.1000.6. Product Language: 1033. Manufacturer: Microsoft Corporation. Reconfiguration success or error status: 0.
Information,19-12-2024 09:26:32,MsiInstaller,1035,None,Windows Installer reconfigured the product. Product Name: Intel(R) Management Engine Driver. Product Version: 1.0.0.0. Product Language: 1033. Manufacturer: Intel Corporation. Reconfiguration success or error status: 0.
Information,19-12-2024 09:26:32,MsiInstaller,1035,None,Windows Installer reconfigured the product. Product Name: Microsoft Visual C++ 2013 x64 Additional Runtime - 12.0.21005. Product Version: 12.0.21005. Product Language: 1033. Manufacturer: Microsoft Corporation. Reconfiguration success or error status: 0.
Information,19-12-2024 09:26:32,MsiInstaller,1035,None,Windows Installer reconfigured the product. Product Name: Microsoft Help Viewer 2.3. Product Version: 2.3.28307. Product Language: 1033. Manufacturer: Microsoft Corporation. Reconfiguration success or error status: 0.
Information,19-12-2024 09:26:32,MsiInstaller,1035,None,Windows Installer reconfigured the product. Product Name: Browser for SQL Server 2022. Product Version: 16.0.1000.6. Product Language: 1033. Manufacturer: Microsoft Corporation. Reconfiguration success or error status: 0.
Information,19-12-2024 09:26:32,MsiInstaller,1035,None,Windows Installer reconfigured the product. Product Name: Microsoft Analysis Services OLE DB Provider. Product Version: 16.0.5143.0. Product Language: 1033. Manufacturer: Microsoft Corporation. Reconfiguration success or error status: 0.
Information,19-12-2024 09:26:32,MsiInstaller,1033,None,Windows Installer installed the product. Product Name: SQL Server 2022 Database Engine Services. Product Version: 16.0.1000.6. Product Language: 1033. Manufacturer: Microsoft Corporation. Installation success or error status: 0.
Information,19-12-2024 09:26:32,MsiInstaller,1035,None,Windows Installer reconfigured the product. Product Name: Microsoft Integration Runtime. Product Version: 5.48.9076.1. Product Language: 1033. Manufacturer: Microsoft Corporation. Reconfiguration success or error status: 0.
Information,19-12-2024 09:26:32,MsiInstaller,1035,None,Windows Installer reconfigured the product. Product Name: SQL Server 2022 Shared Management Objects Extensions. Product Version: 16.0.1000.6. Product Language: 1033. Manufacturer: Microsoft Corporation. Reconfiguration success or error status: 0.
Information,19-12-2024 09:26:32,MsiInstaller,1035,None,Windows Installer reconfigured the product. Product Name: SQL Server 2022 Common Files. Product Version: 16.0.1000.6. Product Language: 1033. Manufacturer: Microsoft Corporation. Reconfiguration success or error status: 0.
Information,19-12-2024 09:26:32,MsiInstaller,1035,None,Windows Installer reconfigured the product. Product Name: Intel(R) Icls. Product Version: 1.0.0.0. Product Language: 1033. Manufacturer: Intel Corporation. Reconfiguration success or error status: 0.
Information,19-12-2024 09:26:32,MsiInstaller,1035,None,Windows Installer reconfigured the product. Product Name: Microsoft Visual Studio Tools for Applications 2019 x86 Hosting Support. Product Version: 16.0.31110. Product Language: 1033. Manufacturer: Microsoft Corporation. Reconfiguration success or error status: 0.
Information,19-12-2024 09:26:31,MsiInstaller,1035,None,Windows Installer reconfigured the product. Product Name: Microsoft Visual C++ 2022 X64 Additional Runtime - 14.32.31332. Product Version: 14.32.31332. Product Language: 1033. Manufacturer: Microsoft Corporation. Reconfiguration success or error status: 0.
Information,19-12-2024 09:26:31,MsiInstaller,1035,None,Windows Installer reconfigured the product. Product Name: Python 3.12.1 Standard Library (64-bit). Product Version: 3.12.1150.0. Product Language: 1033. Manufacturer: Python Software Foundation. Reconfiguration success or error status: 0.
Information,19-12-2024 09:26:31,MsiInstaller,1035,None,Windows Installer reconfigured the product. Product Name: Python Launcher. Product Version: 3.12.1150.0. Product Language: 1033. Manufacturer: Python Software Foundation. Reconfiguration success or error status: 0.
Information,19-12-2024 09:26:31,MsiInstaller,1035,None,Windows Installer reconfigured the product. Product Name: Python 3.12.1 Core Interpreter (64-bit). Product Version: 3.12.1150.0. Product Language: 1033. Manufacturer: Python Software Foundation. Reconfiguration success or error status: 0.
Information,19-12-2024 09:26:31,MsiInstaller,1035,None,Windows Installer reconfigured the product. Product Name: Dell SupportAssist. Product Version: 3.12.2.40. Product Language: 1033. Manufacturer: Dell Inc.. Reconfiguration success or error status: 0.
Information,19-12-2024 09:26:31,MsiInstaller,1035,None,Windows Installer reconfigured the product. Product Name: Microsoft Visual Studio Tools for Applications 2019 x64 Hosting Support. Product Version: 16.0.31110. Product Language: 1033. Manufacturer: Microsoft Corporation. Reconfiguration success or error status: 0.
Information,19-12-2024 09:26:31,MsiInstaller,1035,None,Windows Installer reconfigured the product. Product Name: SQL Server 2022 Connection Info. Product Version: 16.0.1000.6. Product Language: 1033. Manufacturer: Microsoft Corporation. Reconfiguration success or error status: 0.
Information,19-12-2024 09:26:31,MsiInstaller,1035,None,Windows Installer reconfigured the product. Product Name: Microsoft OLE DB Driver for SQL Server. Product Version: 18.7.4.0. Product Language: 1033. Manufacturer: Microsoft Corporation. Reconfiguration success or error status: 0.
Information,19-12-2024 09:26:31,MsiInstaller,1035,None,Windows Installer reconfigured the product. Product Name: Microsoft Analysis Services OLE DB Provider. Product Version: 16.0.5143.0. Product Language: 1033. Manufacturer: Microsoft Corporation. Reconfiguration success or error status: 0.
Information,19-12-2024 09:26:31,MsiInstaller,1035,None,Windows Installer reconfigured the product. Product Name: SQL Server 2022 Connection Info. Product Version: 16.0.1000.6. Product Language: 1033. Manufacturer: Microsoft Corporation. Reconfiguration success or error status: 0.
Information,19-12-2024 09:26:31,MsiInstaller,1035,None,Windows Installer reconfigured the product. Product Name: Microsoft Visual C++ 2022 X86 Additional Runtime - 14.30.30708. Product Version: 14.30.30708. Product Language: 1033. Manufacturer: Microsoft Corporation. Reconfiguration success or error status: 0.
Information,19-12-2024 09:26:31,MsiInstaller,1035,None,Windows Installer reconfigured the product. Product Name: Python 3.12.1 Tcl/Tk Support (64-bit). Product Version: 3.12.1150.0. Product Language: 1033. Manufacturer: Python Software Foundation. Reconfiguration success or error status: 0.
Information,19-12-2024 09:26:31,MsiInstaller,1035,None,Windows Installer reconfigured the product. Product Name: Python 3.12.1 Documentation (64-bit). Product Version: 3.12.1150.0. Product Language: 1033. Manufacturer: Python Software Foundation. Reconfiguration success or error status: 0.
Information,19-12-2024 09:26:31,MsiInstaller,1035,None,Windows Installer reconfigured the product. Product Name: Microsoft Visual C++ 2013 x86 Additional Runtime - 12.0.21005. Product Version: 12.0.21005. Product Language: 1033. Manufacturer: Microsoft Corporation. Reconfiguration success or error status: 0.
Information,19-12-2024 09:26:31,MsiInstaller,1035,None,Windows Installer reconfigured the product. Product Name: Microsoft Visual C++ 2013 x86 Minimum Runtime - 12.0.21005. Product Version: 12.0.21005. Product Language: 1033. Manufacturer: Microsoft Corporation. Reconfiguration success or error status: 0.
Information,19-12-2024 09:26:31,MsiInstaller,1035,None,Windows Installer reconfigured the product. Product Name: SQL Server 2022 Database Engine Shared. Product Version: 16.0.1000.6. Product Language: 1033. Manufacturer: Microsoft Corporation. Reconfiguration success or error status: 0.
Information,19-12-2024 09:26:31,MsiInstaller,1035,None,Windows Installer reconfigured the product. Product Name: SecureExamBrowser. Product Version: 1.4.7. Product Language: 1033. Manufacturer: Hirepro. Reconfiguration success or error status: 0.
Information,19-12-2024 09:26:31,MsiInstaller,1035,None,Windows Installer reconfigured the product. Product Name: Microsoft VC++ redistributables repacked.. Product Version: 12.0.0.0. Product Language: 1033. Manufacturer: Intel Corporation. Reconfiguration success or error status: 0.
Information,19-12-2024 09:26:31,MsiInstaller,1035,None,Windows Installer reconfigured the product. Product Name: SQL Server 2022 Shared Management Objects. Product Version: 16.0.1000.6. Product Language: 1033. Manufacturer: Microsoft Corporation. Reconfiguration success or error status: 0.
Information,19-12-2024 09:26:31,MsiInstaller,1035,None,Windows Installer reconfigured the product. Product Name: Intel(R) OEM Extension. Product Version: 1.0.0.0. Product Language: 1033. Manufacturer: Intel Corporation. Reconfiguration success or error status: 0.
Information,19-12-2024 09:26:31,MsiInstaller,1035,None,Windows Installer reconfigured the product. Product Name: Intel(R) Management Engine Components. Product Version: 1.0.0.0. Product Language: 1033. Manufacturer: Intel Corporation. Reconfiguration success or error status: 0.
Information,19-12-2024 09:26:31,MsiInstaller,1035,None,Windows Installer reconfigured the product. Product Name: SQL Server 2022 XEvent. Product Version: 16.0.1000.6. Product Language: 1033. Manufacturer: Microsoft Corporation. Reconfiguration success or error status: 0.
Information,19-12-2024 09:26:31,MsiInstaller,1035,None,Windows Installer reconfigured the product. Product Name: Dell Update - SupportAssist Update Plugin. Product Version: 5.1.1.11877. Product Language: 1033. Manufacturer: Dell Inc.. Reconfiguration success or error status: 0.
Information,19-12-2024 09:26:31,MsiInstaller,1035,None,Windows Installer reconfigured the product. Product Name: Windows Subsystem for Linux. Product Version: 2.0.14.0. Product Language: 1033. Manufacturer: Microsoft Corporation. Reconfiguration success or error status: 0.
Information,19-12-2024 09:26:31,MsiInstaller,1035,None,Windows Installer reconfigured the product. Product Name: Intel(R) LMS. Product Version: 1.0.0.0. Product Language: 1033. Manufacturer: Intel Corporation. Reconfiguration success or error status: 0.
Information,19-12-2024 09:26:31,MsiInstaller,1035,None,Windows Installer reconfigured the product. Product Name: Python 3.12.1 Test Suite (64-bit). Product Version: 3.12.1150.0. Product Language: 1033. Manufacturer: Python Software Foundation. Reconfiguration success or error status: 0.
Information,19-12-2024 09:26:31,MsiInstaller,1035,None,Windows Installer reconfigured the product. Product Name: Microsoft Visual C++ 2022 X64 Minimum Runtime - 14.32.31332. Product Version: 14.32.31332. Product Language: 1033. Manufacturer: Microsoft Corporation. Reconfiguration success or error status: 0.
Information,19-12-2024 09:26:31,MsiInstaller,1035,None,Windows Installer reconfigured the product. Product Name: Office 16 Click-to-Run Licensing Component. Product Version: 16.0.18227.20162. Product Language: 0. Manufacturer: Microsoft Corporation. Reconfiguration success or error status: 0.
Information,19-12-2024 09:26:31,MsiInstaller,1035,None,Windows Installer reconfigured the product. Product Name: Office 16 Click-to-Run Localization Component. Product Version: 16.0.12527.20482. Product Language: 1033. Manufacturer: Microsoft Corporation. Reconfiguration success or error status: 0.
Information,19-12-2024 09:26:30,MsiInstaller,1035,None,Windows Installer reconfigured the product. Product Name: Office 16 Click-to-Run Extensibility Component. Product Version: 16.0.18227.20082. Product Language: 0. Manufacturer: Microsoft Corporation. Reconfiguration success or error status: 0.
Information,19-12-2024 09:24:30,MSSQLSERVER,17890,Server,"A significant part of sql server process memory has been paged out. This may result in a performance degradation. Duration: 0 seconds. Working set (KB): 212180, committed (KB): 419084, memory utilization: 50%%."
Information,19-12-2024 09:12:14,MSSQLSERVER,25753,Server,XE session 'telemetry_xevents' started.
Information,19-12-2024 09:12:14,MSSQLSERVER,25754,Server,XE session 'telemetry_xevents' stopping.
Information,19-12-2024 09:07:58,Microsoft-Windows-Security-SPP,16384,None,Successfully scheduled Software Protection service for re-start at 2124-11-25T03:37:58Z. Reason: RulesEngine.
Information,19-12-2024 09:07:33,mc-wps-update,0,None,The operation completed successfully. 
Information,19-12-2024 09:07:22,Microsoft-Windows-Security-SPP,16394,None,Offline downlevel migration succeeded.
Information,19-12-2024 09:07:12,igccservice,0,None,PowerEvent handled successfully by the service.
Information,19-12-2024 09:07:12,Dell SupportAssist Remediation,0,None,PowerEvent handled successfully by the service.
Information,19-12-2024 09:07:12,Microsoft-Windows-Security-SPP,16384,None,Successfully scheduled Software Protection service for re-start at 2124-11-25T03:37:12Z. Reason: RulesEngine.
Information,19-12-2024 09:07:09,igccservice,0,None,PowerEvent handled successfully by the service.
Information,19-12-2024 09:07:09,Dell SupportAssist Remediation,0,None,PowerEvent handled successfully by the service.
Information,19-12-2024 09:06:33,mc-wps-update,0,None,The operation completed successfully. 
Information,19-12-2024 09:05:30,Microsoft-Windows-Security-SPP,16394,None,Offline downlevel migration succeeded.
Information,19-12-2024 09:02:32,SecurityCenter,15,None,Updated Windows Defender status successfully to SECURITY_PRODUCT_STATE_ON.
Information,19-12-2024 08:58:25,MSSQLSERVER,8128,Server,Using 'xplog70.dll' version '2022.160.1000' to execute extended stored procedure 'xp_msver'. This is an informational message only; no user action is required.
Information,19-12-2024 08:58:25,MSSQLSERVER,33090,Server,Attempting to load library 'xplog70.dll' into memory. This is an informational message only. No user action is required.
Information,19-12-2024 08:58:03,MSSQLSERVER,25753,Server,XE session 'telemetry_xevents' started.
Information,19-12-2024 08:58:02,MSSQLSERVER,25754,Server,XE session 'telemetry_xevents' stopping.
Information,19-12-2024 08:58:02,MSSQLSERVER,1,None,None
Information,19-12-2024 08:55:32,Microsoft-Windows-Security-SPP,16384,None,Successfully scheduled Software Protection service for re-start at 2124-11-25T03:25:32Z. Reason: RulesEngine.
Information,19-12-2024 08:54:58,Microsoft-Windows-Security-SPP,16394,None,Offline downlevel migration succeeded.
Information,19-12-2024 08:54:27,Microsoft-Windows-Security-SPP,903,None,"The Software Protection service has stopped.
"
Information,19-12-2024 08:54:27,Microsoft-Windows-Security-SPP,16384,None,Successfully scheduled Software Protection service for re-start at 2124-11-25T03:23:27Z. Reason: RulesEngine.
Information,19-12-2024 08:54:23,mc-wps-update,0,None,The operation completed successfully. 
Information,19-12-2024 08:53:23,mc-wps-update,0,None,The operation completed successfully. 
Warning,19-12-2024 08:53:02,Microsoft-Windows-Perflib,1008,None,"The Open procedure for service ""WmiApRpl"" in DLL ""C:\WINDOWS\system32\wbem\wmiaprpl.dll"" failed with error code The device is not ready.. Performance data for this service will not be available."
Information,19-12-2024 08:53:00,MSSQLSERVER,3408,Server,Recovery is complete. This is an informational message only. No user action is required.
Information,19-12-2024 08:53:00,MSSQLSERVER,9688,Server,Service Broker manager has started.
Information,19-12-2024 08:53:00,MSSQLSERVER,9666,Server,The Database Mirroring endpoint is in disabled or stopped state.
Information,19-12-2024 08:53:00,MSSQLSERVER,9666,Server,The Service Broker endpoint is in disabled or stopped state.
Information,19-12-2024 08:53:00,MSSQLSERVER,17117,Server,The tempdb database has 8 data file(s).
Error,19-12-2024 08:53:00,.NET Runtime,1023,None,"Description: A .NET application failed.
Application: SupportAssistAgent.exe
Path: C:\Program Files\Dell\SupportAssistAgent\bin\SupportAssistAgent.exe
Message: You must install or update .NET to run this application.

App: C:\Program Files\Dell\SupportAssistAgent\bin\SupportAssistAgent.exe
Architecture: x64
Framework: 'Microsoft.NETCore.App', version '6.0.0' (x64)
.NET location: C:\Program Files\dotnet\

The following frameworks were found:
  3.1.17 at [C:\Program Files\dotnet\shared\Microsoft.NETCore.App]
  8.0.8 at [C:\Program Files\dotnet\shared\Microsoft.NETCore.App]

Learn more:
https://aka.ms/dotnet/app-launch-failed

To install missing framework, download:
https://aka.ms/dotnet-core-applaunch?framework=Microsoft.NETCore.App&framework_version=6.0.0&arch=x64&rid=win-x64&os=win10

"
Information,19-12-2024 08:52:59,Microsoft-Windows-Security-SPP,902,None,"The Software Protection service has started.
10.0.22621.4601"
Information,19-12-2024 08:52:59,Microsoft-Windows-Security-SPP,1003,None,"The Software Protection service has completed licensing status check.
Application Id=55c92734-d682-4d71-983e-d6ec3f16059f
Licensing Status=
1: 0567073a-7d74-403b-b2d5-6b35da372d8d, 1, 0 [(0 [0xC004F014, 0, 0], [(?)(?)(?)(?)(?)(?)(?)(?)])(1 )(2 )(3 )]
2: 1b750385-9fe2-49a8-ab55-149d0546395b, 1, 0 [(0 [0xC004F014, 0, 0], [(?)(?)(?)(?)(?)(?)(?)(?)])(1 )(2 )(3 )]
3: 1d873132-f09f-4eb2-bf5a-2e4fb48935e8, 1, 0 [(0 [0xC004F014, 0, 0], [(?)(?)(?)(?)(?)(?)(?)(?)])(1 )(2 )(3 )]
4: 2b1f36bb-c1cd-4306-bf5c-a0367c2d97d8, 1, 0 [(0 [0xC004F014, 0, 0], [(?)(?)(?)(?)(?)(?)(?)(?)])(1 )(2 )(3 )]
5: 30d469c6-a78f-4476-b5c8-af78d5b6a5fb, 1, 0 [(0 [0xC004F014, 0, 0], [(?)(?)(?)(?)(?)(?)(?)(?)])(1 )(2 )(3 )]
6: 3ae2cc14-ab2d-41f4-972f-5e20142771dc, 1, 0 [(0 [0xC004F014, 0, 0], [(?)(?)(?)(?)(?)(?)(?)(?)])(1 )(2 )(3 )]
7: 4002e33a-524c-4100-8108-131a0d42c0ea, 1, 0 [(0 [0xC004F014, 0, 0], [(?)(?)(?)(?)(?)(?)(?)(?)])(1 )(2 )(3 )]
8: 411b3d4f-be6d-4a06-baaa-9cabfc256cae, 1, 0 [(0 [0xC004F014, 0, 0], [(?)(?)(?)(?)(?)(?)(?)(?)])(1 )(2 )(3 )]
9: 58e97c99-f377-4ef1-81d5-4ad5522b5fd8, 1, 0 [(0 [0xC004F014, 0, 0], [(?)(?)(?)(?)(?)(?)(?)(?)])(1 )(2 )(3 )]
10: 653098ee-780d-4863-8cf2-d18399ce413b, 1, 0 [(0 [0xC004F014, 0, 0], [(?)(?)(?)(?)(?)(?)(?)(?)])(1 )(2 )(3 )]
11: 71f411ae-7b4b-41bd-b68c-c519c499f950, 1, 0 [(0 [0xC004F014, 0, 0], [(?)(?)(?)(?)(?)(?)(?)(?)])(1 )(2 )(3 )]
12: 74436dbb-cc17-46de-867f-14906ba4a938, 1, 0 [(0 [0xC004F014, 0, 0], [(?)(?)(?)(?)(?)(?)(?)(?)])(1 )(2 )(3 )]
13: 8a292df8-d653-4057-8133-a0701792f912, 1, 0 [(0 [0xC004F014, 0, 0], [(?)(?)(?)(?)(?)(?)(?)(?)])(1 )(2 )(3 )]
14: 8db63db6-4f8f-46d6-a448-66444faaaa72, 1, 0 [(0 [0xC004F014, 0, 0], [(?)(?)(?)(?)(?)(?)(?)(?)])(1 )(2 )(3 )]
15: b0f8a518-2c58-4eb8-9319-084f0eb4ddc4, 1, 0 [(0 [0xC004F014, 0, 0], [(?)(?)(?)(?)(?)(?)(?)(?)])(1 )(2 )(3 )]
16: cd918a57-a41b-4c82-8dce-1a538e221a83, 1, 0 [(0 [0xC004F014, 0, 0], [(?)(?)(?)(?)(?)(?)(?)(?)])(1 )(2 )(3 )]
17: da9621af-f086-4244-b563-18611e51aa1a, 1, 0 [(0 [0xC004F014, 0, 0], [(?)(?)(?)(?)(?)(?)(?)(?)])(1 )(2 )(3 )]
18: e371d89a-73e8-4b24-a7ff-23a3641dd18e, 1, 0 [(0 [0xC004F014, 0, 0], [(?)(?)(?)(?)(?)(?)(?)(?)])(1 )(2 )(3 )]
19: ed799377-74b8-4989-a244-14d082e65972, 1, 1 [(0 )(1 )(2 [0x00000000, 1, 0], [(?)( 1 0x00000000)(?)(?)(?)(?)( 10 0x00000000 msft:rm/algorithm/flags/1.0)(?)])(3 )]

"
Information,19-12-2024 08:52:59,Microsoft-Windows-Security-SPP,1066,None,"Initialization status for service objects.
C:\WINDOWS\system32\sppwinob.dll, msft:spp/windowsfunctionality/agent/7.0, 0x00000000, 0x00000000
C:\WINDOWS\system32\sppobjs.dll, msft:rm/algorithm/inherited/1.0, 0x00000000, 0x00000000
C:\WINDOWS\system32\sppobjs.dll, msft:rm/algorithm/phone/1.0, 0x00000000, 0x00000000
C:\WINDOWS\system32\sppobjs.dll, msft:rm/algorithm/pkey/detect, 0x00000000, 0x00000000
C:\WINDOWS\system32\sppobjs.dll, msft:spp/ActionScheduler/1.0, 0x00000000, 0x00000000
C:\WINDOWS\system32\sppobjs.dll, msft:spp/TaskScheduler/1.0, 0x00000000, 0x00000000
C:\WINDOWS\system32\sppobjs.dll, msft:spp/statecollector/pkey, 0x00000000, 0x00000000
C:\WINDOWS\system32\sppobjs.dll, msft:spp/volume/services/kms/1.0, 0x00000000, 0x00000000
C:\WINDOWS\system32\sppobjs.dll, msft:spp/volume/services/kms/activationinfo/1.0, 0x00000000, 0x00000000
"
Information,19-12-2024 08:52:59,MSSQLSERVER,49930,Server,Parallel redo is shutdown for database 'AdventureWorks2022' with worker pool size [4].
Information,19-12-2024 08:52:59,MSSQLSERVER,49930,Server,Parallel redo is shutdown for database 'PetPals' with worker pool size [4].
Information,19-12-2024 08:52:59,MSSQLSERVER,49930,Server,Parallel redo is shutdown for database 'coding_challenge_car_rental_system' with worker pool size [4].
Information,19-12-2024 08:52:59,MSSQLSERVER,49930,Server,Parallel redo is shutdown for database 'Case_Study_1_OYO' with worker pool size [4].
Information,19-12-2024 08:52:59,MSSQLSERVER,17137,Server,Starting up database 'tempdb'.
Information,19-12-2024 08:52:59,MSSQLSERVER,49930,Server,Parallel redo is shutdown for database 'DE_Coding_Challenge_1' with worker pool size [4].
Information,19-12-2024 08:52:59,MSSQLSERVER,49930,Server,Parallel redo is shutdown for database 'employees' with worker pool size [4].
Information,19-12-2024 08:52:59,MSSQLSERVER,49930,Server,Parallel redo is shutdown for database 'PetPlas' with worker pool size [4].
Information,19-12-2024 08:52:59,MSSQLSERVER,49930,Server,Parallel redo is shutdown for database 'Python_Scenario_Based' with worker pool size [4].
Information,19-12-2024 08:52:59,MSSQLSERVER,49930,Server,Parallel redo is shutdown for database 'DE_Day_3' with worker pool size [4].
Information,19-12-2024 08:52:59,MSSQLSERVER,49930,Server,Parallel redo is started for database 'AdventureWorks2022' with worker pool size [4].
Information,19-12-2024 08:52:59,MSSQLSERVER,49930,Server,Parallel redo is shutdown for database 'DE_1' with worker pool size [4].
Information,19-12-2024 08:52:59,MSSQLSERVER,49930,Server,Parallel redo is shutdown for database 'projectdb' with worker pool size [4].
Information,19-12-2024 08:52:59,MSSQLSERVER,49930,Server,Parallel redo is shutdown for database 'Courrier_management_assignement' with worker pool size [4].
Information,19-12-2024 08:52:59,MSSQLSERVER,49930,Server,Parallel redo is started for database 'PetPals' with worker pool size [4].
Information,19-12-2024 08:52:59,MSSQLSERVER,49930,Server,Parallel redo is started for database 'DE_Coding_Challenge_1' with worker pool size [4].
Information,19-12-2024 08:52:59,MSSQLSERVER,49930,Server,Parallel redo is started for database 'Case_Study_1_OYO' with worker pool size [4].
Information,19-12-2024 08:52:59,MSSQLSERVER,49930,Server,Parallel redo is shutdown for database 'Assignment1' with worker pool size [4].
Information,19-12-2024 08:52:59,MSSQLSERVER,49930,Server,Parallel redo is started for database 'PetPlas' with worker pool size [4].
Information,19-12-2024 08:52:59,MSSQLSERVER,49930,Server,Parallel redo is started for database 'coding_challenge_car_rental_system' with worker pool size [4].
Information,19-12-2024 08:52:59,MSSQLSERVER,49930,Server,Parallel redo is started for database 'Python_Scenario_Based' with worker pool size [4].
Information,19-12-2024 08:52:59,MSSQLSERVER,49930,Server,Parallel redo is shutdown for database 'Assignment_Courrier_Management' with worker pool size [4].
Information,19-12-2024 08:52:59,MSSQLSERVER,49930,Server,Parallel redo is started for database 'employees' with worker pool size [4].
Information,19-12-2024 08:52:59,MSSQLSERVER,49930,Server,Parallel redo is started for database 'DE_Day_3' with worker pool size [4].
Information,19-12-2024 08:52:59,MSSQLSERVER,49930,Server,Parallel redo is shutdown for database 'carconnect_Casestudy' with worker pool size [4].
Information,19-12-2024 08:52:59,MSSQLSERVER,49930,Server,Parallel redo is started for database 'DE_1' with worker pool size [4].
Information,19-12-2024 08:52:59,MSSQLSERVER,49930,Server,Parallel redo is started for database 'projectdb' with worker pool size [4].
Information,19-12-2024 08:52:59,MSSQLSERVER,49930,Server,Parallel redo is shutdown for database 'pubs' with worker pool size [4].
Information,19-12-2024 08:52:59,MSSQLSERVER,49930,Server,Parallel redo is started for database 'Courrier_management_assignement' with worker pool size [4].
Information,19-12-2024 08:52:59,Microsoft-Windows-Security-SPP,16394,None,Offline downlevel migration succeeded.
Information,19-12-2024 08:52:59,MSSQLSERVER,49930,Server,Parallel redo is started for database 'carconnect_Casestudy' with worker pool size [4].
Information,19-12-2024 08:52:59,MSSQLSERVER,49930,Server,Parallel redo is started for database 'Assignment1' with worker pool size [4].
Information,19-12-2024 08:52:59,MSSQLSERVER,49930,Server,Parallel redo is started for database 'Assignment_Courrier_Management' with worker pool size [4].
Information,19-12-2024 08:52:58,MSSQLSERVER,49930,Server,Parallel redo is shutdown for database 'carconnect' with worker pool size [4].
Information,19-12-2024 08:52:58,MSSQLSERVER,49930,Server,Parallel redo is started for database 'pubs' with worker pool size [4].
Information,19-12-2024 08:52:58,MSSQLSERVER,49930,Server,Parallel redo is shutdown for database 'hexaware_test1' with worker pool size [4].
Information,19-12-2024 08:52:58,MSSQLSERVER,49930,Server,Parallel redo is shutdown for database 'mydb1' with worker pool size [4].
Information,19-12-2024 08:52:58,MSSQLSERVER,49930,Server,Parallel redo is shutdown for database 'casestudy_db' with worker pool size [4].
Information,19-12-2024 08:52:58,MSSQLSERVER,49930,Server,Parallel redo is shutdown for database 'mydb' with worker pool size [4].
Information,19-12-2024 08:52:58,MSSQLSERVER,49930,Server,Parallel redo is shutdown for database 'coding_Challenge2' with worker pool size [4].
Information,19-12-2024 08:52:58,MSSQLSERVER,49930,Server,Parallel redo is shutdown for database 'SISDB' with worker pool size [4].
Information,19-12-2024 08:52:58,MSSQLSERVER,49930,Server,Parallel redo is shutdown for database 'hexaware_test' with worker pool size [4].
Information,19-12-2024 08:52:58,MSSQLSERVER,49930,Server,Parallel redo is started for database 'carconnect' with worker pool size [4].
Information,19-12-2024 08:52:58,MSSQLSERVER,49930,Server,Parallel redo is started for database 'mydb1' with worker pool size [4].
Information,19-12-2024 08:52:58,MSSQLSERVER,49930,Server,Parallel redo is started for database 'casestudy_db' with worker pool size [4].
Information,19-12-2024 08:52:58,MSSQLSERVER,49930,Server,Parallel redo is started for database 'mydb' with worker pool size [4].
Information,19-12-2024 08:52:58,MSSQLSERVER,49930,Server,Parallel redo is shutdown for database 'Hexaware' with worker pool size [4].
Information,19-12-2024 08:52:58,MSSQLSERVER,49930,Server,Parallel redo is started for database 'SISDB' with worker pool size [4].
Information,19-12-2024 08:52:58,MSSQLSERVER,49930,Server,Parallel redo is started for database 'coding_Challenge2' with worker pool size [4].
Information,19-12-2024 08:52:58,MSSQLSERVER,49930,Server,Parallel redo is started for database 'hexaware_test1' with worker pool size [4].
Information,19-12-2024 08:52:58,MSSQLSERVER,49930,Server,Parallel redo is started for database 'hexaware_test' with worker pool size [4].
Information,19-12-2024 08:52:58,MSSQLSERVER,49930,Server,Parallel redo is started for database 'Hexaware' with worker pool size [4].
Information,19-12-2024 08:52:57,MSSQLSERVER,17137,Server,Starting up database 'employees'.
Information,19-12-2024 08:52:57,MSSQLSERVER,17137,Server,Starting up database 'DE_Coding_Challenge_1'.
Information,19-12-2024 08:52:57,MSSQLSERVER,17137,Server,Starting up database 'projectdb'.
Information,19-12-2024 08:52:57,MSSQLSERVER,17137,Server,Starting up database 'Python_Scenario_Based'.
Information,19-12-2024 08:52:57,MSSQLSERVER,17137,Server,Starting up database 'AdventureWorks2022'.
Information,19-12-2024 08:52:57,MSSQLSERVER,17137,Server,Starting up database 'DE_Day_3'.
Information,19-12-2024 08:52:57,MSSQLSERVER,17137,Server,Starting up database 'DE_1'.
Information,19-12-2024 08:52:57,MSSQLSERVER,17137,Server,Starting up database 'PetPlas'.
Information,19-12-2024 08:52:57,MSSQLSERVER,17137,Server,Starting up database 'Assignment_Courrier_Management'.
Information,19-12-2024 08:52:57,MSSQLSERVER,17137,Server,Starting up database 'Case_Study_1_OYO'.
Information,19-12-2024 08:52:57,MSSQLSERVER,17137,Server,Starting up database 'pubs'.
Information,19-12-2024 08:52:57,MSSQLSERVER,17137,Server,Starting up database 'PetPals'.
Information,19-12-2024 08:52:57,MSSQLSERVER,17137,Server,Starting up database 'Courrier_management_assignement'.
Information,19-12-2024 08:52:57,MSSQLSERVER,17137,Server,Starting up database 'carconnect_Casestudy'.
Information,19-12-2024 08:52:57,MSSQLSERVER,17137,Server,Starting up database 'carconnect'.
Information,19-12-2024 08:52:57,MSSQLSERVER,17137,Server,Starting up database 'coding_Challenge2'.
Information,19-12-2024 08:52:57,MSSQLSERVER,17137,Server,Starting up database 'coding_challenge_car_rental_system'.
Information,19-12-2024 08:52:57,MSSQLSERVER,17137,Server,Starting up database 'mydb1'.
Information,19-12-2024 08:52:57,MSSQLSERVER,17137,Server,Starting up database 'mydb'.
Information,19-12-2024 08:52:57,MSSQLSERVER,17137,Server,Starting up database 'casestudy_db'.
Information,19-12-2024 08:52:57,MSSQLSERVER,17137,Server,Starting up database 'SISDB'.
Information,19-12-2024 08:52:57,MSSQLSERVER,17137,Server,Starting up database 'Assignment1'.
Information,19-12-2024 08:52:57,MSSQLSERVER,17137,Server,Starting up database 'Hexaware'.
Information,19-12-2024 08:52:57,MSSQLSERVER,17137,Server,Starting up database 'hexaware_test'.
Information,19-12-2024 08:52:57,MSSQLSERVER,17137,Server,Starting up database 'hexaware_test1'.
Information,19-12-2024 08:52:57,MSSQLSERVER,17137,Server,Starting up database 'msdb'.
Information,19-12-2024 08:52:57,MSSQLSERVER,41111,Server,Always On: The availability replica manager is waiting for the instance of SQL Server to allow client connections. This is an informational message only. No user action is required.
Information,19-12-2024 08:52:57,MSSQLSERVER,41110,Server,Always On: The availability replica manager is starting. This is an informational message only. No user action is required.
Information,19-12-2024 08:52:57,MSSQLSERVER,17136,Server,Clearing tempdb database.
Information,19-12-2024 08:52:57,MSSQLSERVER,17663,Server,Server name is 'DESKTOP-OFHDUG6'. This is an informational message only. No user action is required.
Information,19-12-2024 08:52:57,MSSQLSERVER,19030,Server,"SQL Trace ID 1 was started by login ""sa""."
Information,19-12-2024 08:52:57,Microsoft-Windows-Security-SPP,900,None,"The Software Protection service is starting.
Parameters:<explicit>"
Information,19-12-2024 08:52:57,MSSQLSERVER,25753,Server,XE session 'telemetry_xevents' started.
Information,19-12-2024 08:52:57,MSSQLSERVER,25753,Server,XE session 'system_health' started.
Information,19-12-2024 08:52:57,MSSQLSERVER,33218,Server,SQL Server Audit has started the audits. This is an informational message. No user action is required.
Information,19-12-2024 08:52:57,MSSQLSERVER,33217,Server,SQL Server Audit is starting the audits. This is an informational message. No user action is required.
Information,19-12-2024 08:52:57,MSSQLSERVER,10981,Server,Resource governor reconfiguration succeeded.
Information,19-12-2024 08:52:57,MSSQLSERVER,26067,Server,"The SQL Server Network Interface library could not register the Service Principal Name (SPN) [ MSSQLSvc/DESKTOP-OFHDUG6 ] for the SQL Server service. Windows return code: 0xffffffff, state: 63. Failure to register a SPN might cause integrated authentication to use NTLM instead of Kerberos. This is an informational message. Further action is only required if Kerberos authentication is required by authentication policies and if the SPN has not been manually registered."
